[2024-06-25T12:59:55.599+0000] {manager.py:487} INFO - Processing files using up to 2 processes at a time 
[2024-06-25T12:59:55.600+0000] {manager.py:488} INFO - Process each file at most once every 30 seconds
[2024-06-25T12:59:55.601+0000] {manager.py:489} INFO - Checking for new files in /opt/airflow/dags every 300 seconds
[2024-06-25T12:59:55.601+0000] {manager.py:759} INFO - Searching for files in /opt/airflow/dags
[2024-06-25T12:59:55.627+0000] {manager.py:762} INFO - There are 3 files in /opt/airflow/dags
[2024-06-25T12:59:59.515+0000] {manager.py:893} INFO - 
================================================================================
DAG File Processing Stats

File Path                             PID  Runtime      # DAGs    # Errors  Last Runtime    Last Run
----------------------------------  -----  ---------  --------  ----------  --------------  ----------
/opt/airflow/dags/spark_airflow.py    175  0.14s             0           0
/opt/airflow/dags/spark.py                                   0           0
/opt/airflow/dags/gcp.py              178  0.11s             0           0
================================================================================
[2024-06-25T13:00:30.257+0000] {manager.py:893} INFO - 
================================================================================
DAG File Processing Stats

File Path                             PID  Runtime      # DAGs    # Errors  Last Runtime    Last Run
----------------------------------  -----  ---------  --------  ----------  --------------  -------------------
/opt/airflow/dags/spark_airflow.py    190  0.07s             1           0  0.48s           2024-06-25T12:59:59
/opt/airflow/dags/spark.py                                   1           0  0.14s           2024-06-25T12:59:59
/opt/airflow/dags/gcp.py              193  0.01s             1           0  0.43s           2024-06-25T12:59:59
================================================================================
[2024-06-25T13:01:01.206+0000] {manager.py:893} INFO - 
================================================================================
DAG File Processing Stats

File Path                             PID  Runtime      # DAGs    # Errors  Last Runtime    Last Run
----------------------------------  -----  ---------  --------  ----------  --------------  -------------------
/opt/airflow/dags/spark_airflow.py    205  0.05s             1           0  0.44s           2024-06-25T13:00:30
/opt/airflow/dags/spark.py                                   1           0  0.06s           2024-06-25T13:00:30
/opt/airflow/dags/gcp.py              208  0.01s             1           0  0.39s           2024-06-25T13:00:30
================================================================================
[2024-06-25T13:01:32.212+0000] {manager.py:893} INFO - 
================================================================================
DAG File Processing Stats

File Path                             PID  Runtime      # DAGs    # Errors  Last Runtime    Last Run
----------------------------------  -----  ---------  --------  ----------  --------------  -------------------
/opt/airflow/dags/spark_airflow.py    220  0.08s             1           0  0.59s           2024-06-25T13:01:01
/opt/airflow/dags/spark.py                                   1           0  0.06s           2024-06-25T13:01:01
/opt/airflow/dags/gcp.py              223  0.01s             1           0  0.55s           2024-06-25T13:01:01
================================================================================
[2024-06-25T13:02:02.955+0000] {manager.py:893} INFO - 
================================================================================
DAG File Processing Stats

File Path                             PID  Runtime      # DAGs    # Errors  Last Runtime    Last Run
----------------------------------  -----  ---------  --------  ----------  --------------  -------------------
/opt/airflow/dags/spark_airflow.py    235  0.07s             1           0  0.27s           2024-06-25T13:01:32
/opt/airflow/dags/spark.py                                   1           0  0.06s           2024-06-25T13:01:32
/opt/airflow/dags/gcp.py              238  0.01s             1           0  0.20s           2024-06-25T13:01:32
================================================================================
[2024-06-25T13:02:33.659+0000] {manager.py:893} INFO - 
================================================================================
DAG File Processing Stats

File Path                             PID  Runtime      # DAGs    # Errors  Last Runtime    Last Run
----------------------------------  -----  ---------  --------  ----------  --------------  -------------------
/opt/airflow/dags/spark_airflow.py    250  0.07s             1           0  0.21s           2024-06-25T13:02:03
/opt/airflow/dags/spark.py                                   1           0  0.06s           2024-06-25T13:02:03
/opt/airflow/dags/gcp.py              253  0.02s             1           0  0.14s           2024-06-25T13:02:03
================================================================================
[2024-06-25T13:03:04.439+0000] {manager.py:893} INFO - 
================================================================================
DAG File Processing Stats

File Path                             PID  Runtime      # DAGs    # Errors  Last Runtime    Last Run
----------------------------------  -----  ---------  --------  ----------  --------------  -------------------
/opt/airflow/dags/spark_airflow.py    265  0.09s             1           0  0.23s           2024-06-25T13:02:33
/opt/airflow/dags/spark.py                                   1           0  0.05s           2024-06-25T13:02:33
/opt/airflow/dags/gcp.py              268  0.01s             1           0  0.17s           2024-06-25T13:02:33
================================================================================
[2024-06-25T13:03:35.183+0000] {manager.py:893} INFO - 
================================================================================
DAG File Processing Stats

File Path                             PID  Runtime      # DAGs    # Errors  Last Runtime    Last Run
----------------------------------  -----  ---------  --------  ----------  --------------  -------------------
/opt/airflow/dags/spark_airflow.py    339  0.03s             1           0  0.42s           2024-06-25T13:03:04
/opt/airflow/dags/spark.py                                   1           0  0.06s           2024-06-25T13:03:04
/opt/airflow/dags/gcp.py              341  0.01s             1           0  0.34s           2024-06-25T13:03:04
================================================================================
[2024-06-25T13:04:06.082+0000] {manager.py:893} INFO - 
================================================================================
DAG File Processing Stats

File Path                             PID  Runtime      # DAGs    # Errors  Last Runtime    Last Run
----------------------------------  -----  ---------  --------  ----------  --------------  -------------------
/opt/airflow/dags/spark_airflow.py    648  0.09s             1           0  0.13s           2024-06-25T13:03:35
/opt/airflow/dags/spark.py                                   1           0  0.06s           2024-06-25T13:03:35
/opt/airflow/dags/gcp.py              651  0.01s             1           0  0.11s           2024-06-25T13:03:35
================================================================================
[2024-06-25T13:04:36.999+0000] {manager.py:893} INFO - 
================================================================================
DAG File Processing Stats

File Path                             PID  Runtime      # DAGs    # Errors  Last Runtime    Last Run
----------------------------------  -----  ---------  --------  ----------  --------------  -------------------
/opt/airflow/dags/spark_airflow.py   1091  0.03s             1           0  0.43s           2024-06-25T13:04:06
/opt/airflow/dags/spark.py                                   1           0  0.16s           2024-06-25T13:04:06
/opt/airflow/dags/gcp.py             1093  0.01s             1           0  0.32s           2024-06-25T13:04:06
================================================================================
[2024-06-25T13:04:55.619+0000] {manager.py:759} INFO - Searching for files in /opt/airflow/dags
[2024-06-25T13:04:55.638+0000] {manager.py:762} INFO - There are 3 files in /opt/airflow/dags
[2024-06-25T13:05:08.022+0000] {manager.py:893} INFO - 
================================================================================
DAG File Processing Stats

File Path                             PID  Runtime      # DAGs    # Errors  Last Runtime    Last Run
----------------------------------  -----  ---------  --------  ----------  --------------  -------------------
/opt/airflow/dags/spark_airflow.py   1608  0.05s             1           0  0.22s           2024-06-25T13:04:37
/opt/airflow/dags/spark.py                                   1           0  0.13s           2024-06-25T13:04:37
/opt/airflow/dags/gcp.py             1610  0.02s             1           0  0.19s           2024-06-25T13:04:37
================================================================================
[2024-06-25T13:05:38.321+0000] {manager.py:893} INFO - 
================================================================================
DAG File Processing Stats

File Path                           PID    Runtime      # DAGs    # Errors  Last Runtime    Last Run
----------------------------------  -----  ---------  --------  ----------  --------------  -------------------
/opt/airflow/dags/spark_airflow.py                           1           0  0.81s           2024-06-25T13:05:08
/opt/airflow/dags/spark.py                                   1           0  0.14s           2024-06-25T13:05:08
/opt/airflow/dags/gcp.py                                     1           0  0.79s           2024-06-25T13:05:08
================================================================================
[2024-06-25T13:06:09.271+0000] {manager.py:893} INFO - 
================================================================================
DAG File Processing Stats

File Path                           PID    Runtime      # DAGs    # Errors  Last Runtime    Last Run
----------------------------------  -----  ---------  --------  ----------  --------------  -------------------
/opt/airflow/dags/spark_airflow.py                           1           0  1.92s           2024-06-25T13:05:41
/opt/airflow/dags/spark.py                                   1           0  1.66s           2024-06-25T13:05:43
/opt/airflow/dags/gcp.py                                     1           0  1.43s           2024-06-25T13:05:41
================================================================================
[2024-06-25T13:06:39.741+0000] {manager.py:893} INFO - 
================================================================================
DAG File Processing Stats

File Path                           PID    Runtime      # DAGs    # Errors  Last Runtime    Last Run
----------------------------------  -----  ---------  --------  ----------  --------------  -------------------
/opt/airflow/dags/spark_airflow.py                           1           0  0.42s           2024-06-25T13:06:12
/opt/airflow/dags/spark.py                                   1           0  0.07s           2024-06-25T13:06:13
/opt/airflow/dags/gcp.py                                     1           0  0.36s           2024-06-25T13:06:12
================================================================================
[2024-06-25T13:07:10.265+0000] {manager.py:893} INFO - 
================================================================================
DAG File Processing Stats

File Path                           PID    Runtime      # DAGs    # Errors  Last Runtime    Last Run
----------------------------------  -----  ---------  --------  ----------  --------------  -------------------
/opt/airflow/dags/spark_airflow.py                           1           0  0.25s           2024-06-25T13:06:43
/opt/airflow/dags/spark.py                                   1           0  0.08s           2024-06-25T13:06:43
/opt/airflow/dags/gcp.py                                     1           0  0.20s           2024-06-25T13:06:43
================================================================================
[2024-06-25T13:07:40.771+0000] {manager.py:893} INFO - 
================================================================================
DAG File Processing Stats

File Path                           PID    Runtime      # DAGs    # Errors  Last Runtime    Last Run
----------------------------------  -----  ---------  --------  ----------  --------------  -------------------
/opt/airflow/dags/spark_airflow.py                           1           0  0.27s           2024-06-25T13:07:13
/opt/airflow/dags/spark.py                                   1           0  0.11s           2024-06-25T13:07:14
/opt/airflow/dags/gcp.py                                     1           0  0.21s           2024-06-25T13:07:13
================================================================================
[2024-06-25T13:08:11.304+0000] {manager.py:893} INFO - 
================================================================================
DAG File Processing Stats

File Path                           PID    Runtime      # DAGs    # Errors  Last Runtime    Last Run
----------------------------------  -----  ---------  --------  ----------  --------------  -------------------
/opt/airflow/dags/spark_airflow.py                           1           0  0.21s           2024-06-25T13:07:44
/opt/airflow/dags/spark.py                                   1           0  0.09s           2024-06-25T13:07:45
/opt/airflow/dags/gcp.py                                     1           0  0.19s           2024-06-25T13:07:44
================================================================================
[2024-06-25T13:08:41.887+0000] {manager.py:893} INFO - 
================================================================================
DAG File Processing Stats

File Path                           PID    Runtime      # DAGs    # Errors  Last Runtime    Last Run
----------------------------------  -----  ---------  --------  ----------  --------------  -------------------
/opt/airflow/dags/spark_airflow.py                           1           0  0.22s           2024-06-25T13:08:14
/opt/airflow/dags/spark.py                                   1           0  0.10s           2024-06-25T13:08:15
/opt/airflow/dags/gcp.py                                     1           0  0.18s           2024-06-25T13:08:14
================================================================================
[2024-06-25T13:09:12.456+0000] {manager.py:893} INFO - 
================================================================================
DAG File Processing Stats

File Path                           PID    Runtime      # DAGs    # Errors  Last Runtime    Last Run
----------------------------------  -----  ---------  --------  ----------  --------------  -------------------
/opt/airflow/dags/spark_airflow.py                           1           0  0.19s           2024-06-25T13:08:45
/opt/airflow/dags/spark.py                                   1           0  0.10s           2024-06-25T13:08:46
/opt/airflow/dags/gcp.py                                     1           0  0.17s           2024-06-25T13:08:45
================================================================================
[2024-06-25T13:09:43.189+0000] {manager.py:893} INFO - 
================================================================================
DAG File Processing Stats

File Path                           PID    Runtime      # DAGs    # Errors  Last Runtime    Last Run
----------------------------------  -----  ---------  --------  ----------  --------------  -------------------
/opt/airflow/dags/spark_airflow.py                           1           0  0.27s           2024-06-25T13:09:15
/opt/airflow/dags/spark.py                                   1           0  0.25s           2024-06-25T13:09:16
/opt/airflow/dags/gcp.py                                     1           0  0.24s           2024-06-25T13:09:15
================================================================================
[2024-06-25T13:09:56.498+0000] {manager.py:759} INFO - Searching for files in /opt/airflow/dags
[2024-06-25T13:09:56.540+0000] {manager.py:762} INFO - There are 3 files in /opt/airflow/dags
[2024-06-25T13:10:13.829+0000] {manager.py:893} INFO - 
================================================================================
DAG File Processing Stats

File Path                           PID    Runtime      # DAGs    # Errors  Last Runtime    Last Run
----------------------------------  -----  ---------  --------  ----------  --------------  -------------------
/opt/airflow/dags/spark_airflow.py                           1           0  0.24s           2024-06-25T13:09:46
/opt/airflow/dags/spark.py                                   1           0  0.12s           2024-06-25T13:09:47
/opt/airflow/dags/gcp.py                                     1           0  0.17s           2024-06-25T13:09:46
================================================================================
[2024-06-25T13:10:44.464+0000] {manager.py:893} INFO - 
================================================================================
DAG File Processing Stats

File Path                           PID    Runtime      # DAGs    # Errors  Last Runtime    Last Run
----------------------------------  -----  ---------  --------  ----------  --------------  -------------------
/opt/airflow/dags/spark_airflow.py                           1           0  0.22s           2024-06-25T13:10:17
/opt/airflow/dags/spark.py                                   1           0  0.09s           2024-06-25T13:10:18
/opt/airflow/dags/gcp.py                                     1           0  0.17s           2024-06-25T13:10:17
================================================================================
[2024-06-25T13:11:15.051+0000] {manager.py:893} INFO - 
================================================================================
DAG File Processing Stats

File Path                           PID    Runtime      # DAGs    # Errors  Last Runtime    Last Run
----------------------------------  -----  ---------  --------  ----------  --------------  -------------------
/opt/airflow/dags/spark_airflow.py                           1           0  0.24s           2024-06-25T13:10:47
/opt/airflow/dags/spark.py                                   1           0  0.12s           2024-06-25T13:10:48
/opt/airflow/dags/gcp.py                                     1           0  0.17s           2024-06-25T13:10:47
================================================================================
[2024-06-25T13:11:45.560+0000] {manager.py:893} INFO - 
================================================================================
DAG File Processing Stats

File Path                           PID    Runtime      # DAGs    # Errors  Last Runtime    Last Run
----------------------------------  -----  ---------  --------  ----------  --------------  -------------------
/opt/airflow/dags/spark_airflow.py                           1           0  0.23s           2024-06-25T13:11:18
/opt/airflow/dags/spark.py                                   1           0  0.08s           2024-06-25T13:11:19
/opt/airflow/dags/gcp.py                                     1           0  0.18s           2024-06-25T13:11:18
================================================================================
[2024-06-25T13:12:16.329+0000] {manager.py:893} INFO - 
================================================================================
DAG File Processing Stats

File Path                           PID    Runtime      # DAGs    # Errors  Last Runtime    Last Run
----------------------------------  -----  ---------  --------  ----------  --------------  -------------------
/opt/airflow/dags/spark_airflow.py                           1           0  0.21s           2024-06-25T13:11:48
/opt/airflow/dags/spark.py                                   1           0  0.12s           2024-06-25T13:11:49
/opt/airflow/dags/gcp.py                                     1           0  0.15s           2024-06-25T13:11:48
================================================================================
[2024-06-25T13:12:46.880+0000] {manager.py:893} INFO - 
================================================================================
DAG File Processing Stats

File Path                           PID    Runtime      # DAGs    # Errors  Last Runtime    Last Run
----------------------------------  -----  ---------  --------  ----------  --------------  -------------------
/opt/airflow/dags/spark_airflow.py                           1           0  0.27s           2024-06-25T13:12:19
/opt/airflow/dags/spark.py                                   1           0  0.12s           2024-06-25T13:12:20
/opt/airflow/dags/gcp.py                                     1           0  0.23s           2024-06-25T13:12:19
================================================================================
