[2024-06-25T13:03:38.480+0000] {taskinstance.py:1157} INFO - Dependencies all met for dep_context=non-requeueable deps ti=<TaskInstance: spark_flow.spark.spark_extract.extract_dim_products_job manual__2024-06-25T13:03:07.481260+00:00 [queued]>
[2024-06-25T13:03:38.483+0000] {taskinstance.py:1157} INFO - Dependencies all met for dep_context=requeueable deps ti=<TaskInstance: spark_flow.spark.spark_extract.extract_dim_products_job manual__2024-06-25T13:03:07.481260+00:00 [queued]>
[2024-06-25T13:03:38.483+0000] {taskinstance.py:1359} INFO - Starting attempt 1 of 1
[2024-06-25T13:03:38.488+0000] {taskinstance.py:1380} INFO - Executing <Task(SparkSubmitOperator): spark.spark_extract.extract_dim_products_job> on 2024-06-25 13:03:07.481260+00:00
[2024-06-25T13:03:38.494+0000] {standard_task_runner.py:57} INFO - Started process 361 to run task
[2024-06-25T13:03:38.496+0000] {standard_task_runner.py:84} INFO - Running: ['***', 'tasks', 'run', 'spark_flow', 'spark.spark_extract.extract_dim_products_job', 'manual__2024-06-25T13:03:07.481260+00:00', '--job-id', '18', '--raw', '--subdir', 'DAGS_FOLDER/spark_***.py', '--cfg-path', '/tmp/tmprenhdr3q']
[2024-06-25T13:03:38.498+0000] {standard_task_runner.py:85} INFO - Job 18: Subtask spark.spark_extract.extract_dim_products_job
[2024-06-25T13:03:38.523+0000] {task_command.py:415} INFO - Running <TaskInstance: spark_flow.spark.spark_extract.extract_dim_products_job manual__2024-06-25T13:03:07.481260+00:00 [running]> on host e32126fe0c41
[2024-06-25T13:03:38.557+0000] {taskinstance.py:1660} INFO - Exporting env vars: AIRFLOW_CTX_DAG_OWNER='Maulana Ahmad Maliki' AIRFLOW_CTX_DAG_ID='spark_flow' AIRFLOW_CTX_TASK_ID='spark.spark_extract.extract_dim_products_job' AIRFLOW_CTX_EXECUTION_DATE='2024-06-25T13:03:07.481260+00:00' AIRFLOW_CTX_TRY_NUMBER='1' AIRFLOW_CTX_DAG_RUN_ID='manual__2024-06-25T13:03:07.481260+00:00'
[2024-06-25T13:03:38.564+0000] {base.py:73} INFO - Using connection ID 'spark-conn' for task execution.
[2024-06-25T13:03:38.565+0000] {spark_submit.py:401} INFO - Spark-Submit cmd: spark-submit --master spark://spark-master:7077 --driver-class-path spark/resources/jars/postgresql-42.7.3.jar --jars spark/resources/jars/postgresql-42.7.3.jar --total-executor-cores 4 --executor-cores 2 --executor-memory 2g --driver-memory 1g --name arrow-spark --deploy-mode client spark/jobs/extract.py jdbc:postgresql://postgres-staging:5432/staging_db admin admin products dim_products
[2024-06-25T13:03:38.698+0000] {spark_submit.py:571} INFO - /home/***/.local/lib/python3.11/site-packages/pyspark/bin/load-spark-env.sh: line 68: ps: command not found
[2024-06-25T13:03:40.564+0000] {spark_submit.py:571} INFO - 24/06/25 13:03:40 WARN NativeCodeLoader: Unable to load native-hadoop library for your platform... using builtin-java classes where applicable
[2024-06-25T13:03:41.515+0000] {spark_submit.py:571} INFO - 24/06/25 13:03:41 INFO SparkContext: Running Spark version 3.5.1
[2024-06-25T13:03:41.515+0000] {spark_submit.py:571} INFO - 24/06/25 13:03:41 INFO SparkContext: OS info Linux, 6.4.16-linuxkit, aarch64
[2024-06-25T13:03:41.515+0000] {spark_submit.py:571} INFO - 24/06/25 13:03:41 INFO SparkContext: Java version 11.0.23
[2024-06-25T13:03:41.539+0000] {spark_submit.py:571} INFO - 24/06/25 13:03:41 INFO ResourceUtils: ==============================================================
[2024-06-25T13:03:41.540+0000] {spark_submit.py:571} INFO - 24/06/25 13:03:41 INFO ResourceUtils: No custom resources configured for spark.driver.
[2024-06-25T13:03:41.540+0000] {spark_submit.py:571} INFO - 24/06/25 13:03:41 INFO ResourceUtils: ==============================================================
[2024-06-25T13:03:41.540+0000] {spark_submit.py:571} INFO - 24/06/25 13:03:41 INFO SparkContext: Submitted application: PostgreSQL to PySpark products
[2024-06-25T13:03:41.554+0000] {spark_submit.py:571} INFO - 24/06/25 13:03:41 INFO ResourceProfile: Default ResourceProfile created, executor resources: Map(cores -> name: cores, amount: 2, script: , vendor: , memory -> name: memory, amount: 2048, script: , vendor: , offHeap -> name: offHeap, amount: 0, script: , vendor: ), task resources: Map(cpus -> name: cpus, amount: 1.0)
[2024-06-25T13:03:41.562+0000] {spark_submit.py:571} INFO - 24/06/25 13:03:41 INFO ResourceProfile: Limiting resource is cpus at 2 tasks per executor
[2024-06-25T13:03:41.562+0000] {spark_submit.py:571} INFO - 24/06/25 13:03:41 INFO ResourceProfileManager: Added ResourceProfile id: 0
[2024-06-25T13:03:41.657+0000] {spark_submit.py:571} INFO - 24/06/25 13:03:41 INFO SecurityManager: Changing view acls to: ***
[2024-06-25T13:03:41.658+0000] {spark_submit.py:571} INFO - 24/06/25 13:03:41 INFO SecurityManager: Changing modify acls to: ***
[2024-06-25T13:03:41.658+0000] {spark_submit.py:571} INFO - 24/06/25 13:03:41 INFO SecurityManager: Changing view acls groups to:
[2024-06-25T13:03:41.658+0000] {spark_submit.py:571} INFO - 24/06/25 13:03:41 INFO SecurityManager: Changing modify acls groups to:
[2024-06-25T13:03:41.658+0000] {spark_submit.py:571} INFO - 24/06/25 13:03:41 INFO SecurityManager: SecurityManager: authentication disabled; ui acls disabled; users with view permissions: ***; groups with view permissions: EMPTY; users with modify permissions: ***; groups with modify permissions: EMPTY
[2024-06-25T13:03:42.084+0000] {spark_submit.py:571} INFO - 24/06/25 13:03:42 INFO Utils: Successfully started service 'sparkDriver' on port 37937.
[2024-06-25T13:03:42.248+0000] {spark_submit.py:571} INFO - 24/06/25 13:03:42 INFO SparkEnv: Registering MapOutputTracker
[2024-06-25T13:03:42.322+0000] {spark_submit.py:571} INFO - 24/06/25 13:03:42 INFO SparkEnv: Registering BlockManagerMaster
[2024-06-25T13:03:42.344+0000] {spark_submit.py:571} INFO - 24/06/25 13:03:42 INFO BlockManagerMasterEndpoint: Using org.apache.spark.storage.DefaultTopologyMapper for getting topology information
[2024-06-25T13:03:42.344+0000] {spark_submit.py:571} INFO - 24/06/25 13:03:42 INFO BlockManagerMasterEndpoint: BlockManagerMasterEndpoint up
[2024-06-25T13:03:42.356+0000] {spark_submit.py:571} INFO - 24/06/25 13:03:42 INFO SparkEnv: Registering BlockManagerMasterHeartbeat
[2024-06-25T13:03:42.381+0000] {spark_submit.py:571} INFO - 24/06/25 13:03:42 INFO DiskBlockManager: Created local directory at /tmp/blockmgr-1c644b9e-3aaa-49bd-8c9a-a15d34a7c5fd
[2024-06-25T13:03:42.400+0000] {spark_submit.py:571} INFO - 24/06/25 13:03:42 INFO MemoryStore: MemoryStore started with capacity 434.4 MiB
[2024-06-25T13:03:42.449+0000] {spark_submit.py:571} INFO - 24/06/25 13:03:42 INFO SparkEnv: Registering OutputCommitCoordinator
[2024-06-25T13:03:42.620+0000] {spark_submit.py:571} INFO - 24/06/25 13:03:42 INFO JettyUtils: Start Jetty 0.0.0.0:4040 for SparkUI
[2024-06-25T13:03:42.817+0000] {spark_submit.py:571} INFO - 24/06/25 13:03:42 INFO Utils: Successfully started service 'SparkUI' on port 4040.
[2024-06-25T13:03:42.871+0000] {spark_submit.py:571} INFO - 24/06/25 13:03:42 INFO SparkContext: Added JAR file:///opt/***/spark/resources/jars/postgresql-42.7.3.jar at spark://e32126fe0c41:37937/jars/postgresql-42.7.3.jar with timestamp 1719320621499
[2024-06-25T13:03:43.128+0000] {spark_submit.py:571} INFO - 24/06/25 13:03:43 INFO StandaloneAppClient$ClientEndpoint: Connecting to master spark://spark-master:7077...
[2024-06-25T13:03:43.220+0000] {spark_submit.py:571} INFO - 24/06/25 13:03:43 INFO TransportClientFactory: Successfully created connection to spark-master/172.20.0.4:7077 after 32 ms (0 ms spent in bootstraps)
[2024-06-25T13:03:43.640+0000] {spark_submit.py:571} INFO - 24/06/25 13:03:43 INFO StandaloneSchedulerBackend: Connected to Spark cluster with app ID app-20240625130343-0000
[2024-06-25T13:03:43.663+0000] {spark_submit.py:571} INFO - 24/06/25 13:03:43 INFO Utils: Successfully started service 'org.apache.spark.network.netty.NettyBlockTransferService' on port 46535.
[2024-06-25T13:03:43.664+0000] {spark_submit.py:571} INFO - 24/06/25 13:03:43 INFO NettyBlockTransferService: Server created on e32126fe0c41:46535
[2024-06-25T13:03:43.665+0000] {spark_submit.py:571} INFO - 24/06/25 13:03:43 INFO BlockManager: Using org.apache.spark.storage.RandomBlockReplicationPolicy for block replication policy
[2024-06-25T13:03:43.672+0000] {spark_submit.py:571} INFO - 24/06/25 13:03:43 INFO BlockManagerMaster: Registering BlockManager BlockManagerId(driver, e32126fe0c41, 46535, None)
[2024-06-25T13:03:43.676+0000] {spark_submit.py:571} INFO - 24/06/25 13:03:43 INFO BlockManagerMasterEndpoint: Registering block manager e32126fe0c41:46535 with 434.4 MiB RAM, BlockManagerId(driver, e32126fe0c41, 46535, None)
[2024-06-25T13:03:43.678+0000] {spark_submit.py:571} INFO - 24/06/25 13:03:43 INFO BlockManagerMaster: Registered BlockManager BlockManagerId(driver, e32126fe0c41, 46535, None)
[2024-06-25T13:03:43.678+0000] {spark_submit.py:571} INFO - 24/06/25 13:03:43 INFO BlockManager: Initialized BlockManager: BlockManagerId(driver, e32126fe0c41, 46535, None)
[2024-06-25T13:03:43.686+0000] {spark_submit.py:571} INFO - 24/06/25 13:03:43 INFO StandaloneAppClient$ClientEndpoint: Executor added: app-20240625130343-0000/0 on worker-20240625125946-172.20.0.9-40571 (172.20.0.9:40571) with 2 core(s)
[2024-06-25T13:03:43.688+0000] {spark_submit.py:571} INFO - 24/06/25 13:03:43 INFO StandaloneSchedulerBackend: Granted executor ID app-20240625130343-0000/0 on hostPort 172.20.0.9:40571 with 2 core(s), 2.0 GiB RAM
[2024-06-25T13:03:43.689+0000] {spark_submit.py:571} INFO - 24/06/25 13:03:43 INFO StandaloneAppClient$ClientEndpoint: Executor added: app-20240625130343-0000/1 on worker-20240625125945-172.20.0.8-41453 (172.20.0.8:41453) with 2 core(s)
[2024-06-25T13:03:43.689+0000] {spark_submit.py:571} INFO - 24/06/25 13:03:43 INFO StandaloneSchedulerBackend: Granted executor ID app-20240625130343-0000/1 on hostPort 172.20.0.8:41453 with 2 core(s), 2.0 GiB RAM
[2024-06-25T13:03:44.135+0000] {spark_submit.py:571} INFO - 24/06/25 13:03:44 INFO StandaloneSchedulerBackend: SchedulerBackend is ready for scheduling beginning after reached minRegisteredResourcesRatio: 0.0
[2024-06-25T13:03:44.462+0000] {spark_submit.py:571} INFO - 24/06/25 13:03:44 INFO StandaloneAppClient$ClientEndpoint: Executor updated: app-20240625130343-0000/1 is now RUNNING
[2024-06-25T13:03:44.464+0000] {spark_submit.py:571} INFO - 24/06/25 13:03:44 INFO StandaloneAppClient$ClientEndpoint: Executor updated: app-20240625130343-0000/0 is now RUNNING
[2024-06-25T13:03:44.479+0000] {spark_submit.py:571} INFO - 24/06/25 13:03:44 INFO SharedState: Setting hive.metastore.warehouse.dir ('null') to the value of spark.sql.warehouse.dir.
[2024-06-25T13:03:44.481+0000] {spark_submit.py:571} INFO - 24/06/25 13:03:44 INFO SharedState: Warehouse path is 'file:/opt/***/spark-warehouse'.
[2024-06-25T13:03:49.904+0000] {spark_submit.py:571} INFO - 24/06/25 13:03:49 INFO StandaloneSchedulerBackend$StandaloneDriverEndpoint: Registered executor NettyRpcEndpointRef(spark-client://Executor) (172.20.0.9:49202) with ID 0,  ResourceProfileId 0
[2024-06-25T13:03:49.986+0000] {spark_submit.py:571} INFO - 24/06/25 13:03:49 INFO StandaloneSchedulerBackend$StandaloneDriverEndpoint: Registered executor NettyRpcEndpointRef(spark-client://Executor) (172.20.0.8:58102) with ID 1,  ResourceProfileId 0
[2024-06-25T13:03:50.267+0000] {spark_submit.py:571} INFO - 24/06/25 13:03:50 INFO BlockManagerMasterEndpoint: Registering block manager 172.20.0.9:33249 with 1048.8 MiB RAM, BlockManagerId(0, 172.20.0.9, 33249, None)
[2024-06-25T13:03:50.277+0000] {spark_submit.py:571} INFO - 24/06/25 13:03:50 INFO BlockManagerMasterEndpoint: Registering block manager 172.20.0.8:34537 with 1048.8 MiB RAM, BlockManagerId(1, 172.20.0.8, 34537, None)
[2024-06-25T13:03:51.213+0000] {spark_submit.py:571} INFO - 24/06/25 13:03:51 INFO CodeGenerator: Code generated in 144.69925 ms
[2024-06-25T13:03:51.310+0000] {spark_submit.py:571} INFO - 24/06/25 13:03:51 INFO SparkContext: Starting job: toPandas at /opt/***/spark/jobs/extract.py:19
[2024-06-25T13:03:51.322+0000] {spark_submit.py:571} INFO - 24/06/25 13:03:51 INFO DAGScheduler: Got job 0 (toPandas at /opt/***/spark/jobs/extract.py:19) with 1 output partitions
[2024-06-25T13:03:51.322+0000] {spark_submit.py:571} INFO - 24/06/25 13:03:51 INFO DAGScheduler: Final stage: ResultStage 0 (toPandas at /opt/***/spark/jobs/extract.py:19)
[2024-06-25T13:03:51.323+0000] {spark_submit.py:571} INFO - 24/06/25 13:03:51 INFO DAGScheduler: Parents of final stage: List()
[2024-06-25T13:03:51.324+0000] {spark_submit.py:571} INFO - 24/06/25 13:03:51 INFO DAGScheduler: Missing parents: List()
[2024-06-25T13:03:51.326+0000] {spark_submit.py:571} INFO - 24/06/25 13:03:51 INFO DAGScheduler: Submitting ResultStage 0 (MapPartitionsRDD[2] at toPandas at /opt/***/spark/jobs/extract.py:19), which has no missing parents
[2024-06-25T13:03:51.398+0000] {spark_submit.py:571} INFO - 24/06/25 13:03:51 INFO MemoryStore: Block broadcast_0 stored as values in memory (estimated size 13.8 KiB, free 434.4 MiB)
[2024-06-25T13:03:51.467+0000] {spark_submit.py:571} INFO - 24/06/25 13:03:51 INFO MemoryStore: Block broadcast_0_piece0 stored as bytes in memory (estimated size 6.5 KiB, free 434.4 MiB)
[2024-06-25T13:03:51.470+0000] {spark_submit.py:571} INFO - 24/06/25 13:03:51 INFO BlockManagerInfo: Added broadcast_0_piece0 in memory on e32126fe0c41:46535 (size: 6.5 KiB, free: 434.4 MiB)
[2024-06-25T13:03:51.475+0000] {spark_submit.py:571} INFO - 24/06/25 13:03:51 INFO SparkContext: Created broadcast 0 from broadcast at DAGScheduler.scala:1585
[2024-06-25T13:03:51.489+0000] {spark_submit.py:571} INFO - 24/06/25 13:03:51 INFO DAGScheduler: Submitting 1 missing tasks from ResultStage 0 (MapPartitionsRDD[2] at toPandas at /opt/***/spark/jobs/extract.py:19) (first 15 tasks are for partitions Vector(0))
[2024-06-25T13:03:51.490+0000] {spark_submit.py:571} INFO - 24/06/25 13:03:51 INFO TaskSchedulerImpl: Adding task set 0.0 with 1 tasks resource profile 0
[2024-06-25T13:03:51.512+0000] {spark_submit.py:571} INFO - 24/06/25 13:03:51 INFO TaskSetManager: Starting task 0.0 in stage 0.0 (TID 0) (172.20.0.8, executor 1, partition 0, PROCESS_LOCAL, 7645 bytes)
[2024-06-25T13:03:51.771+0000] {spark_submit.py:571} INFO - 24/06/25 13:03:51 INFO BlockManagerInfo: Added broadcast_0_piece0 in memory on 172.20.0.8:34537 (size: 6.5 KiB, free: 1048.8 MiB)
[2024-06-25T13:03:52.620+0000] {spark_submit.py:571} INFO - 24/06/25 13:03:52 INFO TaskSetManager: Finished task 0.0 in stage 0.0 (TID 0) in 1117 ms on 172.20.0.8 (executor 1) (1/1)
[2024-06-25T13:03:52.623+0000] {spark_submit.py:571} INFO - 24/06/25 13:03:52 INFO TaskSchedulerImpl: Removed TaskSet 0.0, whose tasks have all completed, from pool
[2024-06-25T13:03:52.627+0000] {spark_submit.py:571} INFO - 24/06/25 13:03:52 INFO DAGScheduler: ResultStage 0 (toPandas at /opt/***/spark/jobs/extract.py:19) finished in 1.287 s
[2024-06-25T13:03:52.629+0000] {spark_submit.py:571} INFO - 24/06/25 13:03:52 INFO DAGScheduler: Job 0 is finished. Cancelling potential speculative or zombie tasks for this job
[2024-06-25T13:03:52.630+0000] {spark_submit.py:571} INFO - 24/06/25 13:03:52 INFO TaskSchedulerImpl: Killing all running tasks in stage 0: Stage finished
[2024-06-25T13:03:52.631+0000] {spark_submit.py:571} INFO - 24/06/25 13:03:52 INFO DAGScheduler: Job 0 finished: toPandas at /opt/***/spark/jobs/extract.py:19, took 1.321585 s
[2024-06-25T13:03:52.843+0000] {spark_submit.py:571} INFO - 24/06/25 13:03:52 INFO SparkContext: SparkContext is stopping with exitCode 0.
[2024-06-25T13:03:52.864+0000] {spark_submit.py:571} INFO - 24/06/25 13:03:52 INFO SparkUI: Stopped Spark web UI at http://e32126fe0c41:4040
[2024-06-25T13:03:52.874+0000] {spark_submit.py:571} INFO - 24/06/25 13:03:52 INFO StandaloneSchedulerBackend: Shutting down all executors
[2024-06-25T13:03:52.877+0000] {spark_submit.py:571} INFO - 24/06/25 13:03:52 INFO StandaloneSchedulerBackend$StandaloneDriverEndpoint: Asking each executor to shut down
[2024-06-25T13:03:52.921+0000] {spark_submit.py:571} INFO - 24/06/25 13:03:52 INFO MapOutputTrackerMasterEndpoint: MapOutputTrackerMasterEndpoint stopped!
[2024-06-25T13:03:53.156+0000] {spark_submit.py:571} INFO - 24/06/25 13:03:53 INFO MemoryStore: MemoryStore cleared
[2024-06-25T13:03:53.165+0000] {spark_submit.py:571} INFO - 24/06/25 13:03:53 INFO BlockManager: BlockManager stopped
[2024-06-25T13:03:53.195+0000] {spark_submit.py:571} INFO - 24/06/25 13:03:53 INFO BlockManagerMaster: BlockManagerMaster stopped
[2024-06-25T13:03:53.200+0000] {spark_submit.py:571} INFO - 24/06/25 13:03:53 INFO OutputCommitCoordinator$OutputCommitCoordinatorEndpoint: OutputCommitCoordinator stopped!
[2024-06-25T13:03:53.313+0000] {spark_submit.py:571} INFO - 24/06/25 13:03:53 INFO SparkContext: Successfully stopped SparkContext
[2024-06-25T13:03:53.787+0000] {spark_submit.py:571} INFO - Data successfully written to output/dim_products.csv
[2024-06-25T13:03:54.285+0000] {spark_submit.py:571} INFO - 24/06/25 13:03:54 INFO ShutdownHookManager: Shutdown hook called
[2024-06-25T13:03:54.287+0000] {spark_submit.py:571} INFO - 24/06/25 13:03:54 INFO ShutdownHookManager: Deleting directory /tmp/spark-0a30ff8b-b6bb-4a84-8372-cc5755961097/pyspark-9e3389a6-4773-40c6-b8ee-8344bcb77249
[2024-06-25T13:03:54.295+0000] {spark_submit.py:571} INFO - 24/06/25 13:03:54 INFO ShutdownHookManager: Deleting directory /tmp/spark-2a45870c-2889-40be-94dc-c51c85c1b313
[2024-06-25T13:03:54.299+0000] {spark_submit.py:571} INFO - 24/06/25 13:03:54 INFO ShutdownHookManager: Deleting directory /tmp/spark-0a30ff8b-b6bb-4a84-8372-cc5755961097
[2024-06-25T13:03:54.427+0000] {taskinstance.py:1398} INFO - Marking task as SUCCESS. dag_id=spark_flow, task_id=spark.spark_extract.extract_dim_products_job, execution_date=20240625T130307, start_date=20240625T130338, end_date=20240625T130354
[2024-06-25T13:03:54.470+0000] {local_task_job_runner.py:228} INFO - Task exited with return code 0
[2024-06-25T13:03:54.511+0000] {taskinstance.py:2776} INFO - 1 downstream tasks scheduled from follow-on schedule check
