[2024-06-25T13:04:56.902+0000] {taskinstance.py:1157} INFO - Dependencies all met for dep_context=non-requeueable deps ti=<TaskInstance: spark_flow.spark.spark_transform.supplier_monthly_revenue manual__2024-06-25T13:03:07.481260+00:00 [queued]>
[2024-06-25T13:04:56.906+0000] {taskinstance.py:1157} INFO - Dependencies all met for dep_context=requeueable deps ti=<TaskInstance: spark_flow.spark.spark_transform.supplier_monthly_revenue manual__2024-06-25T13:03:07.481260+00:00 [queued]>
[2024-06-25T13:04:56.906+0000] {taskinstance.py:1359} INFO - Starting attempt 1 of 1
[2024-06-25T13:04:56.912+0000] {taskinstance.py:1380} INFO - Executing <Task(SparkSubmitOperator): spark.spark_transform.supplier_monthly_revenue> on 2024-06-25 13:03:07.481260+00:00
[2024-06-25T13:04:56.920+0000] {standard_task_runner.py:57} INFO - Started process 1397 to run task
[2024-06-25T13:04:56.923+0000] {standard_task_runner.py:84} INFO - Running: ['***', 'tasks', 'run', 'spark_flow', 'spark.spark_transform.supplier_monthly_revenue', 'manual__2024-06-25T13:03:07.481260+00:00', '--job-id', '24', '--raw', '--subdir', 'DAGS_FOLDER/spark_***.py', '--cfg-path', '/tmp/tmpxytmncem']
[2024-06-25T13:04:56.926+0000] {standard_task_runner.py:85} INFO - Job 24: Subtask spark.spark_transform.supplier_monthly_revenue
[2024-06-25T13:04:56.966+0000] {task_command.py:415} INFO - Running <TaskInstance: spark_flow.spark.spark_transform.supplier_monthly_revenue manual__2024-06-25T13:03:07.481260+00:00 [running]> on host e32126fe0c41
[2024-06-25T13:04:57.004+0000] {taskinstance.py:1660} INFO - Exporting env vars: AIRFLOW_CTX_DAG_OWNER='Maulana Ahmad Maliki' AIRFLOW_CTX_DAG_ID='spark_flow' AIRFLOW_CTX_TASK_ID='spark.spark_transform.supplier_monthly_revenue' AIRFLOW_CTX_EXECUTION_DATE='2024-06-25T13:03:07.481260+00:00' AIRFLOW_CTX_TRY_NUMBER='1' AIRFLOW_CTX_DAG_RUN_ID='manual__2024-06-25T13:03:07.481260+00:00'
[2024-06-25T13:04:57.010+0000] {base.py:73} INFO - Using connection ID 'spark-conn' for task execution.
[2024-06-25T13:04:57.011+0000] {spark_submit.py:401} INFO - Spark-Submit cmd: spark-submit --master spark://spark-master:7077 --driver-class-path spark/resources/jars/postgresql-42.7.3.jar --jars spark/resources/jars/postgresql-42.7.3.jar --total-executor-cores 4 --executor-cores 2 --executor-memory 2g --driver-memory 2g --name arrow-spark --deploy-mode client spark/jobs/supplier_monthly_revenue.py jdbc:postgresql://postgres-staging:5432/staging_db admin admin
[2024-06-25T13:04:57.067+0000] {spark_submit.py:571} INFO - /home/***/.local/lib/python3.11/site-packages/pyspark/bin/load-spark-env.sh: line 68: ps: command not found
[2024-06-25T13:04:58.115+0000] {spark_submit.py:571} INFO - 24/06/25 13:04:58 WARN NativeCodeLoader: Unable to load native-hadoop library for your platform... using builtin-java classes where applicable
[2024-06-25T13:04:58.801+0000] {spark_submit.py:571} INFO - 24/06/25 13:04:58 INFO SparkContext: Running Spark version 3.5.1
[2024-06-25T13:04:58.802+0000] {spark_submit.py:571} INFO - 24/06/25 13:04:58 INFO SparkContext: OS info Linux, 6.4.16-linuxkit, aarch64
[2024-06-25T13:04:58.802+0000] {spark_submit.py:571} INFO - 24/06/25 13:04:58 INFO SparkContext: Java version 11.0.23
[2024-06-25T13:04:58.816+0000] {spark_submit.py:571} INFO - 24/06/25 13:04:58 INFO ResourceUtils: ==============================================================
[2024-06-25T13:04:58.816+0000] {spark_submit.py:571} INFO - 24/06/25 13:04:58 INFO ResourceUtils: No custom resources configured for spark.driver.
[2024-06-25T13:04:58.816+0000] {spark_submit.py:571} INFO - 24/06/25 13:04:58 INFO ResourceUtils: ==============================================================
[2024-06-25T13:04:58.816+0000] {spark_submit.py:571} INFO - 24/06/25 13:04:58 INFO SparkContext: Submitted application: Supplier Monthly Revenue
[2024-06-25T13:04:58.825+0000] {spark_submit.py:571} INFO - 24/06/25 13:04:58 INFO ResourceProfile: Default ResourceProfile created, executor resources: Map(cores -> name: cores, amount: 2, script: , vendor: , memory -> name: memory, amount: 2048, script: , vendor: , offHeap -> name: offHeap, amount: 0, script: , vendor: ), task resources: Map(cpus -> name: cpus, amount: 1.0)
[2024-06-25T13:04:58.831+0000] {spark_submit.py:571} INFO - 24/06/25 13:04:58 INFO ResourceProfile: Limiting resource is cpus at 2 tasks per executor
[2024-06-25T13:04:58.832+0000] {spark_submit.py:571} INFO - 24/06/25 13:04:58 INFO ResourceProfileManager: Added ResourceProfile id: 0
[2024-06-25T13:04:58.867+0000] {spark_submit.py:571} INFO - 24/06/25 13:04:58 INFO SecurityManager: Changing view acls to: ***
[2024-06-25T13:04:58.867+0000] {spark_submit.py:571} INFO - 24/06/25 13:04:58 INFO SecurityManager: Changing modify acls to: ***
[2024-06-25T13:04:58.868+0000] {spark_submit.py:571} INFO - 24/06/25 13:04:58 INFO SecurityManager: Changing view acls groups to:
[2024-06-25T13:04:58.868+0000] {spark_submit.py:571} INFO - 24/06/25 13:04:58 INFO SecurityManager: Changing modify acls groups to:
[2024-06-25T13:04:58.868+0000] {spark_submit.py:571} INFO - 24/06/25 13:04:58 INFO SecurityManager: SecurityManager: authentication disabled; ui acls disabled; users with view permissions: ***; groups with view permissions: EMPTY; users with modify permissions: ***; groups with modify permissions: EMPTY
[2024-06-25T13:04:59.028+0000] {spark_submit.py:571} INFO - 24/06/25 13:04:59 INFO Utils: Successfully started service 'sparkDriver' on port 39483.
[2024-06-25T13:04:59.050+0000] {spark_submit.py:571} INFO - 24/06/25 13:04:59 INFO SparkEnv: Registering MapOutputTracker
[2024-06-25T13:04:59.081+0000] {spark_submit.py:571} INFO - 24/06/25 13:04:59 INFO SparkEnv: Registering BlockManagerMaster
[2024-06-25T13:04:59.093+0000] {spark_submit.py:571} INFO - 24/06/25 13:04:59 INFO BlockManagerMasterEndpoint: Using org.apache.spark.storage.DefaultTopologyMapper for getting topology information
[2024-06-25T13:04:59.094+0000] {spark_submit.py:571} INFO - 24/06/25 13:04:59 INFO BlockManagerMasterEndpoint: BlockManagerMasterEndpoint up
[2024-06-25T13:04:59.096+0000] {spark_submit.py:571} INFO - 24/06/25 13:04:59 INFO SparkEnv: Registering BlockManagerMasterHeartbeat
[2024-06-25T13:04:59.110+0000] {spark_submit.py:571} INFO - 24/06/25 13:04:59 INFO DiskBlockManager: Created local directory at /tmp/blockmgr-7c2a02ce-2bf8-4533-8dfa-19ea5577e090
[2024-06-25T13:04:59.118+0000] {spark_submit.py:571} INFO - 24/06/25 13:04:59 INFO MemoryStore: MemoryStore started with capacity 1048.8 MiB
[2024-06-25T13:04:59.127+0000] {spark_submit.py:571} INFO - 24/06/25 13:04:59 INFO SparkEnv: Registering OutputCommitCoordinator
[2024-06-25T13:04:59.205+0000] {spark_submit.py:571} INFO - 24/06/25 13:04:59 INFO JettyUtils: Start Jetty 0.0.0.0:4040 for SparkUI
[2024-06-25T13:04:59.251+0000] {spark_submit.py:571} INFO - 24/06/25 13:04:59 INFO Utils: Successfully started service 'SparkUI' on port 4040.
[2024-06-25T13:04:59.276+0000] {spark_submit.py:571} INFO - 24/06/25 13:04:59 INFO SparkContext: Added JAR file:///opt/***/spark/resources/jars/postgresql-42.7.3.jar at spark://e32126fe0c41:39483/jars/postgresql-42.7.3.jar with timestamp 1719320698796
[2024-06-25T13:04:59.318+0000] {spark_submit.py:571} INFO - 24/06/25 13:04:59 INFO StandaloneAppClient$ClientEndpoint: Connecting to master spark://spark-master:7077...
[2024-06-25T13:04:59.345+0000] {spark_submit.py:571} INFO - 24/06/25 13:04:59 INFO TransportClientFactory: Successfully created connection to spark-master/172.20.0.4:7077 after 15 ms (0 ms spent in bootstraps)
[2024-06-25T13:04:59.413+0000] {spark_submit.py:571} INFO - 24/06/25 13:04:59 INFO StandaloneSchedulerBackend: Connected to Spark cluster with app ID app-20240625130459-0006
[2024-06-25T13:04:59.416+0000] {spark_submit.py:571} INFO - 24/06/25 13:04:59 INFO StandaloneAppClient$ClientEndpoint: Executor added: app-20240625130459-0006/0 on worker-20240625125946-172.20.0.9-40571 (172.20.0.9:40571) with 2 core(s)
[2024-06-25T13:04:59.420+0000] {spark_submit.py:571} INFO - 24/06/25 13:04:59 INFO StandaloneSchedulerBackend: Granted executor ID app-20240625130459-0006/0 on hostPort 172.20.0.9:40571 with 2 core(s), 2.0 GiB RAM
[2024-06-25T13:04:59.420+0000] {spark_submit.py:571} INFO - 24/06/25 13:04:59 INFO StandaloneAppClient$ClientEndpoint: Executor added: app-20240625130459-0006/1 on worker-20240625125945-172.20.0.8-41453 (172.20.0.8:41453) with 2 core(s)
[2024-06-25T13:04:59.421+0000] {spark_submit.py:571} INFO - 24/06/25 13:04:59 INFO StandaloneSchedulerBackend: Granted executor ID app-20240625130459-0006/1 on hostPort 172.20.0.8:41453 with 2 core(s), 2.0 GiB RAM
[2024-06-25T13:04:59.429+0000] {spark_submit.py:571} INFO - 24/06/25 13:04:59 INFO Utils: Successfully started service 'org.apache.spark.network.netty.NettyBlockTransferService' on port 41383.
[2024-06-25T13:04:59.430+0000] {spark_submit.py:571} INFO - 24/06/25 13:04:59 INFO NettyBlockTransferService: Server created on e32126fe0c41:41383
[2024-06-25T13:04:59.435+0000] {spark_submit.py:571} INFO - 24/06/25 13:04:59 INFO BlockManager: Using org.apache.spark.storage.RandomBlockReplicationPolicy for block replication policy
[2024-06-25T13:04:59.448+0000] {spark_submit.py:571} INFO - 24/06/25 13:04:59 INFO BlockManagerMaster: Registering BlockManager BlockManagerId(driver, e32126fe0c41, 41383, None)
[2024-06-25T13:04:59.455+0000] {spark_submit.py:571} INFO - 24/06/25 13:04:59 INFO BlockManagerMasterEndpoint: Registering block manager e32126fe0c41:41383 with 1048.8 MiB RAM, BlockManagerId(driver, e32126fe0c41, 41383, None)
[2024-06-25T13:04:59.461+0000] {spark_submit.py:571} INFO - 24/06/25 13:04:59 INFO BlockManagerMaster: Registered BlockManager BlockManagerId(driver, e32126fe0c41, 41383, None)
[2024-06-25T13:04:59.465+0000] {spark_submit.py:571} INFO - 24/06/25 13:04:59 INFO BlockManager: Initialized BlockManager: BlockManagerId(driver, e32126fe0c41, 41383, None)
[2024-06-25T13:04:59.572+0000] {spark_submit.py:571} INFO - 24/06/25 13:04:59 INFO StandaloneAppClient$ClientEndpoint: Executor updated: app-20240625130459-0006/1 is now RUNNING
[2024-06-25T13:04:59.606+0000] {spark_submit.py:571} INFO - 24/06/25 13:04:59 INFO StandaloneAppClient$ClientEndpoint: Executor updated: app-20240625130459-0006/0 is now RUNNING
[2024-06-25T13:04:59.762+0000] {spark_submit.py:571} INFO - 24/06/25 13:04:59 INFO StandaloneSchedulerBackend: SchedulerBackend is ready for scheduling beginning after reached minRegisteredResourcesRatio: 0.0
[2024-06-25T13:04:59.960+0000] {spark_submit.py:571} INFO - 24/06/25 13:04:59 INFO SharedState: Setting hive.metastore.warehouse.dir ('null') to the value of spark.sql.warehouse.dir.
[2024-06-25T13:04:59.963+0000] {spark_submit.py:571} INFO - 24/06/25 13:04:59 INFO SharedState: Warehouse path is 'file:/opt/***/spark-warehouse'.
[2024-06-25T13:05:01.797+0000] {spark_submit.py:571} INFO - 24/06/25 13:05:01 INFO StandaloneSchedulerBackend$StandaloneDriverEndpoint: Registered executor NettyRpcEndpointRef(spark-client://Executor) (172.20.0.9:44506) with ID 0,  ResourceProfileId 0
[2024-06-25T13:05:01.864+0000] {spark_submit.py:571} INFO - 24/06/25 13:05:01 INFO StandaloneSchedulerBackend$StandaloneDriverEndpoint: Registered executor NettyRpcEndpointRef(spark-client://Executor) (172.20.0.8:50252) with ID 1,  ResourceProfileId 0
[2024-06-25T13:05:01.880+0000] {spark_submit.py:571} INFO - 24/06/25 13:05:01 INFO BlockManagerMasterEndpoint: Registering block manager 172.20.0.9:39491 with 1048.8 MiB RAM, BlockManagerId(0, 172.20.0.9, 39491, None)
[2024-06-25T13:05:01.916+0000] {spark_submit.py:571} INFO - 24/06/25 13:05:01 INFO BlockManagerMasterEndpoint: Registering block manager 172.20.0.8:38211 with 1048.8 MiB RAM, BlockManagerId(1, 172.20.0.8, 38211, None)
[2024-06-25T13:05:03.880+0000] {spark_submit.py:571} INFO - 24/06/25 13:05:03 INFO CodeGenerator: Code generated in 79.77225 ms
[2024-06-25T13:05:03.927+0000] {spark_submit.py:571} INFO - 24/06/25 13:05:03 INFO DAGScheduler: Registering RDD 5 (toPandas at /opt/***/spark/jobs/supplier_monthly_revenue.py:65) as input to shuffle 0
[2024-06-25T13:05:03.934+0000] {spark_submit.py:571} INFO - 24/06/25 13:05:03 INFO CodeGenerator: Code generated in 10.328625 ms
[2024-06-25T13:05:03.935+0000] {spark_submit.py:571} INFO - 24/06/25 13:05:03 INFO DAGScheduler: Got map stage job 0 (toPandas at /opt/***/spark/jobs/supplier_monthly_revenue.py:65) with 1 output partitions
[2024-06-25T13:05:03.936+0000] {spark_submit.py:571} INFO - 24/06/25 13:05:03 INFO DAGScheduler: Final stage: ShuffleMapStage 0 (toPandas at /opt/***/spark/jobs/supplier_monthly_revenue.py:65)
[2024-06-25T13:05:03.936+0000] {spark_submit.py:571} INFO - 24/06/25 13:05:03 INFO DAGScheduler: Parents of final stage: List()
[2024-06-25T13:05:03.937+0000] {spark_submit.py:571} INFO - 24/06/25 13:05:03 INFO DAGScheduler: Missing parents: List()
[2024-06-25T13:05:03.939+0000] {spark_submit.py:571} INFO - 24/06/25 13:05:03 INFO DAGScheduler: Submitting ShuffleMapStage 0 (MapPartitionsRDD[5] at toPandas at /opt/***/spark/jobs/supplier_monthly_revenue.py:65), which has no missing parents
[2024-06-25T13:05:03.946+0000] {spark_submit.py:571} INFO - 24/06/25 13:05:03 INFO CodeGenerator: Code generated in 7.156 ms
[2024-06-25T13:05:03.955+0000] {spark_submit.py:571} INFO - 24/06/25 13:05:03 INFO CodeGenerator: Code generated in 4.763166 ms
[2024-06-25T13:05:04.013+0000] {spark_submit.py:571} INFO - 24/06/25 13:05:04 INFO MemoryStore: Block broadcast_0 stored as values in memory (estimated size 14.4 KiB, free 1048.8 MiB)
[2024-06-25T13:05:04.039+0000] {spark_submit.py:571} INFO - 24/06/25 13:05:04 INFO MemoryStore: Block broadcast_0_piece0 stored as bytes in memory (estimated size 7.5 KiB, free 1048.8 MiB)
[2024-06-25T13:05:04.040+0000] {spark_submit.py:571} INFO - 24/06/25 13:05:04 INFO BlockManagerInfo: Added broadcast_0_piece0 in memory on e32126fe0c41:41383 (size: 7.5 KiB, free: 1048.8 MiB)
[2024-06-25T13:05:04.042+0000] {spark_submit.py:571} INFO - 24/06/25 13:05:04 INFO SparkContext: Created broadcast 0 from broadcast at DAGScheduler.scala:1585
[2024-06-25T13:05:04.050+0000] {spark_submit.py:571} INFO - 24/06/25 13:05:04 INFO DAGScheduler: Submitting 1 missing tasks from ShuffleMapStage 0 (MapPartitionsRDD[5] at toPandas at /opt/***/spark/jobs/supplier_monthly_revenue.py:65) (first 15 tasks are for partitions Vector(0))
[2024-06-25T13:05:04.050+0000] {spark_submit.py:571} INFO - 24/06/25 13:05:04 INFO TaskSchedulerImpl: Adding task set 0.0 with 1 tasks resource profile 0
[2024-06-25T13:05:04.056+0000] {spark_submit.py:571} INFO - 24/06/25 13:05:04 INFO DAGScheduler: Registering RDD 7 (toPandas at /opt/***/spark/jobs/supplier_monthly_revenue.py:65) as input to shuffle 1
[2024-06-25T13:05:04.056+0000] {spark_submit.py:571} INFO - 24/06/25 13:05:04 INFO DAGScheduler: Got map stage job 1 (toPandas at /opt/***/spark/jobs/supplier_monthly_revenue.py:65) with 1 output partitions
[2024-06-25T13:05:04.056+0000] {spark_submit.py:571} INFO - 24/06/25 13:05:04 INFO DAGScheduler: Final stage: ShuffleMapStage 1 (toPandas at /opt/***/spark/jobs/supplier_monthly_revenue.py:65)
[2024-06-25T13:05:04.057+0000] {spark_submit.py:571} INFO - 24/06/25 13:05:04 INFO DAGScheduler: Parents of final stage: List()
[2024-06-25T13:05:04.057+0000] {spark_submit.py:571} INFO - 24/06/25 13:05:04 INFO DAGScheduler: Missing parents: List()
[2024-06-25T13:05:04.058+0000] {spark_submit.py:571} INFO - 24/06/25 13:05:04 INFO DAGScheduler: Submitting ShuffleMapStage 1 (MapPartitionsRDD[7] at toPandas at /opt/***/spark/jobs/supplier_monthly_revenue.py:65), which has no missing parents
[2024-06-25T13:05:04.063+0000] {spark_submit.py:571} INFO - 24/06/25 13:05:04 INFO MemoryStore: Block broadcast_1 stored as values in memory (estimated size 15.7 KiB, free 1048.8 MiB)
[2024-06-25T13:05:04.065+0000] {spark_submit.py:571} INFO - 24/06/25 13:05:04 INFO MemoryStore: Block broadcast_1_piece0 stored as bytes in memory (estimated size 8.0 KiB, free 1048.8 MiB)
[2024-06-25T13:05:04.066+0000] {spark_submit.py:571} INFO - 24/06/25 13:05:04 INFO BlockManagerInfo: Added broadcast_1_piece0 in memory on e32126fe0c41:41383 (size: 8.0 KiB, free: 1048.8 MiB)
[2024-06-25T13:05:04.066+0000] {spark_submit.py:571} INFO - 24/06/25 13:05:04 INFO TaskSetManager: Starting task 0.0 in stage 0.0 (TID 0) (172.20.0.8, executor 1, partition 0, PROCESS_LOCAL, 7634 bytes)
[2024-06-25T13:05:04.066+0000] {spark_submit.py:571} INFO - 24/06/25 13:05:04 INFO SparkContext: Created broadcast 1 from broadcast at DAGScheduler.scala:1585
[2024-06-25T13:05:04.067+0000] {spark_submit.py:571} INFO - 24/06/25 13:05:04 INFO DAGScheduler: Submitting 1 missing tasks from ShuffleMapStage 1 (MapPartitionsRDD[7] at toPandas at /opt/***/spark/jobs/supplier_monthly_revenue.py:65) (first 15 tasks are for partitions Vector(0))
[2024-06-25T13:05:04.067+0000] {spark_submit.py:571} INFO - 24/06/25 13:05:04 INFO TaskSchedulerImpl: Adding task set 1.0 with 1 tasks resource profile 0
[2024-06-25T13:05:04.069+0000] {spark_submit.py:571} INFO - 24/06/25 13:05:04 INFO DAGScheduler: Registering RDD 9 (toPandas at /opt/***/spark/jobs/supplier_monthly_revenue.py:65) as input to shuffle 2
[2024-06-25T13:05:04.069+0000] {spark_submit.py:571} INFO - 24/06/25 13:05:04 INFO DAGScheduler: Got map stage job 2 (toPandas at /opt/***/spark/jobs/supplier_monthly_revenue.py:65) with 1 output partitions
[2024-06-25T13:05:04.069+0000] {spark_submit.py:571} INFO - 24/06/25 13:05:04 INFO DAGScheduler: Final stage: ShuffleMapStage 2 (toPandas at /opt/***/spark/jobs/supplier_monthly_revenue.py:65)
[2024-06-25T13:05:04.069+0000] {spark_submit.py:571} INFO - 24/06/25 13:05:04 INFO DAGScheduler: Parents of final stage: List()
[2024-06-25T13:05:04.070+0000] {spark_submit.py:571} INFO - 24/06/25 13:05:04 INFO DAGScheduler: Missing parents: List()
[2024-06-25T13:05:04.070+0000] {spark_submit.py:571} INFO - 24/06/25 13:05:04 INFO DAGScheduler: Submitting ShuffleMapStage 2 (MapPartitionsRDD[9] at toPandas at /opt/***/spark/jobs/supplier_monthly_revenue.py:65), which has no missing parents
[2024-06-25T13:05:04.073+0000] {spark_submit.py:571} INFO - 24/06/25 13:05:04 INFO MemoryStore: Block broadcast_2 stored as values in memory (estimated size 14.4 KiB, free 1048.7 MiB)
[2024-06-25T13:05:04.074+0000] {spark_submit.py:571} INFO - 24/06/25 13:05:04 INFO TaskSetManager: Starting task 0.0 in stage 1.0 (TID 1) (172.20.0.8, executor 1, partition 0, PROCESS_LOCAL, 7634 bytes)
[2024-06-25T13:05:04.075+0000] {spark_submit.py:571} INFO - 24/06/25 13:05:04 INFO MemoryStore: Block broadcast_2_piece0 stored as bytes in memory (estimated size 7.5 KiB, free 1048.7 MiB)
[2024-06-25T13:05:04.076+0000] {spark_submit.py:571} INFO - 24/06/25 13:05:04 INFO BlockManagerInfo: Added broadcast_2_piece0 in memory on e32126fe0c41:41383 (size: 7.5 KiB, free: 1048.8 MiB)
[2024-06-25T13:05:04.077+0000] {spark_submit.py:571} INFO - 24/06/25 13:05:04 INFO SparkContext: Created broadcast 2 from broadcast at DAGScheduler.scala:1585
[2024-06-25T13:05:04.077+0000] {spark_submit.py:571} INFO - 24/06/25 13:05:04 INFO DAGScheduler: Submitting 1 missing tasks from ShuffleMapStage 2 (MapPartitionsRDD[9] at toPandas at /opt/***/spark/jobs/supplier_monthly_revenue.py:65) (first 15 tasks are for partitions Vector(0))
[2024-06-25T13:05:04.077+0000] {spark_submit.py:571} INFO - 24/06/25 13:05:04 INFO TaskSchedulerImpl: Adding task set 2.0 with 1 tasks resource profile 0
[2024-06-25T13:05:04.078+0000] {spark_submit.py:571} INFO - 24/06/25 13:05:04 INFO DAGScheduler: Registering RDD 11 (toPandas at /opt/***/spark/jobs/supplier_monthly_revenue.py:65) as input to shuffle 3
[2024-06-25T13:05:04.079+0000] {spark_submit.py:571} INFO - 24/06/25 13:05:04 INFO TaskSetManager: Starting task 0.0 in stage 2.0 (TID 2) (172.20.0.9, executor 0, partition 0, PROCESS_LOCAL, 7634 bytes)
[2024-06-25T13:05:04.079+0000] {spark_submit.py:571} INFO - 24/06/25 13:05:04 INFO DAGScheduler: Got map stage job 3 (toPandas at /opt/***/spark/jobs/supplier_monthly_revenue.py:65) with 1 output partitions
[2024-06-25T13:05:04.079+0000] {spark_submit.py:571} INFO - 24/06/25 13:05:04 INFO DAGScheduler: Final stage: ShuffleMapStage 3 (toPandas at /opt/***/spark/jobs/supplier_monthly_revenue.py:65)
[2024-06-25T13:05:04.080+0000] {spark_submit.py:571} INFO - 24/06/25 13:05:04 INFO DAGScheduler: Parents of final stage: List()
[2024-06-25T13:05:04.080+0000] {spark_submit.py:571} INFO - 24/06/25 13:05:04 INFO DAGScheduler: Missing parents: List()
[2024-06-25T13:05:04.082+0000] {spark_submit.py:571} INFO - 24/06/25 13:05:04 INFO DAGScheduler: Submitting ShuffleMapStage 3 (MapPartitionsRDD[11] at toPandas at /opt/***/spark/jobs/supplier_monthly_revenue.py:65), which has no missing parents
[2024-06-25T13:05:04.089+0000] {spark_submit.py:571} INFO - 24/06/25 13:05:04 INFO MemoryStore: Block broadcast_3 stored as values in memory (estimated size 14.5 KiB, free 1048.7 MiB)
[2024-06-25T13:05:04.095+0000] {spark_submit.py:571} INFO - 24/06/25 13:05:04 INFO MemoryStore: Block broadcast_3_piece0 stored as bytes in memory (estimated size 7.6 KiB, free 1048.7 MiB)
[2024-06-25T13:05:04.096+0000] {spark_submit.py:571} INFO - 24/06/25 13:05:04 INFO BlockManagerInfo: Added broadcast_3_piece0 in memory on e32126fe0c41:41383 (size: 7.6 KiB, free: 1048.8 MiB)
[2024-06-25T13:05:04.097+0000] {spark_submit.py:571} INFO - 24/06/25 13:05:04 INFO SparkContext: Created broadcast 3 from broadcast at DAGScheduler.scala:1585
[2024-06-25T13:05:04.097+0000] {spark_submit.py:571} INFO - 24/06/25 13:05:04 INFO DAGScheduler: Submitting 1 missing tasks from ShuffleMapStage 3 (MapPartitionsRDD[11] at toPandas at /opt/***/spark/jobs/supplier_monthly_revenue.py:65) (first 15 tasks are for partitions Vector(0))
[2024-06-25T13:05:04.098+0000] {spark_submit.py:571} INFO - 24/06/25 13:05:04 INFO TaskSchedulerImpl: Adding task set 3.0 with 1 tasks resource profile 0
[2024-06-25T13:05:04.100+0000] {spark_submit.py:571} INFO - 24/06/25 13:05:04 INFO TaskSetManager: Starting task 0.0 in stage 3.0 (TID 3) (172.20.0.9, executor 0, partition 0, PROCESS_LOCAL, 7634 bytes)
[2024-06-25T13:05:04.486+0000] {spark_submit.py:571} INFO - 24/06/25 13:05:04 INFO BlockManagerInfo: Added broadcast_1_piece0 in memory on 172.20.0.8:38211 (size: 8.0 KiB, free: 1048.8 MiB)
[2024-06-25T13:05:04.488+0000] {spark_submit.py:571} INFO - 24/06/25 13:05:04 INFO BlockManagerInfo: Added broadcast_2_piece0 in memory on 172.20.0.9:39491 (size: 7.5 KiB, free: 1048.8 MiB)
[2024-06-25T13:05:04.492+0000] {spark_submit.py:571} INFO - 24/06/25 13:05:04 INFO BlockManagerInfo: Added broadcast_0_piece0 in memory on 172.20.0.8:38211 (size: 7.5 KiB, free: 1048.8 MiB)
[2024-06-25T13:05:04.494+0000] {spark_submit.py:571} INFO - 24/06/25 13:05:04 INFO BlockManagerInfo: Added broadcast_3_piece0 in memory on 172.20.0.9:39491 (size: 7.6 KiB, free: 1048.8 MiB)
[2024-06-25T13:05:05.902+0000] {spark_submit.py:571} INFO - 24/06/25 13:05:05 INFO TaskSetManager: Finished task 0.0 in stage 3.0 (TID 3) in 1797 ms on 172.20.0.9 (executor 0) (1/1)
[2024-06-25T13:05:05.909+0000] {spark_submit.py:571} INFO - 24/06/25 13:05:05 INFO TaskSchedulerImpl: Removed TaskSet 3.0, whose tasks have all completed, from pool
[2024-06-25T13:05:05.909+0000] {spark_submit.py:571} INFO - 24/06/25 13:05:05 INFO TaskSetManager: Finished task 0.0 in stage 2.0 (TID 2) in 1826 ms on 172.20.0.9 (executor 0) (1/1)
[2024-06-25T13:05:05.910+0000] {spark_submit.py:571} INFO - 24/06/25 13:05:05 INFO TaskSchedulerImpl: Removed TaskSet 2.0, whose tasks have all completed, from pool
[2024-06-25T13:05:05.927+0000] {spark_submit.py:571} INFO - 24/06/25 13:05:05 INFO DAGScheduler: ShuffleMapStage 3 (toPandas at /opt/***/spark/jobs/supplier_monthly_revenue.py:65) finished in 1.842 s
[2024-06-25T13:05:05.930+0000] {spark_submit.py:571} INFO - 24/06/25 13:05:05 INFO DAGScheduler: looking for newly runnable stages
[2024-06-25T13:05:05.931+0000] {spark_submit.py:571} INFO - 24/06/25 13:05:05 INFO DAGScheduler: running: Set(ShuffleMapStage 0, ShuffleMapStage 1, ShuffleMapStage 2)
[2024-06-25T13:05:05.932+0000] {spark_submit.py:571} INFO - 24/06/25 13:05:05 INFO DAGScheduler: waiting: Set()
[2024-06-25T13:05:05.933+0000] {spark_submit.py:571} INFO - 24/06/25 13:05:05 INFO DAGScheduler: failed: Set()
[2024-06-25T13:05:05.959+0000] {spark_submit.py:571} INFO - 24/06/25 13:05:05 INFO DAGScheduler: ShuffleMapStage 2 (toPandas at /opt/***/spark/jobs/supplier_monthly_revenue.py:65) finished in 1.888 s
[2024-06-25T13:05:05.963+0000] {spark_submit.py:571} INFO - 24/06/25 13:05:05 INFO DAGScheduler: looking for newly runnable stages
[2024-06-25T13:05:05.966+0000] {spark_submit.py:571} INFO - 24/06/25 13:05:05 INFO DAGScheduler: running: Set(ShuffleMapStage 0, ShuffleMapStage 1)
[2024-06-25T13:05:05.970+0000] {spark_submit.py:571} INFO - 24/06/25 13:05:05 INFO DAGScheduler: waiting: Set()
[2024-06-25T13:05:05.971+0000] {spark_submit.py:571} INFO - 24/06/25 13:05:05 INFO DAGScheduler: failed: Set()
[2024-06-25T13:05:06.002+0000] {spark_submit.py:571} INFO - 24/06/25 13:05:06 INFO TaskSetManager: Finished task 0.0 in stage 1.0 (TID 1) in 1929 ms on 172.20.0.8 (executor 1) (1/1)
[2024-06-25T13:05:06.003+0000] {spark_submit.py:571} INFO - 24/06/25 13:05:06 INFO TaskSchedulerImpl: Removed TaskSet 1.0, whose tasks have all completed, from pool
[2024-06-25T13:05:06.004+0000] {spark_submit.py:571} INFO - 24/06/25 13:05:06 INFO DAGScheduler: ShuffleMapStage 1 (toPandas at /opt/***/spark/jobs/supplier_monthly_revenue.py:65) finished in 1.944 s
[2024-06-25T13:05:06.004+0000] {spark_submit.py:571} INFO - 24/06/25 13:05:06 INFO DAGScheduler: looking for newly runnable stages
[2024-06-25T13:05:06.005+0000] {spark_submit.py:571} INFO - 24/06/25 13:05:06 INFO DAGScheduler: running: Set(ShuffleMapStage 0)
[2024-06-25T13:05:06.006+0000] {spark_submit.py:571} INFO - 24/06/25 13:05:06 INFO DAGScheduler: waiting: Set()
[2024-06-25T13:05:06.006+0000] {spark_submit.py:571} INFO - 24/06/25 13:05:06 INFO DAGScheduler: failed: Set()
[2024-06-25T13:05:06.052+0000] {spark_submit.py:571} INFO - 24/06/25 13:05:06 INFO ShufflePartitionsUtil: For shuffle(1), advisory target size: 67108864, actual target size 1048576, minimum partition size: 1048576
[2024-06-25T13:05:06.064+0000] {spark_submit.py:571} INFO - 24/06/25 13:05:06 INFO ShufflePartitionsUtil: For shuffle(2), advisory target size: 67108864, actual target size 1048576, minimum partition size: 1048576
[2024-06-25T13:05:06.122+0000] {spark_submit.py:571} INFO - 24/06/25 13:05:06 INFO SparkContext: Starting job: toPandas at /opt/***/spark/jobs/supplier_monthly_revenue.py:65
[2024-06-25T13:05:06.124+0000] {spark_submit.py:571} INFO - 24/06/25 13:05:06 INFO SparkContext: Starting job: toPandas at /opt/***/spark/jobs/supplier_monthly_revenue.py:65
[2024-06-25T13:05:06.126+0000] {spark_submit.py:571} INFO - 24/06/25 13:05:06 INFO DAGScheduler: Got job 4 (toPandas at /opt/***/spark/jobs/supplier_monthly_revenue.py:65) with 1 output partitions
[2024-06-25T13:05:06.127+0000] {spark_submit.py:571} INFO - 24/06/25 13:05:06 INFO DAGScheduler: Final stage: ResultStage 5 (toPandas at /opt/***/spark/jobs/supplier_monthly_revenue.py:65)
[2024-06-25T13:05:06.127+0000] {spark_submit.py:571} INFO - 24/06/25 13:05:06 INFO DAGScheduler: Parents of final stage: List(ShuffleMapStage 4)
[2024-06-25T13:05:06.128+0000] {spark_submit.py:571} INFO - 24/06/25 13:05:06 INFO DAGScheduler: Missing parents: List()
[2024-06-25T13:05:06.128+0000] {spark_submit.py:571} INFO - 24/06/25 13:05:06 INFO DAGScheduler: Submitting ResultStage 5 (MapPartitionsRDD[15] at toPandas at /opt/***/spark/jobs/supplier_monthly_revenue.py:65), which has no missing parents
[2024-06-25T13:05:06.138+0000] {spark_submit.py:571} INFO - 24/06/25 13:05:06 INFO MemoryStore: Block broadcast_4 stored as values in memory (estimated size 8.2 KiB, free 1048.7 MiB)
[2024-06-25T13:05:06.144+0000] {spark_submit.py:571} INFO - 24/06/25 13:05:06 INFO MemoryStore: Block broadcast_4_piece0 stored as bytes in memory (estimated size 4.2 KiB, free 1048.7 MiB)
[2024-06-25T13:05:06.145+0000] {spark_submit.py:571} INFO - 24/06/25 13:05:06 INFO BlockManagerInfo: Added broadcast_4_piece0 in memory on e32126fe0c41:41383 (size: 4.2 KiB, free: 1048.8 MiB)
[2024-06-25T13:05:06.148+0000] {spark_submit.py:571} INFO - 24/06/25 13:05:06 INFO SparkContext: Created broadcast 4 from broadcast at DAGScheduler.scala:1585
[2024-06-25T13:05:06.150+0000] {spark_submit.py:571} INFO - 24/06/25 13:05:06 INFO DAGScheduler: Submitting 1 missing tasks from ResultStage 5 (MapPartitionsRDD[15] at toPandas at /opt/***/spark/jobs/supplier_monthly_revenue.py:65) (first 15 tasks are for partitions Vector(0))
[2024-06-25T13:05:06.152+0000] {spark_submit.py:571} INFO - 24/06/25 13:05:06 INFO TaskSchedulerImpl: Adding task set 5.0 with 1 tasks resource profile 0
[2024-06-25T13:05:06.155+0000] {spark_submit.py:571} INFO - 24/06/25 13:05:06 INFO DAGScheduler: Got job 5 (toPandas at /opt/***/spark/jobs/supplier_monthly_revenue.py:65) with 1 output partitions
[2024-06-25T13:05:06.156+0000] {spark_submit.py:571} INFO - 24/06/25 13:05:06 INFO DAGScheduler: Final stage: ResultStage 7 (toPandas at /opt/***/spark/jobs/supplier_monthly_revenue.py:65)
[2024-06-25T13:05:06.163+0000] {spark_submit.py:571} INFO - 24/06/25 13:05:06 INFO DAGScheduler: Parents of final stage: List(ShuffleMapStage 6)
[2024-06-25T13:05:06.164+0000] {spark_submit.py:571} INFO - 24/06/25 13:05:06 INFO DAGScheduler: Missing parents: List()
[2024-06-25T13:05:06.164+0000] {spark_submit.py:571} INFO - 24/06/25 13:05:06 INFO DAGScheduler: Submitting ResultStage 7 (MapPartitionsRDD[14] at toPandas at /opt/***/spark/jobs/supplier_monthly_revenue.py:65), which has no missing parents
[2024-06-25T13:05:06.165+0000] {spark_submit.py:571} INFO - 24/06/25 13:05:06 INFO TaskSetManager: Starting task 0.0 in stage 5.0 (TID 4) (172.20.0.9, executor 0, partition 0, NODE_LOCAL, 7818 bytes)
[2024-06-25T13:05:06.165+0000] {spark_submit.py:571} INFO - 24/06/25 13:05:06 INFO TaskSetManager: Finished task 0.0 in stage 0.0 (TID 0) in 2100 ms on 172.20.0.8 (executor 1) (1/1)
[2024-06-25T13:05:06.166+0000] {spark_submit.py:571} INFO - 24/06/25 13:05:06 INFO TaskSchedulerImpl: Removed TaskSet 0.0, whose tasks have all completed, from pool
[2024-06-25T13:05:06.168+0000] {spark_submit.py:571} INFO - 24/06/25 13:05:06 INFO MemoryStore: Block broadcast_5 stored as values in memory (estimated size 8.2 KiB, free 1048.7 MiB)
[2024-06-25T13:05:06.168+0000] {spark_submit.py:571} INFO - 24/06/25 13:05:06 INFO MemoryStore: Block broadcast_5_piece0 stored as bytes in memory (estimated size 4.2 KiB, free 1048.7 MiB)
[2024-06-25T13:05:06.168+0000] {spark_submit.py:571} INFO - 24/06/25 13:05:06 INFO BlockManagerInfo: Added broadcast_5_piece0 in memory on e32126fe0c41:41383 (size: 4.2 KiB, free: 1048.8 MiB)
[2024-06-25T13:05:06.169+0000] {spark_submit.py:571} INFO - 24/06/25 13:05:06 INFO SparkContext: Created broadcast 5 from broadcast at DAGScheduler.scala:1585
[2024-06-25T13:05:06.169+0000] {spark_submit.py:571} INFO - 24/06/25 13:05:06 INFO DAGScheduler: Submitting 1 missing tasks from ResultStage 7 (MapPartitionsRDD[14] at toPandas at /opt/***/spark/jobs/supplier_monthly_revenue.py:65) (first 15 tasks are for partitions Vector(0))
[2024-06-25T13:05:06.169+0000] {spark_submit.py:571} INFO - 24/06/25 13:05:06 INFO TaskSchedulerImpl: Adding task set 7.0 with 1 tasks resource profile 0
[2024-06-25T13:05:06.171+0000] {spark_submit.py:571} INFO - 24/06/25 13:05:06 INFO DAGScheduler: ShuffleMapStage 0 (toPandas at /opt/***/spark/jobs/supplier_monthly_revenue.py:65) finished in 2.224 s
[2024-06-25T13:05:06.172+0000] {spark_submit.py:571} INFO - 24/06/25 13:05:06 INFO TaskSetManager: Starting task 0.0 in stage 7.0 (TID 5) (172.20.0.8, executor 1, partition 0, NODE_LOCAL, 7818 bytes)
[2024-06-25T13:05:06.172+0000] {spark_submit.py:571} INFO - 24/06/25 13:05:06 INFO DAGScheduler: looking for newly runnable stages
[2024-06-25T13:05:06.173+0000] {spark_submit.py:571} INFO - 24/06/25 13:05:06 INFO DAGScheduler: running: Set(ResultStage 5, ResultStage 7)
[2024-06-25T13:05:06.173+0000] {spark_submit.py:571} INFO - 24/06/25 13:05:06 INFO DAGScheduler: waiting: Set()
[2024-06-25T13:05:06.173+0000] {spark_submit.py:571} INFO - 24/06/25 13:05:06 INFO DAGScheduler: failed: Set()
[2024-06-25T13:05:06.195+0000] {spark_submit.py:571} INFO - 24/06/25 13:05:06 INFO BlockManagerInfo: Added broadcast_4_piece0 in memory on 172.20.0.9:39491 (size: 4.2 KiB, free: 1048.8 MiB)
[2024-06-25T13:05:06.200+0000] {spark_submit.py:571} INFO - 24/06/25 13:05:06 INFO BlockManagerInfo: Added broadcast_5_piece0 in memory on 172.20.0.8:38211 (size: 4.2 KiB, free: 1048.8 MiB)
[2024-06-25T13:05:06.265+0000] {spark_submit.py:571} INFO - 24/06/25 13:05:06 INFO MapOutputTrackerMasterEndpoint: Asked to send map output locations for shuffle 1 to 172.20.0.8:50252
[2024-06-25T13:05:06.265+0000] {spark_submit.py:571} INFO - 24/06/25 13:05:06 INFO MapOutputTrackerMasterEndpoint: Asked to send map output locations for shuffle 2 to 172.20.0.9:44506
[2024-06-25T13:05:06.351+0000] {spark_submit.py:571} INFO - 24/06/25 13:05:06 INFO TaskSetManager: Finished task 0.0 in stage 5.0 (TID 4) in 194 ms on 172.20.0.9 (executor 0) (1/1)
[2024-06-25T13:05:06.352+0000] {spark_submit.py:571} INFO - 24/06/25 13:05:06 INFO TaskSchedulerImpl: Removed TaskSet 5.0, whose tasks have all completed, from pool
[2024-06-25T13:05:06.354+0000] {spark_submit.py:571} INFO - 24/06/25 13:05:06 INFO DAGScheduler: ResultStage 5 (toPandas at /opt/***/spark/jobs/supplier_monthly_revenue.py:65) finished in 0.223 s
[2024-06-25T13:05:06.356+0000] {spark_submit.py:571} INFO - 24/06/25 13:05:06 INFO DAGScheduler: Job 4 is finished. Cancelling potential speculative or zombie tasks for this job
[2024-06-25T13:05:06.360+0000] {spark_submit.py:571} INFO - 24/06/25 13:05:06 INFO TaskSchedulerImpl: Killing all running tasks in stage 5: Stage finished
[2024-06-25T13:05:06.361+0000] {spark_submit.py:571} INFO - 24/06/25 13:05:06 INFO DAGScheduler: Job 4 finished: toPandas at /opt/***/spark/jobs/supplier_monthly_revenue.py:65, took 0.233235 s
[2024-06-25T13:05:06.362+0000] {spark_submit.py:571} INFO - 24/06/25 13:05:06 INFO TaskSetManager: Finished task 0.0 in stage 7.0 (TID 5) in 188 ms on 172.20.0.8 (executor 1) (1/1)
[2024-06-25T13:05:06.363+0000] {spark_submit.py:571} INFO - 24/06/25 13:05:06 INFO TaskSchedulerImpl: Removed TaskSet 7.0, whose tasks have all completed, from pool
[2024-06-25T13:05:06.363+0000] {spark_submit.py:571} INFO - 24/06/25 13:05:06 INFO DAGScheduler: ResultStage 7 (toPandas at /opt/***/spark/jobs/supplier_monthly_revenue.py:65) finished in 0.201 s
[2024-06-25T13:05:06.364+0000] {spark_submit.py:571} INFO - 24/06/25 13:05:06 INFO DAGScheduler: Job 5 is finished. Cancelling potential speculative or zombie tasks for this job
[2024-06-25T13:05:06.364+0000] {spark_submit.py:571} INFO - 24/06/25 13:05:06 INFO TaskSchedulerImpl: Killing all running tasks in stage 7: Stage finished
[2024-06-25T13:05:06.365+0000] {spark_submit.py:571} INFO - 24/06/25 13:05:06 INFO DAGScheduler: Job 5 finished: toPandas at /opt/***/spark/jobs/supplier_monthly_revenue.py:65, took 0.235011 s
[2024-06-25T13:05:06.426+0000] {spark_submit.py:571} INFO - 24/06/25 13:05:06 INFO CodeGenerator: Code generated in 22.779917 ms
[2024-06-25T13:05:06.443+0000] {spark_submit.py:571} INFO - 24/06/25 13:05:06 INFO MemoryStore: Block broadcast_6_piece0 stored as bytes in memory (estimated size 1281.0 B, free 1048.7 MiB)
[2024-06-25T13:05:06.443+0000] {spark_submit.py:571} INFO - 24/06/25 13:05:06 INFO MemoryStore: Block broadcast_7_piece0 stored as bytes in memory (estimated size 58.3 KiB, free 1048.6 MiB)
[2024-06-25T13:05:06.444+0000] {spark_submit.py:571} INFO - 24/06/25 13:05:06 INFO BlockManagerInfo: Added broadcast_6_piece0 in memory on e32126fe0c41:41383 (size: 1281.0 B, free: 1048.8 MiB)
[2024-06-25T13:05:06.444+0000] {spark_submit.py:571} INFO - 24/06/25 13:05:06 INFO BlockManagerInfo: Added broadcast_7_piece0 in memory on e32126fe0c41:41383 (size: 58.3 KiB, free: 1048.7 MiB)
[2024-06-25T13:05:06.445+0000] {spark_submit.py:571} INFO - 24/06/25 13:05:06 INFO SparkContext: Created broadcast 6 from toPandas at /opt/***/spark/jobs/supplier_monthly_revenue.py:65
[2024-06-25T13:05:06.445+0000] {spark_submit.py:571} INFO - 24/06/25 13:05:06 INFO SparkContext: Created broadcast 7 from toPandas at /opt/***/spark/jobs/supplier_monthly_revenue.py:65
[2024-06-25T13:05:06.467+0000] {spark_submit.py:571} INFO - 24/06/25 13:05:06 INFO ShufflePartitionsUtil: For shuffle(0), advisory target size: 67108864, actual target size 1048576, minimum partition size: 1048576
[2024-06-25T13:05:06.493+0000] {spark_submit.py:571} INFO - 24/06/25 13:05:06 INFO HashAggregateExec: spark.sql.codegen.aggregate.map.twolevel.enabled is set to true, but current version of codegened fast hashmap does not support this aggregate.
[2024-06-25T13:05:06.590+0000] {spark_submit.py:571} INFO - 24/06/25 13:05:06 INFO CodeGenerator: Code generated in 42.651958 ms
[2024-06-25T13:05:06.631+0000] {spark_submit.py:571} INFO - 24/06/25 13:05:06 INFO DAGScheduler: Registering RDD 18 (toPandas at /opt/***/spark/jobs/supplier_monthly_revenue.py:65) as input to shuffle 4
[2024-06-25T13:05:06.632+0000] {spark_submit.py:571} INFO - 24/06/25 13:05:06 INFO DAGScheduler: Got map stage job 6 (toPandas at /opt/***/spark/jobs/supplier_monthly_revenue.py:65) with 1 output partitions
[2024-06-25T13:05:06.632+0000] {spark_submit.py:571} INFO - 24/06/25 13:05:06 INFO DAGScheduler: Final stage: ShuffleMapStage 9 (toPandas at /opt/***/spark/jobs/supplier_monthly_revenue.py:65)
[2024-06-25T13:05:06.632+0000] {spark_submit.py:571} INFO - 24/06/25 13:05:06 INFO DAGScheduler: Parents of final stage: List(ShuffleMapStage 8)
[2024-06-25T13:05:06.632+0000] {spark_submit.py:571} INFO - 24/06/25 13:05:06 INFO DAGScheduler: Missing parents: List()
[2024-06-25T13:05:06.632+0000] {spark_submit.py:571} INFO - 24/06/25 13:05:06 INFO DAGScheduler: Submitting ShuffleMapStage 9 (MapPartitionsRDD[18] at toPandas at /opt/***/spark/jobs/supplier_monthly_revenue.py:65), which has no missing parents
[2024-06-25T13:05:06.635+0000] {spark_submit.py:571} INFO - 24/06/25 13:05:06 INFO MemoryStore: Block broadcast_8 stored as values in memory (estimated size 62.7 KiB, free 1048.6 MiB)
[2024-06-25T13:05:06.637+0000] {spark_submit.py:571} INFO - 24/06/25 13:05:06 INFO MemoryStore: Block broadcast_8_piece0 stored as bytes in memory (estimated size 27.5 KiB, free 1048.5 MiB)
[2024-06-25T13:05:06.638+0000] {spark_submit.py:571} INFO - 24/06/25 13:05:06 INFO BlockManagerInfo: Added broadcast_8_piece0 in memory on e32126fe0c41:41383 (size: 27.5 KiB, free: 1048.7 MiB)
[2024-06-25T13:05:06.638+0000] {spark_submit.py:571} INFO - 24/06/25 13:05:06 INFO SparkContext: Created broadcast 8 from broadcast at DAGScheduler.scala:1585
[2024-06-25T13:05:06.638+0000] {spark_submit.py:571} INFO - 24/06/25 13:05:06 INFO DAGScheduler: Submitting 1 missing tasks from ShuffleMapStage 9 (MapPartitionsRDD[18] at toPandas at /opt/***/spark/jobs/supplier_monthly_revenue.py:65) (first 15 tasks are for partitions Vector(0))
[2024-06-25T13:05:06.638+0000] {spark_submit.py:571} INFO - 24/06/25 13:05:06 INFO TaskSchedulerImpl: Adding task set 9.0 with 1 tasks resource profile 0
[2024-06-25T13:05:06.639+0000] {spark_submit.py:571} INFO - 24/06/25 13:05:06 INFO TaskSetManager: Starting task 0.0 in stage 9.0 (TID 6) (172.20.0.8, executor 1, partition 0, NODE_LOCAL, 7807 bytes)
[2024-06-25T13:05:06.655+0000] {spark_submit.py:571} INFO - 24/06/25 13:05:06 INFO BlockManagerInfo: Added broadcast_8_piece0 in memory on 172.20.0.8:38211 (size: 27.5 KiB, free: 1048.8 MiB)
[2024-06-25T13:05:06.868+0000] {spark_submit.py:571} INFO - 24/06/25 13:05:06 INFO MapOutputTrackerMasterEndpoint: Asked to send map output locations for shuffle 0 to 172.20.0.8:50252
[2024-06-25T13:05:06.933+0000] {spark_submit.py:571} INFO - 24/06/25 13:05:06 INFO BlockManagerInfo: Added broadcast_7_piece0 in memory on 172.20.0.8:38211 (size: 58.3 KiB, free: 1048.7 MiB)
[2024-06-25T13:05:06.949+0000] {spark_submit.py:571} INFO - 24/06/25 13:05:06 INFO BlockManagerInfo: Added broadcast_6_piece0 in memory on 172.20.0.8:38211 (size: 1281.0 B, free: 1048.7 MiB)
[2024-06-25T13:05:07.236+0000] {spark_submit.py:571} INFO - 24/06/25 13:05:07 INFO TaskSetManager: Finished task 0.0 in stage 9.0 (TID 6) in 594 ms on 172.20.0.8 (executor 1) (1/1)
[2024-06-25T13:05:07.237+0000] {spark_submit.py:571} INFO - 24/06/25 13:05:07 INFO TaskSchedulerImpl: Removed TaskSet 9.0, whose tasks have all completed, from pool
[2024-06-25T13:05:07.247+0000] {spark_submit.py:571} INFO - 24/06/25 13:05:07 INFO DAGScheduler: ShuffleMapStage 9 (toPandas at /opt/***/spark/jobs/supplier_monthly_revenue.py:65) finished in 0.612 s
[2024-06-25T13:05:07.250+0000] {spark_submit.py:571} INFO - 24/06/25 13:05:07 INFO DAGScheduler: looking for newly runnable stages
[2024-06-25T13:05:07.255+0000] {spark_submit.py:571} INFO - 24/06/25 13:05:07 INFO DAGScheduler: running: Set()
[2024-06-25T13:05:07.256+0000] {spark_submit.py:571} INFO - 24/06/25 13:05:07 INFO DAGScheduler: waiting: Set()
[2024-06-25T13:05:07.257+0000] {spark_submit.py:571} INFO - 24/06/25 13:05:07 INFO DAGScheduler: failed: Set()
[2024-06-25T13:05:07.272+0000] {spark_submit.py:571} INFO - 24/06/25 13:05:07 INFO ShufflePartitionsUtil: For shuffle(4), advisory target size: 67108864, actual target size 1048576, minimum partition size: 1048576
[2024-06-25T13:05:07.287+0000] {spark_submit.py:571} INFO - 24/06/25 13:05:07 INFO HashAggregateExec: spark.sql.codegen.aggregate.map.twolevel.enabled is set to true, but current version of codegened fast hashmap does not support this aggregate.
[2024-06-25T13:05:07.322+0000] {spark_submit.py:571} INFO - 24/06/25 13:05:07 INFO CodeGenerator: Code generated in 17.67775 ms
[2024-06-25T13:05:07.347+0000] {spark_submit.py:571} INFO - 24/06/25 13:05:07 INFO SparkContext: Starting job: toPandas at /opt/***/spark/jobs/supplier_monthly_revenue.py:65
[2024-06-25T13:05:07.348+0000] {spark_submit.py:571} INFO - 24/06/25 13:05:07 INFO DAGScheduler: Got job 7 (toPandas at /opt/***/spark/jobs/supplier_monthly_revenue.py:65) with 1 output partitions
[2024-06-25T13:05:07.349+0000] {spark_submit.py:571} INFO - 24/06/25 13:05:07 INFO DAGScheduler: Final stage: ResultStage 12 (toPandas at /opt/***/spark/jobs/supplier_monthly_revenue.py:65)
[2024-06-25T13:05:07.349+0000] {spark_submit.py:571} INFO - 24/06/25 13:05:07 INFO DAGScheduler: Parents of final stage: List(ShuffleMapStage 11)
[2024-06-25T13:05:07.349+0000] {spark_submit.py:571} INFO - 24/06/25 13:05:07 INFO DAGScheduler: Missing parents: List()
[2024-06-25T13:05:07.350+0000] {spark_submit.py:571} INFO - 24/06/25 13:05:07 INFO DAGScheduler: Submitting ResultStage 12 (MapPartitionsRDD[21] at toPandas at /opt/***/spark/jobs/supplier_monthly_revenue.py:65), which has no missing parents
[2024-06-25T13:05:07.367+0000] {spark_submit.py:571} INFO - 24/06/25 13:05:07 INFO MemoryStore: Block broadcast_9 stored as values in memory (estimated size 64.9 KiB, free 1048.5 MiB)
[2024-06-25T13:05:07.451+0000] {spark_submit.py:571} INFO - 24/06/25 13:05:07 INFO MemoryStore: Block broadcast_9_piece0 stored as bytes in memory (estimated size 28.1 KiB, free 1048.5 MiB)
[2024-06-25T13:05:07.453+0000] {spark_submit.py:571} INFO - 24/06/25 13:05:07 INFO BlockManagerInfo: Added broadcast_9_piece0 in memory on e32126fe0c41:41383 (size: 28.1 KiB, free: 1048.6 MiB)
[2024-06-25T13:05:07.467+0000] {spark_submit.py:571} INFO - 24/06/25 13:05:07 INFO SparkContext: Created broadcast 9 from broadcast at DAGScheduler.scala:1585
[2024-06-25T13:05:07.481+0000] {spark_submit.py:571} INFO - 24/06/25 13:05:07 INFO DAGScheduler: Submitting 1 missing tasks from ResultStage 12 (MapPartitionsRDD[21] at toPandas at /opt/***/spark/jobs/supplier_monthly_revenue.py:65) (first 15 tasks are for partitions Vector(0))
[2024-06-25T13:05:07.483+0000] {spark_submit.py:571} INFO - 24/06/25 13:05:07 INFO TaskSchedulerImpl: Adding task set 12.0 with 1 tasks resource profile 0
[2024-06-25T13:05:07.484+0000] {spark_submit.py:571} INFO - 24/06/25 13:05:07 INFO TaskSetManager: Starting task 0.0 in stage 12.0 (TID 7) (172.20.0.8, executor 1, partition 0, NODE_LOCAL, 7799 bytes)
[2024-06-25T13:05:07.529+0000] {spark_submit.py:571} INFO - 24/06/25 13:05:07 INFO BlockManagerInfo: Removed broadcast_0_piece0 on 172.20.0.8:38211 in memory (size: 7.5 KiB, free: 1048.7 MiB)
[2024-06-25T13:05:07.535+0000] {spark_submit.py:571} INFO - 24/06/25 13:05:07 INFO BlockManagerInfo: Removed broadcast_0_piece0 on e32126fe0c41:41383 in memory (size: 7.5 KiB, free: 1048.7 MiB)
[2024-06-25T13:05:07.550+0000] {spark_submit.py:571} INFO - 24/06/25 13:05:07 INFO BlockManagerInfo: Added broadcast_9_piece0 in memory on 172.20.0.8:38211 (size: 28.1 KiB, free: 1048.7 MiB)
[2024-06-25T13:05:07.602+0000] {spark_submit.py:571} INFO - 24/06/25 13:05:07 INFO MapOutputTrackerMasterEndpoint: Asked to send map output locations for shuffle 4 to 172.20.0.8:50252
[2024-06-25T13:05:07.608+0000] {spark_submit.py:571} INFO - 24/06/25 13:05:07 INFO BlockManagerInfo: Removed broadcast_5_piece0 on e32126fe0c41:41383 in memory (size: 4.2 KiB, free: 1048.7 MiB)
[2024-06-25T13:05:07.612+0000] {spark_submit.py:571} INFO - 24/06/25 13:05:07 INFO BlockManagerInfo: Removed broadcast_5_piece0 on 172.20.0.8:38211 in memory (size: 4.2 KiB, free: 1048.7 MiB)
[2024-06-25T13:05:07.628+0000] {spark_submit.py:571} INFO - 24/06/25 13:05:07 INFO BlockManagerInfo: Removed broadcast_2_piece0 on e32126fe0c41:41383 in memory (size: 7.5 KiB, free: 1048.7 MiB)
[2024-06-25T13:05:07.639+0000] {spark_submit.py:571} INFO - 24/06/25 13:05:07 INFO BlockManagerInfo: Removed broadcast_2_piece0 on 172.20.0.9:39491 in memory (size: 7.5 KiB, free: 1048.8 MiB)
[2024-06-25T13:05:07.653+0000] {spark_submit.py:571} INFO - 24/06/25 13:05:07 INFO BlockManagerInfo: Removed broadcast_3_piece0 on e32126fe0c41:41383 in memory (size: 7.6 KiB, free: 1048.7 MiB)
[2024-06-25T13:05:07.657+0000] {spark_submit.py:571} INFO - 24/06/25 13:05:07 INFO BlockManagerInfo: Removed broadcast_3_piece0 on 172.20.0.9:39491 in memory (size: 7.6 KiB, free: 1048.8 MiB)
[2024-06-25T13:05:07.676+0000] {spark_submit.py:571} INFO - 24/06/25 13:05:07 INFO BlockManagerInfo: Removed broadcast_4_piece0 on e32126fe0c41:41383 in memory (size: 4.2 KiB, free: 1048.7 MiB)
[2024-06-25T13:05:07.681+0000] {spark_submit.py:571} INFO - 24/06/25 13:05:07 INFO BlockManagerInfo: Removed broadcast_4_piece0 on 172.20.0.9:39491 in memory (size: 4.2 KiB, free: 1048.8 MiB)
[2024-06-25T13:05:07.716+0000] {spark_submit.py:571} INFO - 24/06/25 13:05:07 INFO BlockManagerInfo: Removed broadcast_8_piece0 on e32126fe0c41:41383 in memory (size: 27.5 KiB, free: 1048.7 MiB)
[2024-06-25T13:05:07.727+0000] {spark_submit.py:571} INFO - 24/06/25 13:05:07 INFO BlockManagerInfo: Removed broadcast_8_piece0 on 172.20.0.8:38211 in memory (size: 27.5 KiB, free: 1048.7 MiB)
[2024-06-25T13:05:07.729+0000] {spark_submit.py:571} INFO - 24/06/25 13:05:07 INFO TaskSetManager: Finished task 0.0 in stage 12.0 (TID 7) in 253 ms on 172.20.0.8 (executor 1) (1/1)
[2024-06-25T13:05:07.729+0000] {spark_submit.py:571} INFO - 24/06/25 13:05:07 INFO TaskSchedulerImpl: Removed TaskSet 12.0, whose tasks have all completed, from pool
[2024-06-25T13:05:07.731+0000] {spark_submit.py:571} INFO - 24/06/25 13:05:07 INFO DAGScheduler: ResultStage 12 (toPandas at /opt/***/spark/jobs/supplier_monthly_revenue.py:65) finished in 0.367 s
[2024-06-25T13:05:07.732+0000] {spark_submit.py:571} INFO - 24/06/25 13:05:07 INFO DAGScheduler: Job 7 is finished. Cancelling potential speculative or zombie tasks for this job
[2024-06-25T13:05:07.733+0000] {spark_submit.py:571} INFO - 24/06/25 13:05:07 INFO TaskSchedulerImpl: Killing all running tasks in stage 12: Stage finished
[2024-06-25T13:05:07.734+0000] {spark_submit.py:571} INFO - 24/06/25 13:05:07 INFO DAGScheduler: Job 7 finished: toPandas at /opt/***/spark/jobs/supplier_monthly_revenue.py:65, took 0.385068 s
[2024-06-25T13:05:07.748+0000] {spark_submit.py:571} INFO - 24/06/25 13:05:07 INFO BlockManagerInfo: Removed broadcast_1_piece0 on e32126fe0c41:41383 in memory (size: 8.0 KiB, free: 1048.7 MiB)
[2024-06-25T13:05:07.753+0000] {spark_submit.py:571} INFO - 24/06/25 13:05:07 INFO BlockManagerInfo: Removed broadcast_1_piece0 on 172.20.0.8:38211 in memory (size: 8.0 KiB, free: 1048.7 MiB)
[2024-06-25T13:05:07.754+0000] {spark_submit.py:571} INFO - 24/06/25 13:05:07 INFO CodeGenerator: Code generated in 10.031209 ms
[2024-06-25T13:05:07.757+0000] {spark_submit.py:571} INFO - 24/06/25 13:05:07 INFO MemoryStore: Block broadcast_10_piece0 stored as bytes in memory (estimated size 15.1 KiB, free 1048.6 MiB)
[2024-06-25T13:05:07.759+0000] {spark_submit.py:571} INFO - 24/06/25 13:05:07 INFO BlockManagerInfo: Added broadcast_10_piece0 in memory on e32126fe0c41:41383 (size: 15.1 KiB, free: 1048.7 MiB)
[2024-06-25T13:05:07.760+0000] {spark_submit.py:571} INFO - 24/06/25 13:05:07 INFO SparkContext: Created broadcast 10 from toPandas at /opt/***/spark/jobs/supplier_monthly_revenue.py:65
[2024-06-25T13:05:07.770+0000] {spark_submit.py:571} INFO - 24/06/25 13:05:07 INFO ShufflePartitionsUtil: For shuffle(3), advisory target size: 67108864, actual target size 1048576, minimum partition size: 1048576
[2024-06-25T13:05:07.789+0000] {spark_submit.py:571} INFO - 24/06/25 13:05:07 INFO CodeGenerator: Code generated in 7.847334 ms
[2024-06-25T13:05:07.801+0000] {spark_submit.py:571} INFO - 24/06/25 13:05:07 INFO SparkContext: Starting job: toPandas at /opt/***/spark/jobs/supplier_monthly_revenue.py:65
[2024-06-25T13:05:07.801+0000] {spark_submit.py:571} INFO - 24/06/25 13:05:07 INFO DAGScheduler: Got job 8 (toPandas at /opt/***/spark/jobs/supplier_monthly_revenue.py:65) with 1 output partitions
[2024-06-25T13:05:07.802+0000] {spark_submit.py:571} INFO - 24/06/25 13:05:07 INFO DAGScheduler: Final stage: ResultStage 14 (toPandas at /opt/***/spark/jobs/supplier_monthly_revenue.py:65)
[2024-06-25T13:05:07.802+0000] {spark_submit.py:571} INFO - 24/06/25 13:05:07 INFO DAGScheduler: Parents of final stage: List(ShuffleMapStage 13)
[2024-06-25T13:05:07.802+0000] {spark_submit.py:571} INFO - 24/06/25 13:05:07 INFO DAGScheduler: Missing parents: List()
[2024-06-25T13:05:07.802+0000] {spark_submit.py:571} INFO - 24/06/25 13:05:07 INFO DAGScheduler: Submitting ResultStage 14 (MapPartitionsRDD[24] at toPandas at /opt/***/spark/jobs/supplier_monthly_revenue.py:65), which has no missing parents
[2024-06-25T13:05:07.804+0000] {spark_submit.py:571} INFO - 24/06/25 13:05:07 INFO MemoryStore: Block broadcast_11 stored as values in memory (estimated size 13.9 KiB, free 1048.6 MiB)
[2024-06-25T13:05:07.806+0000] {spark_submit.py:571} INFO - 24/06/25 13:05:07 INFO MemoryStore: Block broadcast_11_piece0 stored as bytes in memory (estimated size 6.5 KiB, free 1048.6 MiB)
[2024-06-25T13:05:07.807+0000] {spark_submit.py:571} INFO - 24/06/25 13:05:07 INFO BlockManagerInfo: Added broadcast_11_piece0 in memory on e32126fe0c41:41383 (size: 6.5 KiB, free: 1048.7 MiB)
[2024-06-25T13:05:07.807+0000] {spark_submit.py:571} INFO - 24/06/25 13:05:07 INFO SparkContext: Created broadcast 11 from broadcast at DAGScheduler.scala:1585
[2024-06-25T13:05:07.808+0000] {spark_submit.py:571} INFO - 24/06/25 13:05:07 INFO DAGScheduler: Submitting 1 missing tasks from ResultStage 14 (MapPartitionsRDD[24] at toPandas at /opt/***/spark/jobs/supplier_monthly_revenue.py:65) (first 15 tasks are for partitions Vector(0))
[2024-06-25T13:05:07.808+0000] {spark_submit.py:571} INFO - 24/06/25 13:05:07 INFO TaskSchedulerImpl: Adding task set 14.0 with 1 tasks resource profile 0
[2024-06-25T13:05:07.809+0000] {spark_submit.py:571} INFO - 24/06/25 13:05:07 INFO TaskSetManager: Starting task 0.0 in stage 14.0 (TID 8) (172.20.0.9, executor 0, partition 0, NODE_LOCAL, 7818 bytes)
[2024-06-25T13:05:07.827+0000] {spark_submit.py:571} INFO - 24/06/25 13:05:07 INFO BlockManagerInfo: Added broadcast_11_piece0 in memory on 172.20.0.9:39491 (size: 6.5 KiB, free: 1048.8 MiB)
[2024-06-25T13:05:07.835+0000] {spark_submit.py:571} INFO - 24/06/25 13:05:07 INFO MapOutputTrackerMasterEndpoint: Asked to send map output locations for shuffle 3 to 172.20.0.9:44506
[2024-06-25T13:05:07.883+0000] {spark_submit.py:571} INFO - 24/06/25 13:05:07 INFO BlockManagerInfo: Added broadcast_10_piece0 in memory on 172.20.0.9:39491 (size: 15.1 KiB, free: 1048.8 MiB)
[2024-06-25T13:05:07.910+0000] {spark_submit.py:571} INFO - 24/06/25 13:05:07 INFO TaskSetManager: Finished task 0.0 in stage 14.0 (TID 8) in 100 ms on 172.20.0.9 (executor 0) (1/1)
[2024-06-25T13:05:07.910+0000] {spark_submit.py:571} INFO - 24/06/25 13:05:07 INFO TaskSchedulerImpl: Removed TaskSet 14.0, whose tasks have all completed, from pool
[2024-06-25T13:05:07.911+0000] {spark_submit.py:571} INFO - 24/06/25 13:05:07 INFO DAGScheduler: ResultStage 14 (toPandas at /opt/***/spark/jobs/supplier_monthly_revenue.py:65) finished in 0.107 s
[2024-06-25T13:05:07.912+0000] {spark_submit.py:571} INFO - 24/06/25 13:05:07 INFO DAGScheduler: Job 8 is finished. Cancelling potential speculative or zombie tasks for this job
[2024-06-25T13:05:07.912+0000] {spark_submit.py:571} INFO - 24/06/25 13:05:07 INFO TaskSchedulerImpl: Killing all running tasks in stage 14: Stage finished
[2024-06-25T13:05:07.913+0000] {spark_submit.py:571} INFO - 24/06/25 13:05:07 INFO DAGScheduler: Job 8 finished: toPandas at /opt/***/spark/jobs/supplier_monthly_revenue.py:65, took 0.110074 s
[2024-06-25T13:05:08.157+0000] {spark_submit.py:571} INFO - Data successfully written to output/dm_supplier_monthly_revenue.csv
[2024-06-25T13:05:08.194+0000] {spark_submit.py:571} INFO - 24/06/25 13:05:08 INFO SparkContext: SparkContext is stopping with exitCode 0.
[2024-06-25T13:05:08.217+0000] {spark_submit.py:571} INFO - 24/06/25 13:05:08 INFO SparkUI: Stopped Spark web UI at http://e32126fe0c41:4040
[2024-06-25T13:05:08.251+0000] {spark_submit.py:571} INFO - 24/06/25 13:05:08 INFO StandaloneSchedulerBackend: Shutting down all executors
[2024-06-25T13:05:08.254+0000] {spark_submit.py:571} INFO - 24/06/25 13:05:08 INFO StandaloneSchedulerBackend$StandaloneDriverEndpoint: Asking each executor to shut down
[2024-06-25T13:05:08.381+0000] {spark_submit.py:571} INFO - 24/06/25 13:05:08 INFO MapOutputTrackerMasterEndpoint: MapOutputTrackerMasterEndpoint stopped!
[2024-06-25T13:05:08.591+0000] {spark_submit.py:571} INFO - 24/06/25 13:05:08 INFO MemoryStore: MemoryStore cleared
[2024-06-25T13:05:08.597+0000] {spark_submit.py:571} INFO - 24/06/25 13:05:08 INFO BlockManager: BlockManager stopped
[2024-06-25T13:05:08.606+0000] {spark_submit.py:571} INFO - 24/06/25 13:05:08 INFO BlockManagerMaster: BlockManagerMaster stopped
[2024-06-25T13:05:08.649+0000] {spark_submit.py:571} INFO - 24/06/25 13:05:08 INFO OutputCommitCoordinator$OutputCommitCoordinatorEndpoint: OutputCommitCoordinator stopped!
[2024-06-25T13:05:08.691+0000] {spark_submit.py:571} INFO - 24/06/25 13:05:08 INFO SparkContext: Successfully stopped SparkContext
[2024-06-25T13:05:08.981+0000] {spark_submit.py:571} INFO - 24/06/25 13:05:08 INFO ShutdownHookManager: Shutdown hook called
[2024-06-25T13:05:08.982+0000] {spark_submit.py:571} INFO - 24/06/25 13:05:08 INFO ShutdownHookManager: Deleting directory /tmp/spark-979f0f17-8684-4e55-a493-ab934e476af9
[2024-06-25T13:05:08.987+0000] {spark_submit.py:571} INFO - 24/06/25 13:05:08 INFO ShutdownHookManager: Deleting directory /tmp/spark-25ac241c-4583-4a2b-975f-434adc1d3802
[2024-06-25T13:05:08.992+0000] {spark_submit.py:571} INFO - 24/06/25 13:05:08 INFO ShutdownHookManager: Deleting directory /tmp/spark-979f0f17-8684-4e55-a493-ab934e476af9/pyspark-0b81aa2a-f380-45e3-b351-6ba2bcaedf99
[2024-06-25T13:05:09.101+0000] {taskinstance.py:1398} INFO - Marking task as SUCCESS. dag_id=spark_flow, task_id=spark.spark_transform.supplier_monthly_revenue, execution_date=20240625T130307, start_date=20240625T130456, end_date=20240625T130509
[2024-06-25T13:05:09.139+0000] {local_task_job_runner.py:228} INFO - Task exited with return code 0
[2024-06-25T13:05:09.202+0000] {taskinstance.py:2776} INFO - 1 downstream tasks scheduled from follow-on schedule check
