[2024-06-25T12:59:59.837+0000] {processor.py:157} INFO - Started process (PID=185) to work on /opt/airflow/dags/spark.py
[2024-06-25T12:59:59.838+0000] {processor.py:829} INFO - Processing file /opt/airflow/dags/spark.py for tasks to queue
[2024-06-25T12:59:59.841+0000] {logging_mixin.py:151} INFO - [2024-06-25T12:59:59.841+0000] {dagbag.py:539} INFO - Filling up the DagBag from /opt/airflow/dags/spark.py
[2024-06-25T12:59:59.851+0000] {processor.py:839} INFO - DAG(s) dict_keys(['spark_flow_test']) retrieved from /opt/airflow/dags/spark.py
[2024-06-25T12:59:59.922+0000] {logging_mixin.py:151} INFO - [2024-06-25T12:59:59.922+0000] {manager.py:499} INFO - Created Permission View: %s
[2024-06-25T12:59:59.927+0000] {logging_mixin.py:151} INFO - [2024-06-25T12:59:59.927+0000] {manager.py:499} INFO - Created Permission View: %s
[2024-06-25T12:59:59.931+0000] {logging_mixin.py:151} INFO - [2024-06-25T12:59:59.931+0000] {manager.py:499} INFO - Created Permission View: %s
[2024-06-25T12:59:59.931+0000] {logging_mixin.py:151} INFO - [2024-06-25T12:59:59.931+0000] {security.py:708} INFO - Not syncing DAG-level permissions for DAG 'DAG:spark_flow_test' as access control is unset.
[2024-06-25T12:59:59.932+0000] {logging_mixin.py:151} INFO - [2024-06-25T12:59:59.931+0000] {dag.py:2915} INFO - Sync 1 DAGs
[2024-06-25T12:59:59.939+0000] {logging_mixin.py:151} INFO - [2024-06-25T12:59:59.939+0000] {dag.py:2937} INFO - Creating ORM DAG for spark_flow_test
[2024-06-25T12:59:59.943+0000] {logging_mixin.py:151} INFO - [2024-06-25T12:59:59.943+0000] {dag.py:3696} INFO - Setting next_dagrun for spark_flow_test to 2024-06-24T00:00:00+00:00, run_after=2024-06-25T00:00:00+00:00
[2024-06-25T12:59:59.949+0000] {processor.py:179} INFO - Processing /opt/airflow/dags/spark.py took 0.116 seconds
[2024-06-25T13:00:30.630+0000] {processor.py:157} INFO - Started process (PID=200) to work on /opt/airflow/dags/spark.py
[2024-06-25T13:00:30.631+0000] {processor.py:829} INFO - Processing file /opt/airflow/dags/spark.py for tasks to queue
[2024-06-25T13:00:30.635+0000] {logging_mixin.py:151} INFO - [2024-06-25T13:00:30.634+0000] {dagbag.py:539} INFO - Filling up the DagBag from /opt/airflow/dags/spark.py
[2024-06-25T13:00:30.643+0000] {processor.py:839} INFO - DAG(s) dict_keys(['spark_flow_test']) retrieved from /opt/airflow/dags/spark.py
[2024-06-25T13:00:30.656+0000] {logging_mixin.py:151} INFO - [2024-06-25T13:00:30.656+0000] {dag.py:2915} INFO - Sync 1 DAGs
[2024-06-25T13:00:30.665+0000] {logging_mixin.py:151} INFO - [2024-06-25T13:00:30.665+0000] {dag.py:3696} INFO - Setting next_dagrun for spark_flow_test to 2024-06-24T00:00:00+00:00, run_after=2024-06-25T00:00:00+00:00
[2024-06-25T13:00:30.671+0000] {processor.py:179} INFO - Processing /opt/airflow/dags/spark.py took 0.044 seconds
[2024-06-25T13:01:01.752+0000] {processor.py:157} INFO - Started process (PID=215) to work on /opt/airflow/dags/spark.py
[2024-06-25T13:01:01.754+0000] {processor.py:829} INFO - Processing file /opt/airflow/dags/spark.py for tasks to queue
[2024-06-25T13:01:01.756+0000] {logging_mixin.py:151} INFO - [2024-06-25T13:01:01.756+0000] {dagbag.py:539} INFO - Filling up the DagBag from /opt/airflow/dags/spark.py
[2024-06-25T13:01:01.766+0000] {processor.py:839} INFO - DAG(s) dict_keys(['spark_flow_test']) retrieved from /opt/airflow/dags/spark.py
[2024-06-25T13:01:01.782+0000] {logging_mixin.py:151} INFO - [2024-06-25T13:01:01.782+0000] {dag.py:2915} INFO - Sync 1 DAGs
[2024-06-25T13:01:01.791+0000] {logging_mixin.py:151} INFO - [2024-06-25T13:01:01.791+0000] {dag.py:3696} INFO - Setting next_dagrun for spark_flow_test to 2024-06-24T00:00:00+00:00, run_after=2024-06-25T00:00:00+00:00
[2024-06-25T13:01:01.798+0000] {processor.py:179} INFO - Processing /opt/airflow/dags/spark.py took 0.049 seconds
[2024-06-25T13:01:32.407+0000] {processor.py:157} INFO - Started process (PID=230) to work on /opt/airflow/dags/spark.py
[2024-06-25T13:01:32.407+0000] {processor.py:829} INFO - Processing file /opt/airflow/dags/spark.py for tasks to queue
[2024-06-25T13:01:32.409+0000] {logging_mixin.py:151} INFO - [2024-06-25T13:01:32.409+0000] {dagbag.py:539} INFO - Filling up the DagBag from /opt/airflow/dags/spark.py
[2024-06-25T13:01:32.417+0000] {processor.py:839} INFO - DAG(s) dict_keys(['spark_flow_test']) retrieved from /opt/airflow/dags/spark.py
[2024-06-25T13:01:32.441+0000] {logging_mixin.py:151} INFO - [2024-06-25T13:01:32.440+0000] {dag.py:2915} INFO - Sync 1 DAGs
[2024-06-25T13:01:32.452+0000] {logging_mixin.py:151} INFO - [2024-06-25T13:01:32.452+0000] {dag.py:3696} INFO - Setting next_dagrun for spark_flow_test to 2024-06-24T00:00:00+00:00, run_after=2024-06-25T00:00:00+00:00
[2024-06-25T13:01:32.459+0000] {processor.py:179} INFO - Processing /opt/airflow/dags/spark.py took 0.054 seconds
[2024-06-25T13:02:03.105+0000] {processor.py:157} INFO - Started process (PID=245) to work on /opt/airflow/dags/spark.py
[2024-06-25T13:02:03.106+0000] {processor.py:829} INFO - Processing file /opt/airflow/dags/spark.py for tasks to queue
[2024-06-25T13:02:03.107+0000] {logging_mixin.py:151} INFO - [2024-06-25T13:02:03.107+0000] {dagbag.py:539} INFO - Filling up the DagBag from /opt/airflow/dags/spark.py
[2024-06-25T13:02:03.115+0000] {processor.py:839} INFO - DAG(s) dict_keys(['spark_flow_test']) retrieved from /opt/airflow/dags/spark.py
[2024-06-25T13:02:03.128+0000] {logging_mixin.py:151} INFO - [2024-06-25T13:02:03.127+0000] {dag.py:2915} INFO - Sync 1 DAGs
[2024-06-25T13:02:03.136+0000] {logging_mixin.py:151} INFO - [2024-06-25T13:02:03.136+0000] {dag.py:3696} INFO - Setting next_dagrun for spark_flow_test to 2024-06-24T00:00:00+00:00, run_after=2024-06-25T00:00:00+00:00
[2024-06-25T13:02:03.144+0000] {processor.py:179} INFO - Processing /opt/airflow/dags/spark.py took 0.040 seconds
[2024-06-25T13:02:33.813+0000] {processor.py:157} INFO - Started process (PID=260) to work on /opt/airflow/dags/spark.py
[2024-06-25T13:02:33.813+0000] {processor.py:829} INFO - Processing file /opt/airflow/dags/spark.py for tasks to queue
[2024-06-25T13:02:33.815+0000] {logging_mixin.py:151} INFO - [2024-06-25T13:02:33.815+0000] {dagbag.py:539} INFO - Filling up the DagBag from /opt/airflow/dags/spark.py
[2024-06-25T13:02:33.821+0000] {processor.py:839} INFO - DAG(s) dict_keys(['spark_flow_test']) retrieved from /opt/airflow/dags/spark.py
[2024-06-25T13:02:33.836+0000] {logging_mixin.py:151} INFO - [2024-06-25T13:02:33.835+0000] {dag.py:2915} INFO - Sync 1 DAGs
[2024-06-25T13:02:33.844+0000] {logging_mixin.py:151} INFO - [2024-06-25T13:02:33.844+0000] {dag.py:3696} INFO - Setting next_dagrun for spark_flow_test to 2024-06-24T00:00:00+00:00, run_after=2024-06-25T00:00:00+00:00
[2024-06-25T13:02:33.851+0000] {processor.py:179} INFO - Processing /opt/airflow/dags/spark.py took 0.040 seconds
[2024-06-25T13:03:04.772+0000] {processor.py:157} INFO - Started process (PID=275) to work on /opt/airflow/dags/spark.py
[2024-06-25T13:03:04.772+0000] {processor.py:829} INFO - Processing file /opt/airflow/dags/spark.py for tasks to queue
[2024-06-25T13:03:04.774+0000] {logging_mixin.py:151} INFO - [2024-06-25T13:03:04.773+0000] {dagbag.py:539} INFO - Filling up the DagBag from /opt/airflow/dags/spark.py
[2024-06-25T13:03:04.780+0000] {processor.py:839} INFO - DAG(s) dict_keys(['spark_flow_test']) retrieved from /opt/airflow/dags/spark.py
[2024-06-25T13:03:04.795+0000] {logging_mixin.py:151} INFO - [2024-06-25T13:03:04.795+0000] {dag.py:2915} INFO - Sync 1 DAGs
[2024-06-25T13:03:04.807+0000] {logging_mixin.py:151} INFO - [2024-06-25T13:03:04.806+0000] {dag.py:3696} INFO - Setting next_dagrun for spark_flow_test to 2024-06-24T00:00:00+00:00, run_after=2024-06-25T00:00:00+00:00
[2024-06-25T13:03:04.815+0000] {processor.py:179} INFO - Processing /opt/airflow/dags/spark.py took 0.045 seconds
[2024-06-25T13:03:35.299+0000] {processor.py:157} INFO - Started process (PID=349) to work on /opt/airflow/dags/spark.py
[2024-06-25T13:03:35.300+0000] {processor.py:829} INFO - Processing file /opt/airflow/dags/spark.py for tasks to queue
[2024-06-25T13:03:35.302+0000] {logging_mixin.py:151} INFO - [2024-06-25T13:03:35.302+0000] {dagbag.py:539} INFO - Filling up the DagBag from /opt/airflow/dags/spark.py
[2024-06-25T13:03:35.316+0000] {processor.py:839} INFO - DAG(s) dict_keys(['spark_flow_test']) retrieved from /opt/airflow/dags/spark.py
[2024-06-25T13:03:35.333+0000] {logging_mixin.py:151} INFO - [2024-06-25T13:03:35.333+0000] {dag.py:2915} INFO - Sync 1 DAGs
[2024-06-25T13:03:35.343+0000] {logging_mixin.py:151} INFO - [2024-06-25T13:03:35.343+0000] {dag.py:3696} INFO - Setting next_dagrun for spark_flow_test to 2024-06-24T00:00:00+00:00, run_after=2024-06-25T00:00:00+00:00
[2024-06-25T13:03:35.349+0000] {processor.py:179} INFO - Processing /opt/airflow/dags/spark.py took 0.054 seconds
[2024-06-25T13:04:06.439+0000] {processor.py:157} INFO - Started process (PID=658) to work on /opt/airflow/dags/spark.py
[2024-06-25T13:04:06.441+0000] {processor.py:829} INFO - Processing file /opt/airflow/dags/spark.py for tasks to queue
[2024-06-25T13:04:06.445+0000] {logging_mixin.py:151} INFO - [2024-06-25T13:04:06.444+0000] {dagbag.py:539} INFO - Filling up the DagBag from /opt/airflow/dags/spark.py
[2024-06-25T13:04:06.462+0000] {processor.py:839} INFO - DAG(s) dict_keys(['spark_flow_test']) retrieved from /opt/airflow/dags/spark.py
[2024-06-25T13:04:06.488+0000] {logging_mixin.py:151} INFO - [2024-06-25T13:04:06.487+0000] {dag.py:2915} INFO - Sync 1 DAGs
[2024-06-25T13:04:06.522+0000] {logging_mixin.py:151} INFO - [2024-06-25T13:04:06.522+0000] {dag.py:3696} INFO - Setting next_dagrun for spark_flow_test to 2024-06-24T00:00:00+00:00, run_after=2024-06-25T00:00:00+00:00
[2024-06-25T13:04:06.546+0000] {processor.py:179} INFO - Processing /opt/airflow/dags/spark.py took 0.110 seconds
[2024-06-25T13:04:37.204+0000] {processor.py:157} INFO - Started process (PID=1101) to work on /opt/airflow/dags/spark.py
[2024-06-25T13:04:37.206+0000] {processor.py:829} INFO - Processing file /opt/airflow/dags/spark.py for tasks to queue
[2024-06-25T13:04:37.212+0000] {logging_mixin.py:151} INFO - [2024-06-25T13:04:37.211+0000] {dagbag.py:539} INFO - Filling up the DagBag from /opt/airflow/dags/spark.py
[2024-06-25T13:04:37.225+0000] {processor.py:839} INFO - DAG(s) dict_keys(['spark_flow_test']) retrieved from /opt/airflow/dags/spark.py
[2024-06-25T13:04:37.250+0000] {logging_mixin.py:151} INFO - [2024-06-25T13:04:37.249+0000] {dag.py:2915} INFO - Sync 1 DAGs
[2024-06-25T13:04:37.288+0000] {logging_mixin.py:151} INFO - [2024-06-25T13:04:37.287+0000] {dag.py:3696} INFO - Setting next_dagrun for spark_flow_test to 2024-06-24T00:00:00+00:00, run_after=2024-06-25T00:00:00+00:00
[2024-06-25T13:04:37.300+0000] {processor.py:179} INFO - Processing /opt/airflow/dags/spark.py took 0.106 seconds
[2024-06-25T13:05:08.821+0000] {processor.py:157} INFO - Started process (PID=1645) to work on /opt/airflow/dags/spark.py
[2024-06-25T13:05:08.822+0000] {processor.py:829} INFO - Processing file /opt/airflow/dags/spark.py for tasks to queue
[2024-06-25T13:05:08.825+0000] {logging_mixin.py:151} INFO - [2024-06-25T13:05:08.824+0000] {dagbag.py:539} INFO - Filling up the DagBag from /opt/airflow/dags/spark.py
[2024-06-25T13:05:08.843+0000] {processor.py:839} INFO - DAG(s) dict_keys(['spark_flow_test']) retrieved from /opt/airflow/dags/spark.py
[2024-06-25T13:05:08.885+0000] {logging_mixin.py:151} INFO - [2024-06-25T13:05:08.884+0000] {dag.py:2915} INFO - Sync 1 DAGs
[2024-06-25T13:05:08.905+0000] {logging_mixin.py:151} INFO - [2024-06-25T13:05:08.905+0000] {dag.py:3696} INFO - Setting next_dagrun for spark_flow_test to 2024-06-24T00:00:00+00:00, run_after=2024-06-25T00:00:00+00:00
[2024-06-25T13:05:08.929+0000] {processor.py:179} INFO - Processing /opt/airflow/dags/spark.py took 0.115 seconds
[2024-06-25T13:05:41.656+0000] {processor.py:157} INFO - Started process (PID=2166) to work on /opt/airflow/dags/spark.py
[2024-06-25T13:05:41.677+0000] {processor.py:829} INFO - Processing file /opt/airflow/dags/spark.py for tasks to queue
[2024-06-25T13:05:41.733+0000] {logging_mixin.py:151} INFO - [2024-06-25T13:05:41.722+0000] {dagbag.py:539} INFO - Filling up the DagBag from /opt/airflow/dags/spark.py
[2024-06-25T13:05:42.047+0000] {processor.py:839} INFO - DAG(s) dict_keys(['spark_flow_test']) retrieved from /opt/airflow/dags/spark.py
[2024-06-25T13:05:42.427+0000] {logging_mixin.py:151} INFO - [2024-06-25T13:05:42.416+0000] {dag.py:2915} INFO - Sync 1 DAGs
[2024-06-25T13:05:42.635+0000] {logging_mixin.py:151} INFO - [2024-06-25T13:05:42.634+0000] {dag.py:3696} INFO - Setting next_dagrun for spark_flow_test to 2024-06-24T00:00:00+00:00, run_after=2024-06-25T00:00:00+00:00
[2024-06-25T13:05:42.743+0000] {processor.py:179} INFO - Processing /opt/airflow/dags/spark.py took 1.139 seconds
[2024-06-25T13:06:13.413+0000] {processor.py:157} INFO - Started process (PID=2241) to work on /opt/airflow/dags/spark.py
[2024-06-25T13:06:13.413+0000] {processor.py:829} INFO - Processing file /opt/airflow/dags/spark.py for tasks to queue
[2024-06-25T13:06:13.415+0000] {logging_mixin.py:151} INFO - [2024-06-25T13:06:13.415+0000] {dagbag.py:539} INFO - Filling up the DagBag from /opt/airflow/dags/spark.py
[2024-06-25T13:06:13.431+0000] {processor.py:839} INFO - DAG(s) dict_keys(['spark_flow_test']) retrieved from /opt/airflow/dags/spark.py
[2024-06-25T13:06:13.447+0000] {logging_mixin.py:151} INFO - [2024-06-25T13:06:13.447+0000] {dag.py:2915} INFO - Sync 1 DAGs
[2024-06-25T13:06:13.458+0000] {logging_mixin.py:151} INFO - [2024-06-25T13:06:13.458+0000] {dag.py:3696} INFO - Setting next_dagrun for spark_flow_test to 2024-06-24T00:00:00+00:00, run_after=2024-06-25T00:00:00+00:00
[2024-06-25T13:06:13.465+0000] {processor.py:179} INFO - Processing /opt/airflow/dags/spark.py took 0.055 seconds
[2024-06-25T13:06:43.933+0000] {processor.py:157} INFO - Started process (PID=2256) to work on /opt/airflow/dags/spark.py
[2024-06-25T13:06:43.934+0000] {processor.py:829} INFO - Processing file /opt/airflow/dags/spark.py for tasks to queue
[2024-06-25T13:06:43.937+0000] {logging_mixin.py:151} INFO - [2024-06-25T13:06:43.936+0000] {dagbag.py:539} INFO - Filling up the DagBag from /opt/airflow/dags/spark.py
[2024-06-25T13:06:43.948+0000] {processor.py:839} INFO - DAG(s) dict_keys(['spark_flow_test']) retrieved from /opt/airflow/dags/spark.py
[2024-06-25T13:06:43.970+0000] {logging_mixin.py:151} INFO - [2024-06-25T13:06:43.969+0000] {dag.py:2915} INFO - Sync 1 DAGs
[2024-06-25T13:06:43.982+0000] {logging_mixin.py:151} INFO - [2024-06-25T13:06:43.982+0000] {dag.py:3696} INFO - Setting next_dagrun for spark_flow_test to 2024-06-24T00:00:00+00:00, run_after=2024-06-25T00:00:00+00:00
[2024-06-25T13:06:43.989+0000] {processor.py:179} INFO - Processing /opt/airflow/dags/spark.py took 0.059 seconds
[2024-06-25T13:07:14.474+0000] {processor.py:157} INFO - Started process (PID=2271) to work on /opt/airflow/dags/spark.py
[2024-06-25T13:07:14.475+0000] {processor.py:829} INFO - Processing file /opt/airflow/dags/spark.py for tasks to queue
[2024-06-25T13:07:14.479+0000] {logging_mixin.py:151} INFO - [2024-06-25T13:07:14.478+0000] {dagbag.py:539} INFO - Filling up the DagBag from /opt/airflow/dags/spark.py
[2024-06-25T13:07:14.493+0000] {processor.py:839} INFO - DAG(s) dict_keys(['spark_flow_test']) retrieved from /opt/airflow/dags/spark.py
[2024-06-25T13:07:14.513+0000] {logging_mixin.py:151} INFO - [2024-06-25T13:07:14.513+0000] {dag.py:2915} INFO - Sync 1 DAGs
[2024-06-25T13:07:14.524+0000] {logging_mixin.py:151} INFO - [2024-06-25T13:07:14.523+0000] {dag.py:3696} INFO - Setting next_dagrun for spark_flow_test to 2024-06-24T00:00:00+00:00, run_after=2024-06-25T00:00:00+00:00
[2024-06-25T13:07:14.530+0000] {processor.py:179} INFO - Processing /opt/airflow/dags/spark.py took 0.062 seconds
[2024-06-25T13:07:44.947+0000] {processor.py:157} INFO - Started process (PID=2286) to work on /opt/airflow/dags/spark.py
[2024-06-25T13:07:44.948+0000] {processor.py:829} INFO - Processing file /opt/airflow/dags/spark.py for tasks to queue
[2024-06-25T13:07:44.952+0000] {logging_mixin.py:151} INFO - [2024-06-25T13:07:44.951+0000] {dagbag.py:539} INFO - Filling up the DagBag from /opt/airflow/dags/spark.py
[2024-06-25T13:07:44.967+0000] {processor.py:839} INFO - DAG(s) dict_keys(['spark_flow_test']) retrieved from /opt/airflow/dags/spark.py
[2024-06-25T13:07:44.988+0000] {logging_mixin.py:151} INFO - [2024-06-25T13:07:44.988+0000] {dag.py:2915} INFO - Sync 1 DAGs
[2024-06-25T13:07:44.998+0000] {logging_mixin.py:151} INFO - [2024-06-25T13:07:44.998+0000] {dag.py:3696} INFO - Setting next_dagrun for spark_flow_test to 2024-06-24T00:00:00+00:00, run_after=2024-06-25T00:00:00+00:00
[2024-06-25T13:07:45.005+0000] {processor.py:179} INFO - Processing /opt/airflow/dags/spark.py took 0.063 seconds
[2024-06-25T13:08:15.492+0000] {processor.py:157} INFO - Started process (PID=2301) to work on /opt/airflow/dags/spark.py
[2024-06-25T13:08:15.494+0000] {processor.py:829} INFO - Processing file /opt/airflow/dags/spark.py for tasks to queue
[2024-06-25T13:08:15.499+0000] {logging_mixin.py:151} INFO - [2024-06-25T13:08:15.498+0000] {dagbag.py:539} INFO - Filling up the DagBag from /opt/airflow/dags/spark.py
[2024-06-25T13:08:15.514+0000] {processor.py:839} INFO - DAG(s) dict_keys(['spark_flow_test']) retrieved from /opt/airflow/dags/spark.py
[2024-06-25T13:08:15.533+0000] {logging_mixin.py:151} INFO - [2024-06-25T13:08:15.533+0000] {dag.py:2915} INFO - Sync 1 DAGs
[2024-06-25T13:08:15.544+0000] {logging_mixin.py:151} INFO - [2024-06-25T13:08:15.544+0000] {dag.py:3696} INFO - Setting next_dagrun for spark_flow_test to 2024-06-24T00:00:00+00:00, run_after=2024-06-25T00:00:00+00:00
[2024-06-25T13:08:15.550+0000] {processor.py:179} INFO - Processing /opt/airflow/dags/spark.py took 0.064 seconds
[2024-06-25T13:08:46.074+0000] {processor.py:157} INFO - Started process (PID=2316) to work on /opt/airflow/dags/spark.py
[2024-06-25T13:08:46.075+0000] {processor.py:829} INFO - Processing file /opt/airflow/dags/spark.py for tasks to queue
[2024-06-25T13:08:46.078+0000] {logging_mixin.py:151} INFO - [2024-06-25T13:08:46.077+0000] {dagbag.py:539} INFO - Filling up the DagBag from /opt/airflow/dags/spark.py
[2024-06-25T13:08:46.092+0000] {processor.py:839} INFO - DAG(s) dict_keys(['spark_flow_test']) retrieved from /opt/airflow/dags/spark.py
[2024-06-25T13:08:46.112+0000] {logging_mixin.py:151} INFO - [2024-06-25T13:08:46.111+0000] {dag.py:2915} INFO - Sync 1 DAGs
[2024-06-25T13:08:46.122+0000] {logging_mixin.py:151} INFO - [2024-06-25T13:08:46.122+0000] {dag.py:3696} INFO - Setting next_dagrun for spark_flow_test to 2024-06-24T00:00:00+00:00, run_after=2024-06-25T00:00:00+00:00
[2024-06-25T13:08:46.128+0000] {processor.py:179} INFO - Processing /opt/airflow/dags/spark.py took 0.060 seconds
[2024-06-25T13:09:16.722+0000] {processor.py:157} INFO - Started process (PID=2331) to work on /opt/airflow/dags/spark.py
[2024-06-25T13:09:16.727+0000] {processor.py:829} INFO - Processing file /opt/airflow/dags/spark.py for tasks to queue
[2024-06-25T13:09:16.745+0000] {logging_mixin.py:151} INFO - [2024-06-25T13:09:16.744+0000] {dagbag.py:539} INFO - Filling up the DagBag from /opt/airflow/dags/spark.py
[2024-06-25T13:09:16.782+0000] {processor.py:839} INFO - DAG(s) dict_keys(['spark_flow_test']) retrieved from /opt/airflow/dags/spark.py
[2024-06-25T13:09:16.839+0000] {logging_mixin.py:151} INFO - [2024-06-25T13:09:16.839+0000] {dag.py:2915} INFO - Sync 1 DAGs
[2024-06-25T13:09:16.866+0000] {logging_mixin.py:151} INFO - [2024-06-25T13:09:16.865+0000] {dag.py:3696} INFO - Setting next_dagrun for spark_flow_test to 2024-06-24T00:00:00+00:00, run_after=2024-06-25T00:00:00+00:00
[2024-06-25T13:09:16.876+0000] {processor.py:179} INFO - Processing /opt/airflow/dags/spark.py took 0.163 seconds
[2024-06-25T13:09:47.391+0000] {processor.py:157} INFO - Started process (PID=2346) to work on /opt/airflow/dags/spark.py
[2024-06-25T13:09:47.392+0000] {processor.py:829} INFO - Processing file /opt/airflow/dags/spark.py for tasks to queue
[2024-06-25T13:09:47.395+0000] {logging_mixin.py:151} INFO - [2024-06-25T13:09:47.395+0000] {dagbag.py:539} INFO - Filling up the DagBag from /opt/airflow/dags/spark.py
[2024-06-25T13:09:47.412+0000] {processor.py:839} INFO - DAG(s) dict_keys(['spark_flow_test']) retrieved from /opt/airflow/dags/spark.py
[2024-06-25T13:09:47.448+0000] {logging_mixin.py:151} INFO - [2024-06-25T13:09:47.447+0000] {dag.py:2915} INFO - Sync 1 DAGs
[2024-06-25T13:09:47.463+0000] {logging_mixin.py:151} INFO - [2024-06-25T13:09:47.463+0000] {dag.py:3696} INFO - Setting next_dagrun for spark_flow_test to 2024-06-24T00:00:00+00:00, run_after=2024-06-25T00:00:00+00:00
[2024-06-25T13:09:47.472+0000] {processor.py:179} INFO - Processing /opt/airflow/dags/spark.py took 0.087 seconds
[2024-06-25T13:10:18.018+0000] {processor.py:157} INFO - Started process (PID=2361) to work on /opt/airflow/dags/spark.py
[2024-06-25T13:10:18.019+0000] {processor.py:829} INFO - Processing file /opt/airflow/dags/spark.py for tasks to queue
[2024-06-25T13:10:18.022+0000] {logging_mixin.py:151} INFO - [2024-06-25T13:10:18.022+0000] {dagbag.py:539} INFO - Filling up the DagBag from /opt/airflow/dags/spark.py
[2024-06-25T13:10:18.038+0000] {processor.py:839} INFO - DAG(s) dict_keys(['spark_flow_test']) retrieved from /opt/airflow/dags/spark.py
[2024-06-25T13:10:18.056+0000] {logging_mixin.py:151} INFO - [2024-06-25T13:10:18.056+0000] {dag.py:2915} INFO - Sync 1 DAGs
[2024-06-25T13:10:18.067+0000] {logging_mixin.py:151} INFO - [2024-06-25T13:10:18.067+0000] {dag.py:3696} INFO - Setting next_dagrun for spark_flow_test to 2024-06-24T00:00:00+00:00, run_after=2024-06-25T00:00:00+00:00
[2024-06-25T13:10:18.073+0000] {processor.py:179} INFO - Processing /opt/airflow/dags/spark.py took 0.061 seconds
[2024-06-25T13:10:48.693+0000] {processor.py:157} INFO - Started process (PID=2376) to work on /opt/airflow/dags/spark.py
[2024-06-25T13:10:48.694+0000] {processor.py:829} INFO - Processing file /opt/airflow/dags/spark.py for tasks to queue
[2024-06-25T13:10:48.698+0000] {logging_mixin.py:151} INFO - [2024-06-25T13:10:48.698+0000] {dagbag.py:539} INFO - Filling up the DagBag from /opt/airflow/dags/spark.py
[2024-06-25T13:10:48.713+0000] {processor.py:839} INFO - DAG(s) dict_keys(['spark_flow_test']) retrieved from /opt/airflow/dags/spark.py
[2024-06-25T13:10:48.735+0000] {logging_mixin.py:151} INFO - [2024-06-25T13:10:48.734+0000] {dag.py:2915} INFO - Sync 1 DAGs
[2024-06-25T13:10:48.747+0000] {logging_mixin.py:151} INFO - [2024-06-25T13:10:48.747+0000] {dag.py:3696} INFO - Setting next_dagrun for spark_flow_test to 2024-06-24T00:00:00+00:00, run_after=2024-06-25T00:00:00+00:00
[2024-06-25T13:10:48.755+0000] {processor.py:179} INFO - Processing /opt/airflow/dags/spark.py took 0.070 seconds
[2024-06-25T13:11:19.223+0000] {processor.py:157} INFO - Started process (PID=2391) to work on /opt/airflow/dags/spark.py
[2024-06-25T13:11:19.224+0000] {processor.py:829} INFO - Processing file /opt/airflow/dags/spark.py for tasks to queue
[2024-06-25T13:11:19.227+0000] {logging_mixin.py:151} INFO - [2024-06-25T13:11:19.226+0000] {dagbag.py:539} INFO - Filling up the DagBag from /opt/airflow/dags/spark.py
[2024-06-25T13:11:19.240+0000] {processor.py:839} INFO - DAG(s) dict_keys(['spark_flow_test']) retrieved from /opt/airflow/dags/spark.py
[2024-06-25T13:11:19.255+0000] {logging_mixin.py:151} INFO - [2024-06-25T13:11:19.254+0000] {dag.py:2915} INFO - Sync 1 DAGs
[2024-06-25T13:11:19.264+0000] {logging_mixin.py:151} INFO - [2024-06-25T13:11:19.264+0000] {dag.py:3696} INFO - Setting next_dagrun for spark_flow_test to 2024-06-24T00:00:00+00:00, run_after=2024-06-25T00:00:00+00:00
[2024-06-25T13:11:19.271+0000] {processor.py:179} INFO - Processing /opt/airflow/dags/spark.py took 0.052 seconds
[2024-06-25T13:11:49.776+0000] {processor.py:157} INFO - Started process (PID=2406) to work on /opt/airflow/dags/spark.py
[2024-06-25T13:11:49.778+0000] {processor.py:829} INFO - Processing file /opt/airflow/dags/spark.py for tasks to queue
[2024-06-25T13:11:49.781+0000] {logging_mixin.py:151} INFO - [2024-06-25T13:11:49.780+0000] {dagbag.py:539} INFO - Filling up the DagBag from /opt/airflow/dags/spark.py
[2024-06-25T13:11:49.796+0000] {processor.py:839} INFO - DAG(s) dict_keys(['spark_flow_test']) retrieved from /opt/airflow/dags/spark.py
[2024-06-25T13:11:49.817+0000] {logging_mixin.py:151} INFO - [2024-06-25T13:11:49.817+0000] {dag.py:2915} INFO - Sync 1 DAGs
[2024-06-25T13:11:49.841+0000] {logging_mixin.py:151} INFO - [2024-06-25T13:11:49.841+0000] {dag.py:3696} INFO - Setting next_dagrun for spark_flow_test to 2024-06-24T00:00:00+00:00, run_after=2024-06-25T00:00:00+00:00
[2024-06-25T13:11:49.862+0000] {processor.py:179} INFO - Processing /opt/airflow/dags/spark.py took 0.090 seconds
[2024-06-25T13:12:20.525+0000] {processor.py:157} INFO - Started process (PID=2421) to work on /opt/airflow/dags/spark.py
[2024-06-25T13:12:20.527+0000] {processor.py:829} INFO - Processing file /opt/airflow/dags/spark.py for tasks to queue
[2024-06-25T13:12:20.533+0000] {logging_mixin.py:151} INFO - [2024-06-25T13:12:20.532+0000] {dagbag.py:539} INFO - Filling up the DagBag from /opt/airflow/dags/spark.py
[2024-06-25T13:12:20.550+0000] {processor.py:839} INFO - DAG(s) dict_keys(['spark_flow_test']) retrieved from /opt/airflow/dags/spark.py
[2024-06-25T13:12:20.569+0000] {logging_mixin.py:151} INFO - [2024-06-25T13:12:20.569+0000] {dag.py:2915} INFO - Sync 1 DAGs
[2024-06-25T13:12:20.581+0000] {logging_mixin.py:151} INFO - [2024-06-25T13:12:20.581+0000] {dag.py:3696} INFO - Setting next_dagrun for spark_flow_test to 2024-06-24T00:00:00+00:00, run_after=2024-06-25T00:00:00+00:00
[2024-06-25T13:12:20.590+0000] {processor.py:179} INFO - Processing /opt/airflow/dags/spark.py took 0.074 seconds
