[2024-06-25T12:59:59.420+0000] {processor.py:157} INFO - Started process (PID=175) to work on /opt/airflow/dags/spark_airflow.py
[2024-06-25T12:59:59.428+0000] {processor.py:829} INFO - Processing file /opt/airflow/dags/spark_airflow.py for tasks to queue
[2024-06-25T12:59:59.451+0000] {logging_mixin.py:151} INFO - [2024-06-25T12:59:59.451+0000] {dagbag.py:539} INFO - Filling up the DagBag from /opt/airflow/dags/spark_airflow.py
[2024-06-25T12:59:59.544+0000] {processor.py:839} INFO - DAG(s) dict_keys(['spark_flow']) retrieved from /opt/airflow/dags/spark_airflow.py
[2024-06-25T12:59:59.759+0000] {logging_mixin.py:151} INFO - [2024-06-25T12:59:59.759+0000] {manager.py:499} INFO - Created Permission View: %s
[2024-06-25T12:59:59.766+0000] {logging_mixin.py:151} INFO - [2024-06-25T12:59:59.766+0000] {manager.py:499} INFO - Created Permission View: %s
[2024-06-25T12:59:59.769+0000] {logging_mixin.py:151} INFO - [2024-06-25T12:59:59.769+0000] {manager.py:499} INFO - Created Permission View: %s
[2024-06-25T12:59:59.770+0000] {logging_mixin.py:151} INFO - [2024-06-25T12:59:59.769+0000] {security.py:708} INFO - Not syncing DAG-level permissions for DAG 'DAG:spark_flow' as access control is unset.
[2024-06-25T12:59:59.770+0000] {logging_mixin.py:151} INFO - [2024-06-25T12:59:59.770+0000] {dag.py:2915} INFO - Sync 1 DAGs
[2024-06-25T12:59:59.784+0000] {logging_mixin.py:151} INFO - [2024-06-25T12:59:59.784+0000] {dag.py:2937} INFO - Creating ORM DAG for spark_flow
[2024-06-25T12:59:59.795+0000] {logging_mixin.py:151} INFO - [2024-06-25T12:59:59.794+0000] {dag.py:3696} INFO - Setting next_dagrun for spark_flow to 2024-06-24T00:00:00+00:00, run_after=2024-06-25T00:00:00+00:00
[2024-06-25T12:59:59.804+0000] {processor.py:179} INFO - Processing /opt/airflow/dags/spark_airflow.py took 0.416 seconds
[2024-06-25T13:00:30.281+0000] {processor.py:157} INFO - Started process (PID=190) to work on /opt/airflow/dags/spark_airflow.py
[2024-06-25T13:00:30.291+0000] {processor.py:829} INFO - Processing file /opt/airflow/dags/spark_airflow.py for tasks to queue
[2024-06-25T13:00:30.331+0000] {logging_mixin.py:151} INFO - [2024-06-25T13:00:30.327+0000] {dagbag.py:539} INFO - Filling up the DagBag from /opt/airflow/dags/spark_airflow.py
[2024-06-25T13:00:30.438+0000] {processor.py:839} INFO - DAG(s) dict_keys(['spark_flow']) retrieved from /opt/airflow/dags/spark_airflow.py
[2024-06-25T13:00:30.522+0000] {logging_mixin.py:151} INFO - [2024-06-25T13:00:30.521+0000] {dag.py:2915} INFO - Sync 1 DAGs
[2024-06-25T13:00:30.570+0000] {logging_mixin.py:151} INFO - [2024-06-25T13:00:30.570+0000] {dag.py:3696} INFO - Setting next_dagrun for spark_flow to 2024-06-24T00:00:00+00:00, run_after=2024-06-25T00:00:00+00:00
[2024-06-25T13:00:30.606+0000] {processor.py:179} INFO - Processing /opt/airflow/dags/spark_airflow.py took 0.359 seconds
[2024-06-25T13:01:01.222+0000] {processor.py:157} INFO - Started process (PID=205) to work on /opt/airflow/dags/spark_airflow.py
[2024-06-25T13:01:01.225+0000] {processor.py:829} INFO - Processing file /opt/airflow/dags/spark_airflow.py for tasks to queue
[2024-06-25T13:01:01.256+0000] {logging_mixin.py:151} INFO - [2024-06-25T13:01:01.251+0000] {dagbag.py:539} INFO - Filling up the DagBag from /opt/airflow/dags/spark_airflow.py
[2024-06-25T13:01:01.395+0000] {processor.py:839} INFO - DAG(s) dict_keys(['spark_flow']) retrieved from /opt/airflow/dags/spark_airflow.py
[2024-06-25T13:01:01.573+0000] {logging_mixin.py:151} INFO - [2024-06-25T13:01:01.572+0000] {dag.py:2915} INFO - Sync 1 DAGs
[2024-06-25T13:01:01.679+0000] {logging_mixin.py:151} INFO - [2024-06-25T13:01:01.679+0000] {dag.py:3696} INFO - Setting next_dagrun for spark_flow to 2024-06-24T00:00:00+00:00, run_after=2024-06-25T00:00:00+00:00
[2024-06-25T13:01:01.715+0000] {processor.py:179} INFO - Processing /opt/airflow/dags/spark_airflow.py took 0.517 seconds
[2024-06-25T13:01:32.240+0000] {processor.py:157} INFO - Started process (PID=220) to work on /opt/airflow/dags/spark_airflow.py
[2024-06-25T13:01:32.242+0000] {processor.py:829} INFO - Processing file /opt/airflow/dags/spark_airflow.py for tasks to queue
[2024-06-25T13:01:32.246+0000] {logging_mixin.py:151} INFO - [2024-06-25T13:01:32.245+0000] {dagbag.py:539} INFO - Filling up the DagBag from /opt/airflow/dags/spark_airflow.py
[2024-06-25T13:01:32.270+0000] {processor.py:839} INFO - DAG(s) dict_keys(['spark_flow']) retrieved from /opt/airflow/dags/spark_airflow.py
[2024-06-25T13:01:32.333+0000] {logging_mixin.py:151} INFO - [2024-06-25T13:01:32.333+0000] {dag.py:2915} INFO - Sync 1 DAGs
[2024-06-25T13:01:32.381+0000] {logging_mixin.py:151} INFO - [2024-06-25T13:01:32.381+0000] {dag.py:3696} INFO - Setting next_dagrun for spark_flow to 2024-06-24T00:00:00+00:00, run_after=2024-06-25T00:00:00+00:00
[2024-06-25T13:01:32.391+0000] {processor.py:179} INFO - Processing /opt/airflow/dags/spark_airflow.py took 0.176 seconds
[2024-06-25T13:02:02.960+0000] {processor.py:157} INFO - Started process (PID=235) to work on /opt/airflow/dags/spark_airflow.py
[2024-06-25T13:02:02.961+0000] {processor.py:829} INFO - Processing file /opt/airflow/dags/spark_airflow.py for tasks to queue
[2024-06-25T13:02:02.967+0000] {logging_mixin.py:151} INFO - [2024-06-25T13:02:02.966+0000] {dagbag.py:539} INFO - Filling up the DagBag from /opt/airflow/dags/spark_airflow.py
[2024-06-25T13:02:03.010+0000] {processor.py:839} INFO - DAG(s) dict_keys(['spark_flow']) retrieved from /opt/airflow/dags/spark_airflow.py
[2024-06-25T13:02:03.046+0000] {logging_mixin.py:151} INFO - [2024-06-25T13:02:03.046+0000] {dag.py:2915} INFO - Sync 1 DAGs
[2024-06-25T13:02:03.070+0000] {logging_mixin.py:151} INFO - [2024-06-25T13:02:03.069+0000] {dag.py:3696} INFO - Setting next_dagrun for spark_flow to 2024-06-24T00:00:00+00:00, run_after=2024-06-25T00:00:00+00:00
[2024-06-25T13:02:03.080+0000] {processor.py:179} INFO - Processing /opt/airflow/dags/spark_airflow.py took 0.125 seconds
[2024-06-25T13:02:33.664+0000] {processor.py:157} INFO - Started process (PID=250) to work on /opt/airflow/dags/spark_airflow.py
[2024-06-25T13:02:33.666+0000] {processor.py:829} INFO - Processing file /opt/airflow/dags/spark_airflow.py for tasks to queue
[2024-06-25T13:02:33.671+0000] {logging_mixin.py:151} INFO - [2024-06-25T13:02:33.670+0000] {dagbag.py:539} INFO - Filling up the DagBag from /opt/airflow/dags/spark_airflow.py
[2024-06-25T13:02:33.712+0000] {processor.py:839} INFO - DAG(s) dict_keys(['spark_flow']) retrieved from /opt/airflow/dags/spark_airflow.py
[2024-06-25T13:02:33.747+0000] {logging_mixin.py:151} INFO - [2024-06-25T13:02:33.747+0000] {dag.py:2915} INFO - Sync 1 DAGs
[2024-06-25T13:02:33.765+0000] {logging_mixin.py:151} INFO - [2024-06-25T13:02:33.765+0000] {dag.py:3696} INFO - Setting next_dagrun for spark_flow to 2024-06-24T00:00:00+00:00, run_after=2024-06-25T00:00:00+00:00
[2024-06-25T13:02:33.797+0000] {processor.py:179} INFO - Processing /opt/airflow/dags/spark_airflow.py took 0.150 seconds
[2024-06-25T13:03:04.458+0000] {processor.py:157} INFO - Started process (PID=265) to work on /opt/airflow/dags/spark_airflow.py
[2024-06-25T13:03:04.463+0000] {processor.py:829} INFO - Processing file /opt/airflow/dags/spark_airflow.py for tasks to queue
[2024-06-25T13:03:04.488+0000] {logging_mixin.py:151} INFO - [2024-06-25T13:03:04.484+0000] {dagbag.py:539} INFO - Filling up the DagBag from /opt/airflow/dags/spark_airflow.py
[2024-06-25T13:03:04.605+0000] {processor.py:839} INFO - DAG(s) dict_keys(['spark_flow']) retrieved from /opt/airflow/dags/spark_airflow.py
[2024-06-25T13:03:04.687+0000] {logging_mixin.py:151} INFO - [2024-06-25T13:03:04.687+0000] {dag.py:2915} INFO - Sync 1 DAGs
[2024-06-25T13:03:04.726+0000] {logging_mixin.py:151} INFO - [2024-06-25T13:03:04.724+0000] {dag.py:3696} INFO - Setting next_dagrun for spark_flow to 2024-06-24T00:00:00+00:00, run_after=2024-06-25T00:00:00+00:00
[2024-06-25T13:03:04.743+0000] {processor.py:179} INFO - Processing /opt/airflow/dags/spark_airflow.py took 0.306 seconds
[2024-06-25T13:03:35.191+0000] {processor.py:157} INFO - Started process (PID=339) to work on /opt/airflow/dags/spark_airflow.py
[2024-06-25T13:03:35.192+0000] {processor.py:829} INFO - Processing file /opt/airflow/dags/spark_airflow.py for tasks to queue
[2024-06-25T13:03:35.196+0000] {logging_mixin.py:151} INFO - [2024-06-25T13:03:35.195+0000] {dagbag.py:539} INFO - Filling up the DagBag from /opt/airflow/dags/spark_airflow.py
[2024-06-25T13:03:35.232+0000] {processor.py:839} INFO - DAG(s) dict_keys(['spark_flow']) retrieved from /opt/airflow/dags/spark_airflow.py
[2024-06-25T13:03:35.262+0000] {logging_mixin.py:151} INFO - [2024-06-25T13:03:35.261+0000] {dag.py:2915} INFO - Sync 1 DAGs
[2024-06-25T13:03:35.274+0000] {logging_mixin.py:151} INFO - [2024-06-25T13:03:35.274+0000] {dag.py:3696} INFO - Setting next_dagrun for spark_flow to 2024-06-25T00:00:00+00:00, run_after=2024-06-26T00:00:00+00:00
[2024-06-25T13:03:35.282+0000] {processor.py:179} INFO - Processing /opt/airflow/dags/spark_airflow.py took 0.095 seconds
[2024-06-25T13:04:06.101+0000] {processor.py:157} INFO - Started process (PID=648) to work on /opt/airflow/dags/spark_airflow.py
[2024-06-25T13:04:06.103+0000] {processor.py:829} INFO - Processing file /opt/airflow/dags/spark_airflow.py for tasks to queue
[2024-06-25T13:04:06.120+0000] {logging_mixin.py:151} INFO - [2024-06-25T13:04:06.117+0000] {dagbag.py:539} INFO - Filling up the DagBag from /opt/airflow/dags/spark_airflow.py
[2024-06-25T13:04:06.209+0000] {processor.py:839} INFO - DAG(s) dict_keys(['spark_flow']) retrieved from /opt/airflow/dags/spark_airflow.py
[2024-06-25T13:04:06.308+0000] {logging_mixin.py:151} INFO - [2024-06-25T13:04:06.308+0000] {dag.py:2915} INFO - Sync 1 DAGs
[2024-06-25T13:04:06.344+0000] {logging_mixin.py:151} INFO - [2024-06-25T13:04:06.344+0000] {dag.py:3696} INFO - Setting next_dagrun for spark_flow to 2024-06-25T00:00:00+00:00, run_after=2024-06-26T00:00:00+00:00
[2024-06-25T13:04:06.370+0000] {processor.py:179} INFO - Processing /opt/airflow/dags/spark_airflow.py took 0.282 seconds
[2024-06-25T13:04:37.023+0000] {processor.py:157} INFO - Started process (PID=1091) to work on /opt/airflow/dags/spark_airflow.py
[2024-06-25T13:04:37.025+0000] {processor.py:829} INFO - Processing file /opt/airflow/dags/spark_airflow.py for tasks to queue
[2024-06-25T13:04:37.035+0000] {logging_mixin.py:151} INFO - [2024-06-25T13:04:37.034+0000] {dagbag.py:539} INFO - Filling up the DagBag from /opt/airflow/dags/spark_airflow.py
[2024-06-25T13:04:37.068+0000] {processor.py:839} INFO - DAG(s) dict_keys(['spark_flow']) retrieved from /opt/airflow/dags/spark_airflow.py
[2024-06-25T13:04:37.126+0000] {logging_mixin.py:151} INFO - [2024-06-25T13:04:37.124+0000] {dag.py:2915} INFO - Sync 1 DAGs
[2024-06-25T13:04:37.152+0000] {logging_mixin.py:151} INFO - [2024-06-25T13:04:37.152+0000] {dag.py:3696} INFO - Setting next_dagrun for spark_flow to 2024-06-25T00:00:00+00:00, run_after=2024-06-26T00:00:00+00:00
[2024-06-25T13:04:37.168+0000] {processor.py:179} INFO - Processing /opt/airflow/dags/spark_airflow.py took 0.155 seconds
[2024-06-25T13:05:08.053+0000] {processor.py:157} INFO - Started process (PID=1608) to work on /opt/airflow/dags/spark_airflow.py
[2024-06-25T13:05:08.059+0000] {processor.py:829} INFO - Processing file /opt/airflow/dags/spark_airflow.py for tasks to queue
[2024-06-25T13:05:08.080+0000] {logging_mixin.py:151} INFO - [2024-06-25T13:05:08.079+0000] {dagbag.py:539} INFO - Filling up the DagBag from /opt/airflow/dags/spark_airflow.py
[2024-06-25T13:05:08.348+0000] {processor.py:839} INFO - DAG(s) dict_keys(['spark_flow']) retrieved from /opt/airflow/dags/spark_airflow.py
[2024-06-25T13:05:08.703+0000] {logging_mixin.py:151} INFO - [2024-06-25T13:05:08.700+0000] {dag.py:2915} INFO - Sync 1 DAGs
[2024-06-25T13:05:08.742+0000] {logging_mixin.py:151} INFO - [2024-06-25T13:05:08.742+0000] {dag.py:3696} INFO - Setting next_dagrun for spark_flow to 2024-06-25T00:00:00+00:00, run_after=2024-06-26T00:00:00+00:00
[2024-06-25T13:05:08.771+0000] {processor.py:179} INFO - Processing /opt/airflow/dags/spark_airflow.py took 0.744 seconds
[2024-06-25T13:05:40.281+0000] {processor.py:157} INFO - Started process (PID=2154) to work on /opt/airflow/dags/spark_airflow.py
[2024-06-25T13:05:40.299+0000] {processor.py:829} INFO - Processing file /opt/airflow/dags/spark_airflow.py for tasks to queue
[2024-06-25T13:05:40.357+0000] {logging_mixin.py:151} INFO - [2024-06-25T13:05:40.355+0000] {dagbag.py:539} INFO - Filling up the DagBag from /opt/airflow/dags/spark_airflow.py
[2024-06-25T13:05:40.800+0000] {processor.py:839} INFO - DAG(s) dict_keys(['spark_flow']) retrieved from /opt/airflow/dags/spark_airflow.py
[2024-06-25T13:05:41.008+0000] {logging_mixin.py:151} INFO - [2024-06-25T13:05:41.001+0000] {dag.py:2915} INFO - Sync 1 DAGs
[2024-06-25T13:05:41.131+0000] {logging_mixin.py:151} INFO - [2024-06-25T13:05:41.131+0000] {dag.py:3696} INFO - Setting next_dagrun for spark_flow to 2024-06-25T00:00:00+00:00, run_after=2024-06-26T00:00:00+00:00
[2024-06-25T13:05:41.200+0000] {processor.py:179} INFO - Processing /opt/airflow/dags/spark_airflow.py took 1.138 seconds
[2024-06-25T13:06:12.447+0000] {processor.py:157} INFO - Started process (PID=2231) to work on /opt/airflow/dags/spark_airflow.py
[2024-06-25T13:06:12.451+0000] {processor.py:829} INFO - Processing file /opt/airflow/dags/spark_airflow.py for tasks to queue
[2024-06-25T13:06:12.466+0000] {logging_mixin.py:151} INFO - [2024-06-25T13:06:12.462+0000] {dagbag.py:539} INFO - Filling up the DagBag from /opt/airflow/dags/spark_airflow.py
[2024-06-25T13:06:12.572+0000] {processor.py:839} INFO - DAG(s) dict_keys(['spark_flow']) retrieved from /opt/airflow/dags/spark_airflow.py
[2024-06-25T13:06:12.675+0000] {logging_mixin.py:151} INFO - [2024-06-25T13:06:12.675+0000] {dag.py:2915} INFO - Sync 1 DAGs
[2024-06-25T13:06:12.716+0000] {logging_mixin.py:151} INFO - [2024-06-25T13:06:12.715+0000] {dag.py:3696} INFO - Setting next_dagrun for spark_flow to 2024-06-25T00:00:00+00:00, run_after=2024-06-26T00:00:00+00:00
[2024-06-25T13:06:12.731+0000] {processor.py:179} INFO - Processing /opt/airflow/dags/spark_airflow.py took 0.318 seconds
[2024-06-25T13:06:42.901+0000] {processor.py:157} INFO - Started process (PID=2246) to work on /opt/airflow/dags/spark_airflow.py
[2024-06-25T13:06:42.903+0000] {processor.py:829} INFO - Processing file /opt/airflow/dags/spark_airflow.py for tasks to queue
[2024-06-25T13:06:42.909+0000] {logging_mixin.py:151} INFO - [2024-06-25T13:06:42.908+0000] {dagbag.py:539} INFO - Filling up the DagBag from /opt/airflow/dags/spark_airflow.py
[2024-06-25T13:06:42.957+0000] {processor.py:839} INFO - DAG(s) dict_keys(['spark_flow']) retrieved from /opt/airflow/dags/spark_airflow.py
[2024-06-25T13:06:42.997+0000] {logging_mixin.py:151} INFO - [2024-06-25T13:06:42.997+0000] {dag.py:2915} INFO - Sync 1 DAGs
[2024-06-25T13:06:43.032+0000] {logging_mixin.py:151} INFO - [2024-06-25T13:06:43.031+0000] {dag.py:3696} INFO - Setting next_dagrun for spark_flow to 2024-06-25T00:00:00+00:00, run_after=2024-06-26T00:00:00+00:00
[2024-06-25T13:06:43.049+0000] {processor.py:179} INFO - Processing /opt/airflow/dags/spark_airflow.py took 0.173 seconds
[2024-06-25T13:07:13.412+0000] {processor.py:157} INFO - Started process (PID=2261) to work on /opt/airflow/dags/spark_airflow.py
[2024-06-25T13:07:13.417+0000] {processor.py:829} INFO - Processing file /opt/airflow/dags/spark_airflow.py for tasks to queue
[2024-06-25T13:07:13.431+0000] {logging_mixin.py:151} INFO - [2024-06-25T13:07:13.430+0000] {dagbag.py:539} INFO - Filling up the DagBag from /opt/airflow/dags/spark_airflow.py
[2024-06-25T13:07:13.462+0000] {processor.py:839} INFO - DAG(s) dict_keys(['spark_flow']) retrieved from /opt/airflow/dags/spark_airflow.py
[2024-06-25T13:07:13.520+0000] {logging_mixin.py:151} INFO - [2024-06-25T13:07:13.519+0000] {dag.py:2915} INFO - Sync 1 DAGs
[2024-06-25T13:07:13.554+0000] {logging_mixin.py:151} INFO - [2024-06-25T13:07:13.554+0000] {dag.py:3696} INFO - Setting next_dagrun for spark_flow to 2024-06-25T00:00:00+00:00, run_after=2024-06-26T00:00:00+00:00
[2024-06-25T13:07:13.578+0000] {processor.py:179} INFO - Processing /opt/airflow/dags/spark_airflow.py took 0.178 seconds
[2024-06-25T13:07:43.905+0000] {processor.py:157} INFO - Started process (PID=2276) to work on /opt/airflow/dags/spark_airflow.py
[2024-06-25T13:07:43.906+0000] {processor.py:829} INFO - Processing file /opt/airflow/dags/spark_airflow.py for tasks to queue
[2024-06-25T13:07:43.913+0000] {logging_mixin.py:151} INFO - [2024-06-25T13:07:43.912+0000] {dagbag.py:539} INFO - Filling up the DagBag from /opt/airflow/dags/spark_airflow.py
[2024-06-25T13:07:43.964+0000] {processor.py:839} INFO - DAG(s) dict_keys(['spark_flow']) retrieved from /opt/airflow/dags/spark_airflow.py
[2024-06-25T13:07:44.011+0000] {logging_mixin.py:151} INFO - [2024-06-25T13:07:44.010+0000] {dag.py:2915} INFO - Sync 1 DAGs
[2024-06-25T13:07:44.028+0000] {logging_mixin.py:151} INFO - [2024-06-25T13:07:44.028+0000] {dag.py:3696} INFO - Setting next_dagrun for spark_flow to 2024-06-25T00:00:00+00:00, run_after=2024-06-26T00:00:00+00:00
[2024-06-25T13:07:44.050+0000] {processor.py:179} INFO - Processing /opt/airflow/dags/spark_airflow.py took 0.162 seconds
[2024-06-25T13:08:14.443+0000] {processor.py:157} INFO - Started process (PID=2291) to work on /opt/airflow/dags/spark_airflow.py
[2024-06-25T13:08:14.445+0000] {processor.py:829} INFO - Processing file /opt/airflow/dags/spark_airflow.py for tasks to queue
[2024-06-25T13:08:14.451+0000] {logging_mixin.py:151} INFO - [2024-06-25T13:08:14.450+0000] {dagbag.py:539} INFO - Filling up the DagBag from /opt/airflow/dags/spark_airflow.py
[2024-06-25T13:08:14.498+0000] {processor.py:839} INFO - DAG(s) dict_keys(['spark_flow']) retrieved from /opt/airflow/dags/spark_airflow.py
[2024-06-25T13:08:14.539+0000] {logging_mixin.py:151} INFO - [2024-06-25T13:08:14.539+0000] {dag.py:2915} INFO - Sync 1 DAGs
[2024-06-25T13:08:14.558+0000] {logging_mixin.py:151} INFO - [2024-06-25T13:08:14.558+0000] {dag.py:3696} INFO - Setting next_dagrun for spark_flow to 2024-06-25T00:00:00+00:00, run_after=2024-06-26T00:00:00+00:00
[2024-06-25T13:08:14.571+0000] {processor.py:179} INFO - Processing /opt/airflow/dags/spark_airflow.py took 0.160 seconds
[2024-06-25T13:08:45.013+0000] {processor.py:157} INFO - Started process (PID=2306) to work on /opt/airflow/dags/spark_airflow.py
[2024-06-25T13:08:45.014+0000] {processor.py:829} INFO - Processing file /opt/airflow/dags/spark_airflow.py for tasks to queue
[2024-06-25T13:08:45.020+0000] {logging_mixin.py:151} INFO - [2024-06-25T13:08:45.019+0000] {dagbag.py:539} INFO - Filling up the DagBag from /opt/airflow/dags/spark_airflow.py
[2024-06-25T13:08:45.066+0000] {processor.py:839} INFO - DAG(s) dict_keys(['spark_flow']) retrieved from /opt/airflow/dags/spark_airflow.py
[2024-06-25T13:08:45.105+0000] {logging_mixin.py:151} INFO - [2024-06-25T13:08:45.104+0000] {dag.py:2915} INFO - Sync 1 DAGs
[2024-06-25T13:08:45.130+0000] {logging_mixin.py:151} INFO - [2024-06-25T13:08:45.130+0000] {dag.py:3696} INFO - Setting next_dagrun for spark_flow to 2024-06-25T00:00:00+00:00, run_after=2024-06-26T00:00:00+00:00
[2024-06-25T13:08:45.143+0000] {processor.py:179} INFO - Processing /opt/airflow/dags/spark_airflow.py took 0.152 seconds
[2024-06-25T13:09:15.606+0000] {processor.py:157} INFO - Started process (PID=2321) to work on /opt/airflow/dags/spark_airflow.py
[2024-06-25T13:09:15.608+0000] {processor.py:829} INFO - Processing file /opt/airflow/dags/spark_airflow.py for tasks to queue
[2024-06-25T13:09:15.619+0000] {logging_mixin.py:151} INFO - [2024-06-25T13:09:15.616+0000] {dagbag.py:539} INFO - Filling up the DagBag from /opt/airflow/dags/spark_airflow.py
[2024-06-25T13:09:15.688+0000] {processor.py:839} INFO - DAG(s) dict_keys(['spark_flow']) retrieved from /opt/airflow/dags/spark_airflow.py
[2024-06-25T13:09:15.752+0000] {logging_mixin.py:151} INFO - [2024-06-25T13:09:15.752+0000] {dag.py:2915} INFO - Sync 1 DAGs
[2024-06-25T13:09:15.782+0000] {logging_mixin.py:151} INFO - [2024-06-25T13:09:15.782+0000] {dag.py:3696} INFO - Setting next_dagrun for spark_flow to 2024-06-25T00:00:00+00:00, run_after=2024-06-26T00:00:00+00:00
[2024-06-25T13:09:15.793+0000] {processor.py:179} INFO - Processing /opt/airflow/dags/spark_airflow.py took 0.207 seconds
[2024-06-25T13:09:46.338+0000] {processor.py:157} INFO - Started process (PID=2336) to work on /opt/airflow/dags/spark_airflow.py
[2024-06-25T13:09:46.341+0000] {processor.py:829} INFO - Processing file /opt/airflow/dags/spark_airflow.py for tasks to queue
[2024-06-25T13:09:46.360+0000] {logging_mixin.py:151} INFO - [2024-06-25T13:09:46.359+0000] {dagbag.py:539} INFO - Filling up the DagBag from /opt/airflow/dags/spark_airflow.py
[2024-06-25T13:09:46.394+0000] {processor.py:839} INFO - DAG(s) dict_keys(['spark_flow']) retrieved from /opt/airflow/dags/spark_airflow.py
[2024-06-25T13:09:46.441+0000] {logging_mixin.py:151} INFO - [2024-06-25T13:09:46.441+0000] {dag.py:2915} INFO - Sync 1 DAGs
[2024-06-25T13:09:46.463+0000] {logging_mixin.py:151} INFO - [2024-06-25T13:09:46.462+0000] {dag.py:3696} INFO - Setting next_dagrun for spark_flow to 2024-06-25T00:00:00+00:00, run_after=2024-06-26T00:00:00+00:00
[2024-06-25T13:09:46.482+0000] {processor.py:179} INFO - Processing /opt/airflow/dags/spark_airflow.py took 0.154 seconds
[2024-06-25T13:10:16.968+0000] {processor.py:157} INFO - Started process (PID=2351) to work on /opt/airflow/dags/spark_airflow.py
[2024-06-25T13:10:16.970+0000] {processor.py:829} INFO - Processing file /opt/airflow/dags/spark_airflow.py for tasks to queue
[2024-06-25T13:10:16.977+0000] {logging_mixin.py:151} INFO - [2024-06-25T13:10:16.976+0000] {dagbag.py:539} INFO - Filling up the DagBag from /opt/airflow/dags/spark_airflow.py
[2024-06-25T13:10:17.016+0000] {processor.py:839} INFO - DAG(s) dict_keys(['spark_flow']) retrieved from /opt/airflow/dags/spark_airflow.py
[2024-06-25T13:10:17.062+0000] {logging_mixin.py:151} INFO - [2024-06-25T13:10:17.062+0000] {dag.py:2915} INFO - Sync 1 DAGs
[2024-06-25T13:10:17.084+0000] {logging_mixin.py:151} INFO - [2024-06-25T13:10:17.084+0000] {dag.py:3696} INFO - Setting next_dagrun for spark_flow to 2024-06-25T00:00:00+00:00, run_after=2024-06-26T00:00:00+00:00
[2024-06-25T13:10:17.101+0000] {processor.py:179} INFO - Processing /opt/airflow/dags/spark_airflow.py took 0.144 seconds
[2024-06-25T13:10:47.615+0000] {processor.py:157} INFO - Started process (PID=2366) to work on /opt/airflow/dags/spark_airflow.py
[2024-06-25T13:10:47.617+0000] {processor.py:829} INFO - Processing file /opt/airflow/dags/spark_airflow.py for tasks to queue
[2024-06-25T13:10:47.623+0000] {logging_mixin.py:151} INFO - [2024-06-25T13:10:47.622+0000] {dagbag.py:539} INFO - Filling up the DagBag from /opt/airflow/dags/spark_airflow.py
[2024-06-25T13:10:47.665+0000] {processor.py:839} INFO - DAG(s) dict_keys(['spark_flow']) retrieved from /opt/airflow/dags/spark_airflow.py
[2024-06-25T13:10:47.719+0000] {logging_mixin.py:151} INFO - [2024-06-25T13:10:47.719+0000] {dag.py:2915} INFO - Sync 1 DAGs
[2024-06-25T13:10:47.736+0000] {logging_mixin.py:151} INFO - [2024-06-25T13:10:47.736+0000] {dag.py:3696} INFO - Setting next_dagrun for spark_flow to 2024-06-25T00:00:00+00:00, run_after=2024-06-26T00:00:00+00:00
[2024-06-25T13:10:47.760+0000] {processor.py:179} INFO - Processing /opt/airflow/dags/spark_airflow.py took 0.154 seconds
[2024-06-25T13:11:18.188+0000] {processor.py:157} INFO - Started process (PID=2381) to work on /opt/airflow/dags/spark_airflow.py
[2024-06-25T13:11:18.190+0000] {processor.py:829} INFO - Processing file /opt/airflow/dags/spark_airflow.py for tasks to queue
[2024-06-25T13:11:18.196+0000] {logging_mixin.py:151} INFO - [2024-06-25T13:11:18.195+0000] {dagbag.py:539} INFO - Filling up the DagBag from /opt/airflow/dags/spark_airflow.py
[2024-06-25T13:11:18.245+0000] {processor.py:839} INFO - DAG(s) dict_keys(['spark_flow']) retrieved from /opt/airflow/dags/spark_airflow.py
[2024-06-25T13:11:18.293+0000] {logging_mixin.py:151} INFO - [2024-06-25T13:11:18.293+0000] {dag.py:2915} INFO - Sync 1 DAGs
[2024-06-25T13:11:18.322+0000] {logging_mixin.py:151} INFO - [2024-06-25T13:11:18.322+0000] {dag.py:3696} INFO - Setting next_dagrun for spark_flow to 2024-06-25T00:00:00+00:00, run_after=2024-06-26T00:00:00+00:00
[2024-06-25T13:11:18.337+0000] {processor.py:179} INFO - Processing /opt/airflow/dags/spark_airflow.py took 0.158 seconds
[2024-06-25T13:11:48.711+0000] {processor.py:157} INFO - Started process (PID=2396) to work on /opt/airflow/dags/spark_airflow.py
[2024-06-25T13:11:48.714+0000] {processor.py:829} INFO - Processing file /opt/airflow/dags/spark_airflow.py for tasks to queue
[2024-06-25T13:11:48.729+0000] {logging_mixin.py:151} INFO - [2024-06-25T13:11:48.726+0000] {dagbag.py:539} INFO - Filling up the DagBag from /opt/airflow/dags/spark_airflow.py
[2024-06-25T13:11:48.762+0000] {processor.py:839} INFO - DAG(s) dict_keys(['spark_flow']) retrieved from /opt/airflow/dags/spark_airflow.py
[2024-06-25T13:11:48.806+0000] {logging_mixin.py:151} INFO - [2024-06-25T13:11:48.806+0000] {dag.py:2915} INFO - Sync 1 DAGs
[2024-06-25T13:11:48.822+0000] {logging_mixin.py:151} INFO - [2024-06-25T13:11:48.822+0000] {dag.py:3696} INFO - Setting next_dagrun for spark_flow to 2024-06-25T00:00:00+00:00, run_after=2024-06-26T00:00:00+00:00
[2024-06-25T13:11:48.834+0000] {processor.py:179} INFO - Processing /opt/airflow/dags/spark_airflow.py took 0.133 seconds
[2024-06-25T13:12:19.455+0000] {processor.py:157} INFO - Started process (PID=2411) to work on /opt/airflow/dags/spark_airflow.py
[2024-06-25T13:12:19.457+0000] {processor.py:829} INFO - Processing file /opt/airflow/dags/spark_airflow.py for tasks to queue
[2024-06-25T13:12:19.465+0000] {logging_mixin.py:151} INFO - [2024-06-25T13:12:19.463+0000] {dagbag.py:539} INFO - Filling up the DagBag from /opt/airflow/dags/spark_airflow.py
[2024-06-25T13:12:19.551+0000] {processor.py:839} INFO - DAG(s) dict_keys(['spark_flow']) retrieved from /opt/airflow/dags/spark_airflow.py
[2024-06-25T13:12:19.612+0000] {logging_mixin.py:151} INFO - [2024-06-25T13:12:19.612+0000] {dag.py:2915} INFO - Sync 1 DAGs
[2024-06-25T13:12:19.631+0000] {logging_mixin.py:151} INFO - [2024-06-25T13:12:19.630+0000] {dag.py:3696} INFO - Setting next_dagrun for spark_flow to 2024-06-25T00:00:00+00:00, run_after=2024-06-26T00:00:00+00:00
[2024-06-25T13:12:19.642+0000] {processor.py:179} INFO - Processing /opt/airflow/dags/spark_airflow.py took 0.198 seconds
