[2024-06-25T13:04:14.062+0000] {taskinstance.py:1157} INFO - Dependencies all met for dep_context=non-requeueable deps ti=<TaskInstance: spark_flow.spark.spark_extract.extract_dim_categories_job manual__2024-06-25T13:03:07.481260+00:00 [queued]>
[2024-06-25T13:04:14.066+0000] {taskinstance.py:1157} INFO - Dependencies all met for dep_context=requeueable deps ti=<TaskInstance: spark_flow.spark.spark_extract.extract_dim_categories_job manual__2024-06-25T13:03:07.481260+00:00 [queued]>
[2024-06-25T13:04:14.067+0000] {taskinstance.py:1359} INFO - Starting attempt 1 of 1
[2024-06-25T13:04:14.072+0000] {taskinstance.py:1380} INFO - Executing <Task(SparkSubmitOperator): spark.spark_extract.extract_dim_categories_job> on 2024-06-25 13:03:07.481260+00:00
[2024-06-25T13:04:14.081+0000] {standard_task_runner.py:57} INFO - Started process 711 to run task
[2024-06-25T13:04:14.084+0000] {standard_task_runner.py:84} INFO - Running: ['***', 'tasks', 'run', 'spark_flow', 'spark.spark_extract.extract_dim_categories_job', 'manual__2024-06-25T13:03:07.481260+00:00', '--job-id', '20', '--raw', '--subdir', 'DAGS_FOLDER/spark_***.py', '--cfg-path', '/tmp/tmpwotl6bgg']
[2024-06-25T13:04:14.087+0000] {standard_task_runner.py:85} INFO - Job 20: Subtask spark.spark_extract.extract_dim_categories_job
[2024-06-25T13:04:14.135+0000] {task_command.py:415} INFO - Running <TaskInstance: spark_flow.spark.spark_extract.extract_dim_categories_job manual__2024-06-25T13:03:07.481260+00:00 [running]> on host e32126fe0c41
[2024-06-25T13:04:14.177+0000] {taskinstance.py:1660} INFO - Exporting env vars: AIRFLOW_CTX_DAG_OWNER='Maulana Ahmad Maliki' AIRFLOW_CTX_DAG_ID='spark_flow' AIRFLOW_CTX_TASK_ID='spark.spark_extract.extract_dim_categories_job' AIRFLOW_CTX_EXECUTION_DATE='2024-06-25T13:03:07.481260+00:00' AIRFLOW_CTX_TRY_NUMBER='1' AIRFLOW_CTX_DAG_RUN_ID='manual__2024-06-25T13:03:07.481260+00:00'
[2024-06-25T13:04:14.183+0000] {base.py:73} INFO - Using connection ID 'spark-conn' for task execution.
[2024-06-25T13:04:14.184+0000] {spark_submit.py:401} INFO - Spark-Submit cmd: spark-submit --master spark://spark-master:7077 --driver-class-path spark/resources/jars/postgresql-42.7.3.jar --jars spark/resources/jars/postgresql-42.7.3.jar --total-executor-cores 4 --executor-cores 2 --executor-memory 2g --driver-memory 1g --name arrow-spark --deploy-mode client spark/jobs/extract.py jdbc:postgresql://postgres-staging:5432/staging_db admin admin categories dim_categories
[2024-06-25T13:04:14.263+0000] {spark_submit.py:571} INFO - /home/***/.local/lib/python3.11/site-packages/pyspark/bin/load-spark-env.sh: line 68: ps: command not found
[2024-06-25T13:04:15.354+0000] {spark_submit.py:571} INFO - 24/06/25 13:04:15 WARN NativeCodeLoader: Unable to load native-hadoop library for your platform... using builtin-java classes where applicable
[2024-06-25T13:04:16.092+0000] {spark_submit.py:571} INFO - 24/06/25 13:04:16 INFO SparkContext: Running Spark version 3.5.1
[2024-06-25T13:04:16.093+0000] {spark_submit.py:571} INFO - 24/06/25 13:04:16 INFO SparkContext: OS info Linux, 6.4.16-linuxkit, aarch64
[2024-06-25T13:04:16.093+0000] {spark_submit.py:571} INFO - 24/06/25 13:04:16 INFO SparkContext: Java version 11.0.23
[2024-06-25T13:04:16.107+0000] {spark_submit.py:571} INFO - 24/06/25 13:04:16 INFO ResourceUtils: ==============================================================
[2024-06-25T13:04:16.107+0000] {spark_submit.py:571} INFO - 24/06/25 13:04:16 INFO ResourceUtils: No custom resources configured for spark.driver.
[2024-06-25T13:04:16.107+0000] {spark_submit.py:571} INFO - 24/06/25 13:04:16 INFO ResourceUtils: ==============================================================
[2024-06-25T13:04:16.108+0000] {spark_submit.py:571} INFO - 24/06/25 13:04:16 INFO SparkContext: Submitted application: PostgreSQL to PySpark categories
[2024-06-25T13:04:16.116+0000] {spark_submit.py:571} INFO - 24/06/25 13:04:16 INFO ResourceProfile: Default ResourceProfile created, executor resources: Map(cores -> name: cores, amount: 2, script: , vendor: , memory -> name: memory, amount: 2048, script: , vendor: , offHeap -> name: offHeap, amount: 0, script: , vendor: ), task resources: Map(cpus -> name: cpus, amount: 1.0)
[2024-06-25T13:04:16.123+0000] {spark_submit.py:571} INFO - 24/06/25 13:04:16 INFO ResourceProfile: Limiting resource is cpus at 2 tasks per executor
[2024-06-25T13:04:16.123+0000] {spark_submit.py:571} INFO - 24/06/25 13:04:16 INFO ResourceProfileManager: Added ResourceProfile id: 0
[2024-06-25T13:04:16.162+0000] {spark_submit.py:571} INFO - 24/06/25 13:04:16 INFO SecurityManager: Changing view acls to: ***
[2024-06-25T13:04:16.163+0000] {spark_submit.py:571} INFO - 24/06/25 13:04:16 INFO SecurityManager: Changing modify acls to: ***
[2024-06-25T13:04:16.163+0000] {spark_submit.py:571} INFO - 24/06/25 13:04:16 INFO SecurityManager: Changing view acls groups to:
[2024-06-25T13:04:16.164+0000] {spark_submit.py:571} INFO - 24/06/25 13:04:16 INFO SecurityManager: Changing modify acls groups to:
[2024-06-25T13:04:16.164+0000] {spark_submit.py:571} INFO - 24/06/25 13:04:16 INFO SecurityManager: SecurityManager: authentication disabled; ui acls disabled; users with view permissions: ***; groups with view permissions: EMPTY; users with modify permissions: ***; groups with modify permissions: EMPTY
[2024-06-25T13:04:16.292+0000] {spark_submit.py:571} INFO - 24/06/25 13:04:16 INFO Utils: Successfully started service 'sparkDriver' on port 35429.
[2024-06-25T13:04:16.311+0000] {spark_submit.py:571} INFO - 24/06/25 13:04:16 INFO SparkEnv: Registering MapOutputTracker
[2024-06-25T13:04:16.331+0000] {spark_submit.py:571} INFO - 24/06/25 13:04:16 INFO SparkEnv: Registering BlockManagerMaster
[2024-06-25T13:04:16.343+0000] {spark_submit.py:571} INFO - 24/06/25 13:04:16 INFO BlockManagerMasterEndpoint: Using org.apache.spark.storage.DefaultTopologyMapper for getting topology information
[2024-06-25T13:04:16.343+0000] {spark_submit.py:571} INFO - 24/06/25 13:04:16 INFO BlockManagerMasterEndpoint: BlockManagerMasterEndpoint up
[2024-06-25T13:04:16.345+0000] {spark_submit.py:571} INFO - 24/06/25 13:04:16 INFO SparkEnv: Registering BlockManagerMasterHeartbeat
[2024-06-25T13:04:16.356+0000] {spark_submit.py:571} INFO - 24/06/25 13:04:16 INFO DiskBlockManager: Created local directory at /tmp/blockmgr-c6b121f0-ad96-4269-a47c-0f6ae896f1d7
[2024-06-25T13:04:16.362+0000] {spark_submit.py:571} INFO - 24/06/25 13:04:16 INFO MemoryStore: MemoryStore started with capacity 434.4 MiB
[2024-06-25T13:04:16.370+0000] {spark_submit.py:571} INFO - 24/06/25 13:04:16 INFO SparkEnv: Registering OutputCommitCoordinator
[2024-06-25T13:04:16.460+0000] {spark_submit.py:571} INFO - 24/06/25 13:04:16 INFO JettyUtils: Start Jetty 0.0.0.0:4040 for SparkUI
[2024-06-25T13:04:16.500+0000] {spark_submit.py:571} INFO - 24/06/25 13:04:16 INFO Utils: Successfully started service 'SparkUI' on port 4040.
[2024-06-25T13:04:16.518+0000] {spark_submit.py:571} INFO - 24/06/25 13:04:16 INFO SparkContext: Added JAR file:///opt/***/spark/resources/jars/postgresql-42.7.3.jar at spark://e32126fe0c41:35429/jars/postgresql-42.7.3.jar with timestamp 1719320656087
[2024-06-25T13:04:16.576+0000] {spark_submit.py:571} INFO - 24/06/25 13:04:16 INFO StandaloneAppClient$ClientEndpoint: Connecting to master spark://spark-master:7077...
[2024-06-25T13:04:16.605+0000] {spark_submit.py:571} INFO - 24/06/25 13:04:16 INFO TransportClientFactory: Successfully created connection to spark-master/172.20.0.4:7077 after 14 ms (0 ms spent in bootstraps)
[2024-06-25T13:04:16.684+0000] {spark_submit.py:571} INFO - 24/06/25 13:04:16 INFO StandaloneSchedulerBackend: Connected to Spark cluster with app ID app-20240625130416-0002
[2024-06-25T13:04:16.685+0000] {spark_submit.py:571} INFO - 24/06/25 13:04:16 INFO StandaloneAppClient$ClientEndpoint: Executor added: app-20240625130416-0002/0 on worker-20240625125946-172.20.0.9-40571 (172.20.0.9:40571) with 2 core(s)
[2024-06-25T13:04:16.686+0000] {spark_submit.py:571} INFO - 24/06/25 13:04:16 INFO StandaloneSchedulerBackend: Granted executor ID app-20240625130416-0002/0 on hostPort 172.20.0.9:40571 with 2 core(s), 2.0 GiB RAM
[2024-06-25T13:04:16.686+0000] {spark_submit.py:571} INFO - 24/06/25 13:04:16 INFO StandaloneAppClient$ClientEndpoint: Executor added: app-20240625130416-0002/1 on worker-20240625125945-172.20.0.8-41453 (172.20.0.8:41453) with 2 core(s)
[2024-06-25T13:04:16.687+0000] {spark_submit.py:571} INFO - 24/06/25 13:04:16 INFO StandaloneSchedulerBackend: Granted executor ID app-20240625130416-0002/1 on hostPort 172.20.0.8:41453 with 2 core(s), 2.0 GiB RAM
[2024-06-25T13:04:16.701+0000] {spark_submit.py:571} INFO - 24/06/25 13:04:16 INFO Utils: Successfully started service 'org.apache.spark.network.netty.NettyBlockTransferService' on port 40465.
[2024-06-25T13:04:16.704+0000] {spark_submit.py:571} INFO - 24/06/25 13:04:16 INFO NettyBlockTransferService: Server created on e32126fe0c41:40465
[2024-06-25T13:04:16.707+0000] {spark_submit.py:571} INFO - 24/06/25 13:04:16 INFO BlockManager: Using org.apache.spark.storage.RandomBlockReplicationPolicy for block replication policy
[2024-06-25T13:04:16.719+0000] {spark_submit.py:571} INFO - 24/06/25 13:04:16 INFO BlockManagerMaster: Registering BlockManager BlockManagerId(driver, e32126fe0c41, 40465, None)
[2024-06-25T13:04:16.726+0000] {spark_submit.py:571} INFO - 24/06/25 13:04:16 INFO BlockManagerMasterEndpoint: Registering block manager e32126fe0c41:40465 with 434.4 MiB RAM, BlockManagerId(driver, e32126fe0c41, 40465, None)
[2024-06-25T13:04:16.730+0000] {spark_submit.py:571} INFO - 24/06/25 13:04:16 INFO BlockManagerMaster: Registered BlockManager BlockManagerId(driver, e32126fe0c41, 40465, None)
[2024-06-25T13:04:16.738+0000] {spark_submit.py:571} INFO - 24/06/25 13:04:16 INFO BlockManager: Initialized BlockManager: BlockManagerId(driver, e32126fe0c41, 40465, None)
[2024-06-25T13:04:16.954+0000] {spark_submit.py:571} INFO - 24/06/25 13:04:16 INFO StandaloneAppClient$ClientEndpoint: Executor updated: app-20240625130416-0002/1 is now RUNNING
[2024-06-25T13:04:16.961+0000] {spark_submit.py:571} INFO - 24/06/25 13:04:16 INFO StandaloneAppClient$ClientEndpoint: Executor updated: app-20240625130416-0002/0 is now RUNNING
[2024-06-25T13:04:17.058+0000] {spark_submit.py:571} INFO - 24/06/25 13:04:17 INFO StandaloneSchedulerBackend: SchedulerBackend is ready for scheduling beginning after reached minRegisteredResourcesRatio: 0.0
[2024-06-25T13:04:17.257+0000] {spark_submit.py:571} INFO - 24/06/25 13:04:17 INFO SharedState: Setting hive.metastore.warehouse.dir ('null') to the value of spark.sql.warehouse.dir.
[2024-06-25T13:04:17.257+0000] {spark_submit.py:571} INFO - 24/06/25 13:04:17 INFO SharedState: Warehouse path is 'file:/opt/***/spark-warehouse'.
[2024-06-25T13:04:20.032+0000] {spark_submit.py:571} INFO - 24/06/25 13:04:20 INFO StandaloneSchedulerBackend$StandaloneDriverEndpoint: Registered executor NettyRpcEndpointRef(spark-client://Executor) (172.20.0.8:48060) with ID 1,  ResourceProfileId 0
[2024-06-25T13:04:20.062+0000] {spark_submit.py:571} INFO - 24/06/25 13:04:20 INFO StandaloneSchedulerBackend$StandaloneDriverEndpoint: Registered executor NettyRpcEndpointRef(spark-client://Executor) (172.20.0.9:34930) with ID 0,  ResourceProfileId 0
[2024-06-25T13:04:20.131+0000] {spark_submit.py:571} INFO - 24/06/25 13:04:20 INFO BlockManagerMasterEndpoint: Registering block manager 172.20.0.9:44477 with 1048.8 MiB RAM, BlockManagerId(0, 172.20.0.9, 44477, None)
[2024-06-25T13:04:20.132+0000] {spark_submit.py:571} INFO - 24/06/25 13:04:20 INFO BlockManagerMasterEndpoint: Registering block manager 172.20.0.8:37325 with 1048.8 MiB RAM, BlockManagerId(1, 172.20.0.8, 37325, None)
[2024-06-25T13:04:21.085+0000] {spark_submit.py:571} INFO - 24/06/25 13:04:21 INFO CodeGenerator: Code generated in 143.521792 ms
[2024-06-25T13:04:21.152+0000] {spark_submit.py:571} INFO - 24/06/25 13:04:21 INFO SparkContext: Starting job: toPandas at /opt/***/spark/jobs/extract.py:19
[2024-06-25T13:04:21.160+0000] {spark_submit.py:571} INFO - 24/06/25 13:04:21 INFO DAGScheduler: Got job 0 (toPandas at /opt/***/spark/jobs/extract.py:19) with 1 output partitions
[2024-06-25T13:04:21.161+0000] {spark_submit.py:571} INFO - 24/06/25 13:04:21 INFO DAGScheduler: Final stage: ResultStage 0 (toPandas at /opt/***/spark/jobs/extract.py:19)
[2024-06-25T13:04:21.161+0000] {spark_submit.py:571} INFO - 24/06/25 13:04:21 INFO DAGScheduler: Parents of final stage: List()
[2024-06-25T13:04:21.161+0000] {spark_submit.py:571} INFO - 24/06/25 13:04:21 INFO DAGScheduler: Missing parents: List()
[2024-06-25T13:04:21.163+0000] {spark_submit.py:571} INFO - 24/06/25 13:04:21 INFO DAGScheduler: Submitting ResultStage 0 (MapPartitionsRDD[2] at toPandas at /opt/***/spark/jobs/extract.py:19), which has no missing parents
[2024-06-25T13:04:21.219+0000] {spark_submit.py:571} INFO - 24/06/25 13:04:21 INFO MemoryStore: Block broadcast_0 stored as values in memory (estimated size 11.9 KiB, free 434.4 MiB)
[2024-06-25T13:04:21.256+0000] {spark_submit.py:571} INFO - 24/06/25 13:04:21 INFO MemoryStore: Block broadcast_0_piece0 stored as bytes in memory (estimated size 6.0 KiB, free 434.4 MiB)
[2024-06-25T13:04:21.257+0000] {spark_submit.py:571} INFO - 24/06/25 13:04:21 INFO BlockManagerInfo: Added broadcast_0_piece0 in memory on e32126fe0c41:40465 (size: 6.0 KiB, free: 434.4 MiB)
[2024-06-25T13:04:21.259+0000] {spark_submit.py:571} INFO - 24/06/25 13:04:21 INFO SparkContext: Created broadcast 0 from broadcast at DAGScheduler.scala:1585
[2024-06-25T13:04:21.267+0000] {spark_submit.py:571} INFO - 24/06/25 13:04:21 INFO DAGScheduler: Submitting 1 missing tasks from ResultStage 0 (MapPartitionsRDD[2] at toPandas at /opt/***/spark/jobs/extract.py:19) (first 15 tasks are for partitions Vector(0))
[2024-06-25T13:04:21.267+0000] {spark_submit.py:571} INFO - 24/06/25 13:04:21 INFO TaskSchedulerImpl: Adding task set 0.0 with 1 tasks resource profile 0
[2024-06-25T13:04:21.281+0000] {spark_submit.py:571} INFO - 24/06/25 13:04:21 INFO TaskSetManager: Starting task 0.0 in stage 0.0 (TID 0) (172.20.0.8, executor 1, partition 0, PROCESS_LOCAL, 7645 bytes)
[2024-06-25T13:04:21.623+0000] {spark_submit.py:571} INFO - 24/06/25 13:04:21 INFO BlockManagerInfo: Added broadcast_0_piece0 in memory on 172.20.0.8:37325 (size: 6.0 KiB, free: 1048.8 MiB)
[2024-06-25T13:04:22.258+0000] {spark_submit.py:571} INFO - 24/06/25 13:04:22 INFO TaskSetManager: Finished task 0.0 in stage 0.0 (TID 0) in 977 ms on 172.20.0.8 (executor 1) (1/1)
[2024-06-25T13:04:22.261+0000] {spark_submit.py:571} INFO - 24/06/25 13:04:22 INFO TaskSchedulerImpl: Removed TaskSet 0.0, whose tasks have all completed, from pool
[2024-06-25T13:04:22.266+0000] {spark_submit.py:571} INFO - 24/06/25 13:04:22 INFO DAGScheduler: ResultStage 0 (toPandas at /opt/***/spark/jobs/extract.py:19) finished in 1.096 s
[2024-06-25T13:04:22.268+0000] {spark_submit.py:571} INFO - 24/06/25 13:04:22 INFO DAGScheduler: Job 0 is finished. Cancelling potential speculative or zombie tasks for this job
[2024-06-25T13:04:22.269+0000] {spark_submit.py:571} INFO - 24/06/25 13:04:22 INFO TaskSchedulerImpl: Killing all running tasks in stage 0: Stage finished
[2024-06-25T13:04:22.270+0000] {spark_submit.py:571} INFO - 24/06/25 13:04:22 INFO DAGScheduler: Job 0 finished: toPandas at /opt/***/spark/jobs/extract.py:19, took 1.117998 s
[2024-06-25T13:04:22.351+0000] {spark_submit.py:571} INFO - 24/06/25 13:04:22 INFO SparkContext: SparkContext is stopping with exitCode 0.
[2024-06-25T13:04:22.372+0000] {spark_submit.py:571} INFO - 24/06/25 13:04:22 INFO SparkUI: Stopped Spark web UI at http://e32126fe0c41:4040
[2024-06-25T13:04:22.375+0000] {spark_submit.py:571} INFO - 24/06/25 13:04:22 INFO StandaloneSchedulerBackend: Shutting down all executors
[2024-06-25T13:04:22.376+0000] {spark_submit.py:571} INFO - 24/06/25 13:04:22 INFO StandaloneSchedulerBackend$StandaloneDriverEndpoint: Asking each executor to shut down
[2024-06-25T13:04:22.405+0000] {spark_submit.py:571} INFO - 24/06/25 13:04:22 INFO MapOutputTrackerMasterEndpoint: MapOutputTrackerMasterEndpoint stopped!
[2024-06-25T13:04:22.519+0000] {spark_submit.py:571} INFO - 24/06/25 13:04:22 INFO MemoryStore: MemoryStore cleared
[2024-06-25T13:04:22.521+0000] {spark_submit.py:571} INFO - 24/06/25 13:04:22 INFO BlockManager: BlockManager stopped
[2024-06-25T13:04:22.566+0000] {spark_submit.py:571} INFO - 24/06/25 13:04:22 INFO BlockManagerMaster: BlockManagerMaster stopped
[2024-06-25T13:04:22.580+0000] {spark_submit.py:571} INFO - 24/06/25 13:04:22 INFO OutputCommitCoordinator$OutputCommitCoordinatorEndpoint: OutputCommitCoordinator stopped!
[2024-06-25T13:04:22.597+0000] {spark_submit.py:571} INFO - 24/06/25 13:04:22 INFO SparkContext: Successfully stopped SparkContext
[2024-06-25T13:04:22.629+0000] {spark_submit.py:571} INFO - Data successfully written to output/dim_categories.csv
[2024-06-25T13:04:22.772+0000] {spark_submit.py:571} INFO - 24/06/25 13:04:22 INFO ShutdownHookManager: Shutdown hook called
[2024-06-25T13:04:22.773+0000] {spark_submit.py:571} INFO - 24/06/25 13:04:22 INFO ShutdownHookManager: Deleting directory /tmp/spark-58790f3a-6341-4d36-8ca3-5c8e2f107e10/pyspark-3e66862e-dca7-4118-81b4-54ed66534826
[2024-06-25T13:04:22.776+0000] {spark_submit.py:571} INFO - 24/06/25 13:04:22 INFO ShutdownHookManager: Deleting directory /tmp/spark-58790f3a-6341-4d36-8ca3-5c8e2f107e10
[2024-06-25T13:04:22.779+0000] {spark_submit.py:571} INFO - 24/06/25 13:04:22 INFO ShutdownHookManager: Deleting directory /tmp/spark-2cfbe366-45f4-4da0-a441-d8fc5809e3d3
[2024-06-25T13:04:22.861+0000] {taskinstance.py:1398} INFO - Marking task as SUCCESS. dag_id=spark_flow, task_id=spark.spark_extract.extract_dim_categories_job, execution_date=20240625T130307, start_date=20240625T130414, end_date=20240625T130422
[2024-06-25T13:04:22.902+0000] {local_task_job_runner.py:228} INFO - Task exited with return code 0
[2024-06-25T13:04:22.980+0000] {taskinstance.py:2776} INFO - 1 downstream tasks scheduled from follow-on schedule check
