[2024-06-25T13:04:46.346+0000] {taskinstance.py:1157} INFO - Dependencies all met for dep_context=non-requeueable deps ti=<TaskInstance: spark_flow.spark.spark_extract.extract_fact_order_details_job manual__2024-06-25T13:03:07.481260+00:00 [queued]>
[2024-06-25T13:04:46.350+0000] {taskinstance.py:1157} INFO - Dependencies all met for dep_context=requeueable deps ti=<TaskInstance: spark_flow.spark.spark_extract.extract_fact_order_details_job manual__2024-06-25T13:03:07.481260+00:00 [queued]>
[2024-06-25T13:04:46.350+0000] {taskinstance.py:1359} INFO - Starting attempt 1 of 1
[2024-06-25T13:04:46.355+0000] {taskinstance.py:1380} INFO - Executing <Task(SparkSubmitOperator): spark.spark_extract.extract_fact_order_details_job> on 2024-06-25 13:03:07.481260+00:00
[2024-06-25T13:04:46.361+0000] {standard_task_runner.py:57} INFO - Started process 1228 to run task
[2024-06-25T13:04:46.364+0000] {standard_task_runner.py:84} INFO - Running: ['***', 'tasks', 'run', 'spark_flow', 'spark.spark_extract.extract_fact_order_details_job', 'manual__2024-06-25T13:03:07.481260+00:00', '--job-id', '23', '--raw', '--subdir', 'DAGS_FOLDER/spark_***.py', '--cfg-path', '/tmp/tmpje4gx7ws']
[2024-06-25T13:04:46.366+0000] {standard_task_runner.py:85} INFO - Job 23: Subtask spark.spark_extract.extract_fact_order_details_job
[2024-06-25T13:04:46.412+0000] {task_command.py:415} INFO - Running <TaskInstance: spark_flow.spark.spark_extract.extract_fact_order_details_job manual__2024-06-25T13:03:07.481260+00:00 [running]> on host e32126fe0c41
[2024-06-25T13:04:46.514+0000] {taskinstance.py:1660} INFO - Exporting env vars: AIRFLOW_CTX_DAG_OWNER='Maulana Ahmad Maliki' AIRFLOW_CTX_DAG_ID='spark_flow' AIRFLOW_CTX_TASK_ID='spark.spark_extract.extract_fact_order_details_job' AIRFLOW_CTX_EXECUTION_DATE='2024-06-25T13:03:07.481260+00:00' AIRFLOW_CTX_TRY_NUMBER='1' AIRFLOW_CTX_DAG_RUN_ID='manual__2024-06-25T13:03:07.481260+00:00'
[2024-06-25T13:04:46.522+0000] {base.py:73} INFO - Using connection ID 'spark-conn' for task execution.
[2024-06-25T13:04:46.524+0000] {spark_submit.py:401} INFO - Spark-Submit cmd: spark-submit --master spark://spark-master:7077 --driver-class-path spark/resources/jars/postgresql-42.7.3.jar --jars spark/resources/jars/postgresql-42.7.3.jar --total-executor-cores 4 --executor-cores 2 --executor-memory 2g --driver-memory 1g --name arrow-spark --deploy-mode client spark/jobs/extract.py jdbc:postgresql://postgres-staging:5432/staging_db admin admin order_details fact_order_details
[2024-06-25T13:04:46.616+0000] {spark_submit.py:571} INFO - /home/***/.local/lib/python3.11/site-packages/pyspark/bin/load-spark-env.sh: line 68: ps: command not found
[2024-06-25T13:04:47.688+0000] {spark_submit.py:571} INFO - 24/06/25 13:04:47 WARN NativeCodeLoader: Unable to load native-hadoop library for your platform... using builtin-java classes where applicable
[2024-06-25T13:04:48.352+0000] {spark_submit.py:571} INFO - 24/06/25 13:04:48 INFO SparkContext: Running Spark version 3.5.1
[2024-06-25T13:04:48.352+0000] {spark_submit.py:571} INFO - 24/06/25 13:04:48 INFO SparkContext: OS info Linux, 6.4.16-linuxkit, aarch64
[2024-06-25T13:04:48.353+0000] {spark_submit.py:571} INFO - 24/06/25 13:04:48 INFO SparkContext: Java version 11.0.23
[2024-06-25T13:04:48.364+0000] {spark_submit.py:571} INFO - 24/06/25 13:04:48 INFO ResourceUtils: ==============================================================
[2024-06-25T13:04:48.364+0000] {spark_submit.py:571} INFO - 24/06/25 13:04:48 INFO ResourceUtils: No custom resources configured for spark.driver.
[2024-06-25T13:04:48.365+0000] {spark_submit.py:571} INFO - 24/06/25 13:04:48 INFO ResourceUtils: ==============================================================
[2024-06-25T13:04:48.365+0000] {spark_submit.py:571} INFO - 24/06/25 13:04:48 INFO SparkContext: Submitted application: PostgreSQL to PySpark order_details
[2024-06-25T13:04:48.373+0000] {spark_submit.py:571} INFO - 24/06/25 13:04:48 INFO ResourceProfile: Default ResourceProfile created, executor resources: Map(cores -> name: cores, amount: 2, script: , vendor: , memory -> name: memory, amount: 2048, script: , vendor: , offHeap -> name: offHeap, amount: 0, script: , vendor: ), task resources: Map(cpus -> name: cpus, amount: 1.0)
[2024-06-25T13:04:48.379+0000] {spark_submit.py:571} INFO - 24/06/25 13:04:48 INFO ResourceProfile: Limiting resource is cpus at 2 tasks per executor
[2024-06-25T13:04:48.380+0000] {spark_submit.py:571} INFO - 24/06/25 13:04:48 INFO ResourceProfileManager: Added ResourceProfile id: 0
[2024-06-25T13:04:48.421+0000] {spark_submit.py:571} INFO - 24/06/25 13:04:48 INFO SecurityManager: Changing view acls to: ***
[2024-06-25T13:04:48.422+0000] {spark_submit.py:571} INFO - 24/06/25 13:04:48 INFO SecurityManager: Changing modify acls to: ***
[2024-06-25T13:04:48.422+0000] {spark_submit.py:571} INFO - 24/06/25 13:04:48 INFO SecurityManager: Changing view acls groups to:
[2024-06-25T13:04:48.422+0000] {spark_submit.py:571} INFO - 24/06/25 13:04:48 INFO SecurityManager: Changing modify acls groups to:
[2024-06-25T13:04:48.423+0000] {spark_submit.py:571} INFO - 24/06/25 13:04:48 INFO SecurityManager: SecurityManager: authentication disabled; ui acls disabled; users with view permissions: ***; groups with view permissions: EMPTY; users with modify permissions: ***; groups with modify permissions: EMPTY
[2024-06-25T13:04:48.541+0000] {spark_submit.py:571} INFO - 24/06/25 13:04:48 INFO Utils: Successfully started service 'sparkDriver' on port 38795.
[2024-06-25T13:04:48.560+0000] {spark_submit.py:571} INFO - 24/06/25 13:04:48 INFO SparkEnv: Registering MapOutputTracker
[2024-06-25T13:04:48.581+0000] {spark_submit.py:571} INFO - 24/06/25 13:04:48 INFO SparkEnv: Registering BlockManagerMaster
[2024-06-25T13:04:48.592+0000] {spark_submit.py:571} INFO - 24/06/25 13:04:48 INFO BlockManagerMasterEndpoint: Using org.apache.spark.storage.DefaultTopologyMapper for getting topology information
[2024-06-25T13:04:48.593+0000] {spark_submit.py:571} INFO - 24/06/25 13:04:48 INFO BlockManagerMasterEndpoint: BlockManagerMasterEndpoint up
[2024-06-25T13:04:48.595+0000] {spark_submit.py:571} INFO - 24/06/25 13:04:48 INFO SparkEnv: Registering BlockManagerMasterHeartbeat
[2024-06-25T13:04:48.611+0000] {spark_submit.py:571} INFO - 24/06/25 13:04:48 INFO DiskBlockManager: Created local directory at /tmp/blockmgr-09b9ee14-768b-434a-8bba-67d8e1b47d19
[2024-06-25T13:04:48.619+0000] {spark_submit.py:571} INFO - 24/06/25 13:04:48 INFO MemoryStore: MemoryStore started with capacity 434.4 MiB
[2024-06-25T13:04:48.633+0000] {spark_submit.py:571} INFO - 24/06/25 13:04:48 INFO SparkEnv: Registering OutputCommitCoordinator
[2024-06-25T13:04:48.698+0000] {spark_submit.py:571} INFO - 24/06/25 13:04:48 INFO JettyUtils: Start Jetty 0.0.0.0:4040 for SparkUI
[2024-06-25T13:04:48.727+0000] {spark_submit.py:571} INFO - 24/06/25 13:04:48 INFO Utils: Successfully started service 'SparkUI' on port 4040.
[2024-06-25T13:04:48.743+0000] {spark_submit.py:571} INFO - 24/06/25 13:04:48 INFO SparkContext: Added JAR file:///opt/***/spark/resources/jars/postgresql-42.7.3.jar at spark://e32126fe0c41:38795/jars/postgresql-42.7.3.jar with timestamp 1719320688347
[2024-06-25T13:04:48.796+0000] {spark_submit.py:571} INFO - 24/06/25 13:04:48 INFO StandaloneAppClient$ClientEndpoint: Connecting to master spark://spark-master:7077...
[2024-06-25T13:04:48.827+0000] {spark_submit.py:571} INFO - 24/06/25 13:04:48 INFO TransportClientFactory: Successfully created connection to spark-master/172.20.0.4:7077 after 15 ms (0 ms spent in bootstraps)
[2024-06-25T13:04:48.907+0000] {spark_submit.py:571} INFO - 24/06/25 13:04:48 INFO StandaloneSchedulerBackend: Connected to Spark cluster with app ID app-20240625130448-0005
[2024-06-25T13:04:48.915+0000] {spark_submit.py:571} INFO - 24/06/25 13:04:48 INFO StandaloneAppClient$ClientEndpoint: Executor added: app-20240625130448-0005/0 on worker-20240625125946-172.20.0.9-40571 (172.20.0.9:40571) with 2 core(s)
[2024-06-25T13:04:48.917+0000] {spark_submit.py:571} INFO - 24/06/25 13:04:48 INFO StandaloneSchedulerBackend: Granted executor ID app-20240625130448-0005/0 on hostPort 172.20.0.9:40571 with 2 core(s), 2.0 GiB RAM
[2024-06-25T13:04:48.919+0000] {spark_submit.py:571} INFO - 24/06/25 13:04:48 INFO StandaloneAppClient$ClientEndpoint: Executor added: app-20240625130448-0005/1 on worker-20240625125945-172.20.0.8-41453 (172.20.0.8:41453) with 2 core(s)
[2024-06-25T13:04:48.920+0000] {spark_submit.py:571} INFO - 24/06/25 13:04:48 INFO StandaloneSchedulerBackend: Granted executor ID app-20240625130448-0005/1 on hostPort 172.20.0.8:41453 with 2 core(s), 2.0 GiB RAM
[2024-06-25T13:04:48.926+0000] {spark_submit.py:571} INFO - 24/06/25 13:04:48 INFO Utils: Successfully started service 'org.apache.spark.network.netty.NettyBlockTransferService' on port 34165.
[2024-06-25T13:04:48.926+0000] {spark_submit.py:571} INFO - 24/06/25 13:04:48 INFO NettyBlockTransferService: Server created on e32126fe0c41:34165
[2024-06-25T13:04:48.928+0000] {spark_submit.py:571} INFO - 24/06/25 13:04:48 INFO BlockManager: Using org.apache.spark.storage.RandomBlockReplicationPolicy for block replication policy
[2024-06-25T13:04:48.934+0000] {spark_submit.py:571} INFO - 24/06/25 13:04:48 INFO BlockManagerMaster: Registering BlockManager BlockManagerId(driver, e32126fe0c41, 34165, None)
[2024-06-25T13:04:48.936+0000] {spark_submit.py:571} INFO - 24/06/25 13:04:48 INFO BlockManagerMasterEndpoint: Registering block manager e32126fe0c41:34165 with 434.4 MiB RAM, BlockManagerId(driver, e32126fe0c41, 34165, None)
[2024-06-25T13:04:48.938+0000] {spark_submit.py:571} INFO - 24/06/25 13:04:48 INFO BlockManagerMaster: Registered BlockManager BlockManagerId(driver, e32126fe0c41, 34165, None)
[2024-06-25T13:04:48.939+0000] {spark_submit.py:571} INFO - 24/06/25 13:04:48 INFO BlockManager: Initialized BlockManager: BlockManagerId(driver, e32126fe0c41, 34165, None)
[2024-06-25T13:04:48.995+0000] {spark_submit.py:571} INFO - 24/06/25 13:04:48 INFO StandaloneAppClient$ClientEndpoint: Executor updated: app-20240625130448-0005/1 is now RUNNING
[2024-06-25T13:04:48.995+0000] {spark_submit.py:571} INFO - 24/06/25 13:04:48 INFO StandaloneAppClient$ClientEndpoint: Executor updated: app-20240625130448-0005/0 is now RUNNING
[2024-06-25T13:04:49.180+0000] {spark_submit.py:571} INFO - 24/06/25 13:04:49 INFO StandaloneSchedulerBackend: SchedulerBackend is ready for scheduling beginning after reached minRegisteredResourcesRatio: 0.0
[2024-06-25T13:04:49.364+0000] {spark_submit.py:571} INFO - 24/06/25 13:04:49 INFO SharedState: Setting hive.metastore.warehouse.dir ('null') to the value of spark.sql.warehouse.dir.
[2024-06-25T13:04:49.364+0000] {spark_submit.py:571} INFO - 24/06/25 13:04:49 INFO SharedState: Warehouse path is 'file:/opt/***/spark-warehouse'.
[2024-06-25T13:04:51.554+0000] {spark_submit.py:571} INFO - 24/06/25 13:04:51 INFO StandaloneSchedulerBackend$StandaloneDriverEndpoint: Registered executor NettyRpcEndpointRef(spark-client://Executor) (172.20.0.8:45786) with ID 1,  ResourceProfileId 0
[2024-06-25T13:04:51.635+0000] {spark_submit.py:571} INFO - 24/06/25 13:04:51 INFO BlockManagerMasterEndpoint: Registering block manager 172.20.0.8:41829 with 1048.8 MiB RAM, BlockManagerId(1, 172.20.0.8, 41829, None)
[2024-06-25T13:04:51.746+0000] {spark_submit.py:571} INFO - 24/06/25 13:04:51 INFO StandaloneSchedulerBackend$StandaloneDriverEndpoint: Registered executor NettyRpcEndpointRef(spark-client://Executor) (172.20.0.9:59166) with ID 0,  ResourceProfileId 0
[2024-06-25T13:04:51.819+0000] {spark_submit.py:571} INFO - 24/06/25 13:04:51 INFO BlockManagerMasterEndpoint: Registering block manager 172.20.0.9:36727 with 1048.8 MiB RAM, BlockManagerId(0, 172.20.0.9, 36727, None)
[2024-06-25T13:04:52.753+0000] {spark_submit.py:571} INFO - 24/06/25 13:04:52 INFO CodeGenerator: Code generated in 152.453958 ms
[2024-06-25T13:04:52.870+0000] {spark_submit.py:571} INFO - 24/06/25 13:04:52 INFO SparkContext: Starting job: toPandas at /opt/***/spark/jobs/extract.py:19
[2024-06-25T13:04:52.889+0000] {spark_submit.py:571} INFO - 24/06/25 13:04:52 INFO DAGScheduler: Got job 0 (toPandas at /opt/***/spark/jobs/extract.py:19) with 1 output partitions
[2024-06-25T13:04:52.889+0000] {spark_submit.py:571} INFO - 24/06/25 13:04:52 INFO DAGScheduler: Final stage: ResultStage 0 (toPandas at /opt/***/spark/jobs/extract.py:19)
[2024-06-25T13:04:52.890+0000] {spark_submit.py:571} INFO - 24/06/25 13:04:52 INFO DAGScheduler: Parents of final stage: List()
[2024-06-25T13:04:52.890+0000] {spark_submit.py:571} INFO - 24/06/25 13:04:52 INFO DAGScheduler: Missing parents: List()
[2024-06-25T13:04:52.893+0000] {spark_submit.py:571} INFO - 24/06/25 13:04:52 INFO DAGScheduler: Submitting ResultStage 0 (MapPartitionsRDD[2] at toPandas at /opt/***/spark/jobs/extract.py:19), which has no missing parents
[2024-06-25T13:04:52.936+0000] {spark_submit.py:571} INFO - 24/06/25 13:04:52 INFO MemoryStore: Block broadcast_0 stored as values in memory (estimated size 12.1 KiB, free 434.4 MiB)
[2024-06-25T13:04:52.968+0000] {spark_submit.py:571} INFO - 24/06/25 13:04:52 INFO MemoryStore: Block broadcast_0_piece0 stored as bytes in memory (estimated size 6.0 KiB, free 434.4 MiB)
[2024-06-25T13:04:52.969+0000] {spark_submit.py:571} INFO - 24/06/25 13:04:52 INFO BlockManagerInfo: Added broadcast_0_piece0 in memory on e32126fe0c41:34165 (size: 6.0 KiB, free: 434.4 MiB)
[2024-06-25T13:04:52.972+0000] {spark_submit.py:571} INFO - 24/06/25 13:04:52 INFO SparkContext: Created broadcast 0 from broadcast at DAGScheduler.scala:1585
[2024-06-25T13:04:52.980+0000] {spark_submit.py:571} INFO - 24/06/25 13:04:52 INFO DAGScheduler: Submitting 1 missing tasks from ResultStage 0 (MapPartitionsRDD[2] at toPandas at /opt/***/spark/jobs/extract.py:19) (first 15 tasks are for partitions Vector(0))
[2024-06-25T13:04:52.981+0000] {spark_submit.py:571} INFO - 24/06/25 13:04:52 INFO TaskSchedulerImpl: Adding task set 0.0 with 1 tasks resource profile 0
[2024-06-25T13:04:52.998+0000] {spark_submit.py:571} INFO - 24/06/25 13:04:52 INFO TaskSetManager: Starting task 0.0 in stage 0.0 (TID 0) (172.20.0.9, executor 0, partition 0, PROCESS_LOCAL, 7645 bytes)
[2024-06-25T13:04:53.212+0000] {spark_submit.py:571} INFO - 24/06/25 13:04:53 INFO BlockManagerInfo: Added broadcast_0_piece0 in memory on 172.20.0.9:36727 (size: 6.0 KiB, free: 1048.8 MiB)
[2024-06-25T13:04:53.894+0000] {spark_submit.py:571} INFO - 24/06/25 13:04:53 INFO TaskSetManager: Finished task 0.0 in stage 0.0 (TID 0) in 901 ms on 172.20.0.9 (executor 0) (1/1)
[2024-06-25T13:04:53.897+0000] {spark_submit.py:571} INFO - 24/06/25 13:04:53 INFO TaskSchedulerImpl: Removed TaskSet 0.0, whose tasks have all completed, from pool
[2024-06-25T13:04:53.900+0000] {spark_submit.py:571} INFO - 24/06/25 13:04:53 INFO DAGScheduler: ResultStage 0 (toPandas at /opt/***/spark/jobs/extract.py:19) finished in 1.000 s
[2024-06-25T13:04:53.902+0000] {spark_submit.py:571} INFO - 24/06/25 13:04:53 INFO DAGScheduler: Job 0 is finished. Cancelling potential speculative or zombie tasks for this job
[2024-06-25T13:04:53.903+0000] {spark_submit.py:571} INFO - 24/06/25 13:04:53 INFO TaskSchedulerImpl: Killing all running tasks in stage 0: Stage finished
[2024-06-25T13:04:53.905+0000] {spark_submit.py:571} INFO - 24/06/25 13:04:53 INFO DAGScheduler: Job 0 finished: toPandas at /opt/***/spark/jobs/extract.py:19, took 1.034627 s
[2024-06-25T13:04:54.074+0000] {spark_submit.py:571} INFO - 24/06/25 13:04:54 INFO SparkContext: SparkContext is stopping with exitCode 0.
[2024-06-25T13:04:54.083+0000] {spark_submit.py:571} INFO - 24/06/25 13:04:54 INFO SparkUI: Stopped Spark web UI at http://e32126fe0c41:4040
[2024-06-25T13:04:54.087+0000] {spark_submit.py:571} INFO - 24/06/25 13:04:54 INFO StandaloneSchedulerBackend: Shutting down all executors
[2024-06-25T13:04:54.087+0000] {spark_submit.py:571} INFO - 24/06/25 13:04:54 INFO StandaloneSchedulerBackend$StandaloneDriverEndpoint: Asking each executor to shut down
[2024-06-25T13:04:54.141+0000] {spark_submit.py:571} INFO - 24/06/25 13:04:54 INFO MapOutputTrackerMasterEndpoint: MapOutputTrackerMasterEndpoint stopped!
[2024-06-25T13:04:54.217+0000] {spark_submit.py:571} INFO - 24/06/25 13:04:54 INFO MemoryStore: MemoryStore cleared
[2024-06-25T13:04:54.218+0000] {spark_submit.py:571} INFO - 24/06/25 13:04:54 INFO BlockManager: BlockManager stopped
[2024-06-25T13:04:54.234+0000] {spark_submit.py:571} INFO - 24/06/25 13:04:54 INFO BlockManagerMaster: BlockManagerMaster stopped
[2024-06-25T13:04:54.242+0000] {spark_submit.py:571} INFO - 24/06/25 13:04:54 INFO OutputCommitCoordinator$OutputCommitCoordinatorEndpoint: OutputCommitCoordinator stopped!
[2024-06-25T13:04:54.288+0000] {spark_submit.py:571} INFO - 24/06/25 13:04:54 INFO SparkContext: Successfully stopped SparkContext
[2024-06-25T13:04:54.743+0000] {spark_submit.py:571} INFO - Data successfully written to output/fact_order_details.csv
[2024-06-25T13:04:55.310+0000] {spark_submit.py:571} INFO - 24/06/25 13:04:55 INFO ShutdownHookManager: Shutdown hook called
[2024-06-25T13:04:55.313+0000] {spark_submit.py:571} INFO - 24/06/25 13:04:55 INFO ShutdownHookManager: Deleting directory /tmp/spark-686897d7-72d4-4f65-81b7-6ebf8470ed30/pyspark-f963e45c-d198-4a1e-8304-a7489b7b1688
[2024-06-25T13:04:55.321+0000] {spark_submit.py:571} INFO - 24/06/25 13:04:55 INFO ShutdownHookManager: Deleting directory /tmp/spark-686897d7-72d4-4f65-81b7-6ebf8470ed30
[2024-06-25T13:04:55.326+0000] {spark_submit.py:571} INFO - 24/06/25 13:04:55 INFO ShutdownHookManager: Deleting directory /tmp/spark-5336f3b7-2722-4014-ae54-e0265d1ab30a
[2024-06-25T13:04:55.416+0000] {taskinstance.py:1398} INFO - Marking task as SUCCESS. dag_id=spark_flow, task_id=spark.spark_extract.extract_fact_order_details_job, execution_date=20240625T130307, start_date=20240625T130446, end_date=20240625T130455
[2024-06-25T13:04:55.479+0000] {local_task_job_runner.py:228} INFO - Task exited with return code 0
[2024-06-25T13:04:55.540+0000] {taskinstance.py:2776} INFO - 1 downstream tasks scheduled from follow-on schedule check
