[2024-06-25T13:05:10.908+0000] {taskinstance.py:1157} INFO - Dependencies all met for dep_context=non-requeueable deps ti=<TaskInstance: spark_flow.spark.spark_transform.top_selling_category manual__2024-06-25T13:03:07.481260+00:00 [queued]>
[2024-06-25T13:05:10.912+0000] {taskinstance.py:1157} INFO - Dependencies all met for dep_context=requeueable deps ti=<TaskInstance: spark_flow.spark.spark_transform.top_selling_category manual__2024-06-25T13:03:07.481260+00:00 [queued]>
[2024-06-25T13:05:10.912+0000] {taskinstance.py:1359} INFO - Starting attempt 1 of 1
[2024-06-25T13:05:10.917+0000] {taskinstance.py:1380} INFO - Executing <Task(SparkSubmitOperator): spark.spark_transform.top_selling_category> on 2024-06-25 13:03:07.481260+00:00
[2024-06-25T13:05:10.925+0000] {standard_task_runner.py:57} INFO - Started process 1659 to run task
[2024-06-25T13:05:10.929+0000] {standard_task_runner.py:84} INFO - Running: ['***', 'tasks', 'run', 'spark_flow', 'spark.spark_transform.top_selling_category', 'manual__2024-06-25T13:03:07.481260+00:00', '--job-id', '25', '--raw', '--subdir', 'DAGS_FOLDER/spark_***.py', '--cfg-path', '/tmp/tmpqrbri6qy']
[2024-06-25T13:05:10.933+0000] {standard_task_runner.py:85} INFO - Job 25: Subtask spark.spark_transform.top_selling_category
[2024-06-25T13:05:10.997+0000] {task_command.py:415} INFO - Running <TaskInstance: spark_flow.spark.spark_transform.top_selling_category manual__2024-06-25T13:03:07.481260+00:00 [running]> on host e32126fe0c41
[2024-06-25T13:05:11.042+0000] {taskinstance.py:1660} INFO - Exporting env vars: AIRFLOW_CTX_DAG_OWNER='Maulana Ahmad Maliki' AIRFLOW_CTX_DAG_ID='spark_flow' AIRFLOW_CTX_TASK_ID='spark.spark_transform.top_selling_category' AIRFLOW_CTX_EXECUTION_DATE='2024-06-25T13:03:07.481260+00:00' AIRFLOW_CTX_TRY_NUMBER='1' AIRFLOW_CTX_DAG_RUN_ID='manual__2024-06-25T13:03:07.481260+00:00'
[2024-06-25T13:05:11.058+0000] {base.py:73} INFO - Using connection ID 'spark-conn' for task execution.
[2024-06-25T13:05:11.060+0000] {spark_submit.py:401} INFO - Spark-Submit cmd: spark-submit --master spark://spark-master:7077 --driver-class-path spark/resources/jars/postgresql-42.7.3.jar --jars spark/resources/jars/postgresql-42.7.3.jar --total-executor-cores 4 --executor-cores 2 --executor-memory 2g --driver-memory 2g --name arrow-spark --deploy-mode client spark/jobs/top_selling_category.py jdbc:postgresql://postgres-staging:5432/staging_db admin admin
[2024-06-25T13:05:11.125+0000] {spark_submit.py:571} INFO - /home/***/.local/lib/python3.11/site-packages/pyspark/bin/load-spark-env.sh: line 68: ps: command not found
[2024-06-25T13:05:12.388+0000] {spark_submit.py:571} INFO - 24/06/25 13:05:12 WARN NativeCodeLoader: Unable to load native-hadoop library for your platform... using builtin-java classes where applicable
[2024-06-25T13:05:13.082+0000] {spark_submit.py:571} INFO - 24/06/25 13:05:13 INFO SparkContext: Running Spark version 3.5.1
[2024-06-25T13:05:13.082+0000] {spark_submit.py:571} INFO - 24/06/25 13:05:13 INFO SparkContext: OS info Linux, 6.4.16-linuxkit, aarch64
[2024-06-25T13:05:13.082+0000] {spark_submit.py:571} INFO - 24/06/25 13:05:13 INFO SparkContext: Java version 11.0.23
[2024-06-25T13:05:13.097+0000] {spark_submit.py:571} INFO - 24/06/25 13:05:13 INFO ResourceUtils: ==============================================================
[2024-06-25T13:05:13.097+0000] {spark_submit.py:571} INFO - 24/06/25 13:05:13 INFO ResourceUtils: No custom resources configured for spark.driver.
[2024-06-25T13:05:13.098+0000] {spark_submit.py:571} INFO - 24/06/25 13:05:13 INFO ResourceUtils: ==============================================================
[2024-06-25T13:05:13.098+0000] {spark_submit.py:571} INFO - 24/06/25 13:05:13 INFO SparkContext: Submitted application: Top Selling Category
[2024-06-25T13:05:13.114+0000] {spark_submit.py:571} INFO - 24/06/25 13:05:13 INFO ResourceProfile: Default ResourceProfile created, executor resources: Map(cores -> name: cores, amount: 2, script: , vendor: , memory -> name: memory, amount: 2048, script: , vendor: , offHeap -> name: offHeap, amount: 0, script: , vendor: ), task resources: Map(cpus -> name: cpus, amount: 1.0)
[2024-06-25T13:05:13.122+0000] {spark_submit.py:571} INFO - 24/06/25 13:05:13 INFO ResourceProfile: Limiting resource is cpus at 2 tasks per executor
[2024-06-25T13:05:13.122+0000] {spark_submit.py:571} INFO - 24/06/25 13:05:13 INFO ResourceProfileManager: Added ResourceProfile id: 0
[2024-06-25T13:05:13.157+0000] {spark_submit.py:571} INFO - 24/06/25 13:05:13 INFO SecurityManager: Changing view acls to: ***
[2024-06-25T13:05:13.157+0000] {spark_submit.py:571} INFO - 24/06/25 13:05:13 INFO SecurityManager: Changing modify acls to: ***
[2024-06-25T13:05:13.158+0000] {spark_submit.py:571} INFO - 24/06/25 13:05:13 INFO SecurityManager: Changing view acls groups to:
[2024-06-25T13:05:13.159+0000] {spark_submit.py:571} INFO - 24/06/25 13:05:13 INFO SecurityManager: Changing modify acls groups to:
[2024-06-25T13:05:13.159+0000] {spark_submit.py:571} INFO - 24/06/25 13:05:13 INFO SecurityManager: SecurityManager: authentication disabled; ui acls disabled; users with view permissions: ***; groups with view permissions: EMPTY; users with modify permissions: ***; groups with modify permissions: EMPTY
[2024-06-25T13:05:13.287+0000] {spark_submit.py:571} INFO - 24/06/25 13:05:13 INFO Utils: Successfully started service 'sparkDriver' on port 43179.
[2024-06-25T13:05:13.317+0000] {spark_submit.py:571} INFO - 24/06/25 13:05:13 INFO SparkEnv: Registering MapOutputTracker
[2024-06-25T13:05:13.338+0000] {spark_submit.py:571} INFO - 24/06/25 13:05:13 INFO SparkEnv: Registering BlockManagerMaster
[2024-06-25T13:05:13.348+0000] {spark_submit.py:571} INFO - 24/06/25 13:05:13 INFO BlockManagerMasterEndpoint: Using org.apache.spark.storage.DefaultTopologyMapper for getting topology information
[2024-06-25T13:05:13.348+0000] {spark_submit.py:571} INFO - 24/06/25 13:05:13 INFO BlockManagerMasterEndpoint: BlockManagerMasterEndpoint up
[2024-06-25T13:05:13.352+0000] {spark_submit.py:571} INFO - 24/06/25 13:05:13 INFO SparkEnv: Registering BlockManagerMasterHeartbeat
[2024-06-25T13:05:13.362+0000] {spark_submit.py:571} INFO - 24/06/25 13:05:13 INFO DiskBlockManager: Created local directory at /tmp/blockmgr-52949171-793a-4b5c-b78d-115af00fb720
[2024-06-25T13:05:13.368+0000] {spark_submit.py:571} INFO - 24/06/25 13:05:13 INFO MemoryStore: MemoryStore started with capacity 1048.8 MiB
[2024-06-25T13:05:13.380+0000] {spark_submit.py:571} INFO - 24/06/25 13:05:13 INFO SparkEnv: Registering OutputCommitCoordinator
[2024-06-25T13:05:13.451+0000] {spark_submit.py:571} INFO - 24/06/25 13:05:13 INFO JettyUtils: Start Jetty 0.0.0.0:4040 for SparkUI
[2024-06-25T13:05:13.502+0000] {spark_submit.py:571} INFO - 24/06/25 13:05:13 INFO Utils: Successfully started service 'SparkUI' on port 4040.
[2024-06-25T13:05:13.527+0000] {spark_submit.py:571} INFO - 24/06/25 13:05:13 INFO SparkContext: Added JAR file:///opt/***/spark/resources/jars/postgresql-42.7.3.jar at spark://e32126fe0c41:43179/jars/postgresql-42.7.3.jar with timestamp 1719320713074
[2024-06-25T13:05:13.581+0000] {spark_submit.py:571} INFO - 24/06/25 13:05:13 INFO StandaloneAppClient$ClientEndpoint: Connecting to master spark://spark-master:7077...
[2024-06-25T13:05:13.608+0000] {spark_submit.py:571} INFO - 24/06/25 13:05:13 INFO TransportClientFactory: Successfully created connection to spark-master/172.20.0.4:7077 after 14 ms (0 ms spent in bootstraps)
[2024-06-25T13:05:13.679+0000] {spark_submit.py:571} INFO - 24/06/25 13:05:13 INFO StandaloneSchedulerBackend: Connected to Spark cluster with app ID app-20240625130513-0007
[2024-06-25T13:05:13.680+0000] {spark_submit.py:571} INFO - 24/06/25 13:05:13 INFO StandaloneAppClient$ClientEndpoint: Executor added: app-20240625130513-0007/0 on worker-20240625125946-172.20.0.9-40571 (172.20.0.9:40571) with 2 core(s)
[2024-06-25T13:05:13.682+0000] {spark_submit.py:571} INFO - 24/06/25 13:05:13 INFO StandaloneSchedulerBackend: Granted executor ID app-20240625130513-0007/0 on hostPort 172.20.0.9:40571 with 2 core(s), 2.0 GiB RAM
[2024-06-25T13:05:13.683+0000] {spark_submit.py:571} INFO - 24/06/25 13:05:13 INFO StandaloneAppClient$ClientEndpoint: Executor added: app-20240625130513-0007/1 on worker-20240625125945-172.20.0.8-41453 (172.20.0.8:41453) with 2 core(s)
[2024-06-25T13:05:13.683+0000] {spark_submit.py:571} INFO - 24/06/25 13:05:13 INFO StandaloneSchedulerBackend: Granted executor ID app-20240625130513-0007/1 on hostPort 172.20.0.8:41453 with 2 core(s), 2.0 GiB RAM
[2024-06-25T13:05:13.692+0000] {spark_submit.py:571} INFO - 24/06/25 13:05:13 INFO Utils: Successfully started service 'org.apache.spark.network.netty.NettyBlockTransferService' on port 32939.
[2024-06-25T13:05:13.693+0000] {spark_submit.py:571} INFO - 24/06/25 13:05:13 INFO NettyBlockTransferService: Server created on e32126fe0c41:32939
[2024-06-25T13:05:13.695+0000] {spark_submit.py:571} INFO - 24/06/25 13:05:13 INFO BlockManager: Using org.apache.spark.storage.RandomBlockReplicationPolicy for block replication policy
[2024-06-25T13:05:13.709+0000] {spark_submit.py:571} INFO - 24/06/25 13:05:13 INFO BlockManagerMaster: Registering BlockManager BlockManagerId(driver, e32126fe0c41, 32939, None)
[2024-06-25T13:05:13.715+0000] {spark_submit.py:571} INFO - 24/06/25 13:05:13 INFO BlockManagerMasterEndpoint: Registering block manager e32126fe0c41:32939 with 1048.8 MiB RAM, BlockManagerId(driver, e32126fe0c41, 32939, None)
[2024-06-25T13:05:13.718+0000] {spark_submit.py:571} INFO - 24/06/25 13:05:13 INFO BlockManagerMaster: Registered BlockManager BlockManagerId(driver, e32126fe0c41, 32939, None)
[2024-06-25T13:05:13.720+0000] {spark_submit.py:571} INFO - 24/06/25 13:05:13 INFO BlockManager: Initialized BlockManager: BlockManagerId(driver, e32126fe0c41, 32939, None)
[2024-06-25T13:05:13.796+0000] {spark_submit.py:571} INFO - 24/06/25 13:05:13 INFO StandaloneAppClient$ClientEndpoint: Executor updated: app-20240625130513-0007/1 is now RUNNING
[2024-06-25T13:05:13.883+0000] {spark_submit.py:571} INFO - 24/06/25 13:05:13 INFO StandaloneAppClient$ClientEndpoint: Executor updated: app-20240625130513-0007/0 is now RUNNING
[2024-06-25T13:05:14.020+0000] {spark_submit.py:571} INFO - 24/06/25 13:05:14 INFO StandaloneSchedulerBackend: SchedulerBackend is ready for scheduling beginning after reached minRegisteredResourcesRatio: 0.0
[2024-06-25T13:05:14.202+0000] {spark_submit.py:571} INFO - 24/06/25 13:05:14 INFO SharedState: Setting hive.metastore.warehouse.dir ('null') to the value of spark.sql.warehouse.dir.
[2024-06-25T13:05:14.204+0000] {spark_submit.py:571} INFO - 24/06/25 13:05:14 INFO SharedState: Warehouse path is 'file:/opt/***/spark-warehouse'.
[2024-06-25T13:05:16.667+0000] {spark_submit.py:571} INFO - 24/06/25 13:05:16 INFO StandaloneSchedulerBackend$StandaloneDriverEndpoint: Registered executor NettyRpcEndpointRef(spark-client://Executor) (172.20.0.8:41926) with ID 1,  ResourceProfileId 0
[2024-06-25T13:05:16.704+0000] {spark_submit.py:571} INFO - 24/06/25 13:05:16 INFO StandaloneSchedulerBackend$StandaloneDriverEndpoint: Registered executor NettyRpcEndpointRef(spark-client://Executor) (172.20.0.9:38108) with ID 0,  ResourceProfileId 0
[2024-06-25T13:05:16.796+0000] {spark_submit.py:571} INFO - 24/06/25 13:05:16 INFO BlockManagerMasterEndpoint: Registering block manager 172.20.0.8:44667 with 1048.8 MiB RAM, BlockManagerId(1, 172.20.0.8, 44667, None)
[2024-06-25T13:05:16.799+0000] {spark_submit.py:571} INFO - 24/06/25 13:05:16 INFO BlockManagerMasterEndpoint: Registering block manager 172.20.0.9:45457 with 1048.8 MiB RAM, BlockManagerId(0, 172.20.0.9, 45457, None)
[2024-06-25T13:05:18.097+0000] {spark_submit.py:571} INFO - 24/06/25 13:05:18 INFO CodeGenerator: Code generated in 91.818 ms
[2024-06-25T13:05:18.130+0000] {spark_submit.py:571} INFO - 24/06/25 13:05:18 INFO DAGScheduler: Registering RDD 5 (toPandas at /opt/***/spark/jobs/top_selling_category.py:69) as input to shuffle 0
[2024-06-25T13:05:18.135+0000] {spark_submit.py:571} INFO - 24/06/25 13:05:18 INFO DAGScheduler: Got map stage job 0 (toPandas at /opt/***/spark/jobs/top_selling_category.py:69) with 1 output partitions
[2024-06-25T13:05:18.135+0000] {spark_submit.py:571} INFO - 24/06/25 13:05:18 INFO DAGScheduler: Final stage: ShuffleMapStage 0 (toPandas at /opt/***/spark/jobs/top_selling_category.py:69)
[2024-06-25T13:05:18.136+0000] {spark_submit.py:571} INFO - 24/06/25 13:05:18 INFO DAGScheduler: Parents of final stage: List()
[2024-06-25T13:05:18.137+0000] {spark_submit.py:571} INFO - 24/06/25 13:05:18 INFO DAGScheduler: Missing parents: List()
[2024-06-25T13:05:18.137+0000] {spark_submit.py:571} INFO - 24/06/25 13:05:18 INFO CodeGenerator: Code generated in 9.449916 ms
[2024-06-25T13:05:18.138+0000] {spark_submit.py:571} INFO - 24/06/25 13:05:18 INFO DAGScheduler: Submitting ShuffleMapStage 0 (MapPartitionsRDD[5] at toPandas at /opt/***/spark/jobs/top_selling_category.py:69), which has no missing parents
[2024-06-25T13:05:18.146+0000] {spark_submit.py:571} INFO - 24/06/25 13:05:18 INFO CodeGenerator: Code generated in 4.739541 ms
[2024-06-25T13:05:18.155+0000] {spark_submit.py:571} INFO - 24/06/25 13:05:18 INFO CodeGenerator: Code generated in 4.493709 ms
[2024-06-25T13:05:18.217+0000] {spark_submit.py:571} INFO - 24/06/25 13:05:18 INFO MemoryStore: Block broadcast_0 stored as values in memory (estimated size 14.4 KiB, free 1048.8 MiB)
[2024-06-25T13:05:18.251+0000] {spark_submit.py:571} INFO - 24/06/25 13:05:18 INFO MemoryStore: Block broadcast_0_piece0 stored as bytes in memory (estimated size 7.5 KiB, free 1048.8 MiB)
[2024-06-25T13:05:18.255+0000] {spark_submit.py:571} INFO - 24/06/25 13:05:18 INFO BlockManagerInfo: Added broadcast_0_piece0 in memory on e32126fe0c41:32939 (size: 7.5 KiB, free: 1048.8 MiB)
[2024-06-25T13:05:18.260+0000] {spark_submit.py:571} INFO - 24/06/25 13:05:18 INFO SparkContext: Created broadcast 0 from broadcast at DAGScheduler.scala:1585
[2024-06-25T13:05:18.272+0000] {spark_submit.py:571} INFO - 24/06/25 13:05:18 INFO DAGScheduler: Submitting 1 missing tasks from ShuffleMapStage 0 (MapPartitionsRDD[5] at toPandas at /opt/***/spark/jobs/top_selling_category.py:69) (first 15 tasks are for partitions Vector(0))
[2024-06-25T13:05:18.273+0000] {spark_submit.py:571} INFO - 24/06/25 13:05:18 INFO TaskSchedulerImpl: Adding task set 0.0 with 1 tasks resource profile 0
[2024-06-25T13:05:18.282+0000] {spark_submit.py:571} INFO - 24/06/25 13:05:18 INFO DAGScheduler: Registering RDD 7 (toPandas at /opt/***/spark/jobs/top_selling_category.py:69) as input to shuffle 1
[2024-06-25T13:05:18.283+0000] {spark_submit.py:571} INFO - 24/06/25 13:05:18 INFO DAGScheduler: Got map stage job 1 (toPandas at /opt/***/spark/jobs/top_selling_category.py:69) with 1 output partitions
[2024-06-25T13:05:18.284+0000] {spark_submit.py:571} INFO - 24/06/25 13:05:18 INFO DAGScheduler: Final stage: ShuffleMapStage 1 (toPandas at /opt/***/spark/jobs/top_selling_category.py:69)
[2024-06-25T13:05:18.284+0000] {spark_submit.py:571} INFO - 24/06/25 13:05:18 INFO DAGScheduler: Parents of final stage: List()
[2024-06-25T13:05:18.285+0000] {spark_submit.py:571} INFO - 24/06/25 13:05:18 INFO DAGScheduler: Missing parents: List()
[2024-06-25T13:05:18.285+0000] {spark_submit.py:571} INFO - 24/06/25 13:05:18 INFO DAGScheduler: Submitting ShuffleMapStage 1 (MapPartitionsRDD[7] at toPandas at /opt/***/spark/jobs/top_selling_category.py:69), which has no missing parents
[2024-06-25T13:05:18.294+0000] {spark_submit.py:571} INFO - 24/06/25 13:05:18 INFO MemoryStore: Block broadcast_1 stored as values in memory (estimated size 15.7 KiB, free 1048.8 MiB)
[2024-06-25T13:05:18.303+0000] {spark_submit.py:571} INFO - 24/06/25 13:05:18 INFO TaskSetManager: Starting task 0.0 in stage 0.0 (TID 0) (172.20.0.9, executor 0, partition 0, PROCESS_LOCAL, 7634 bytes)
[2024-06-25T13:05:18.305+0000] {spark_submit.py:571} INFO - 24/06/25 13:05:18 INFO MemoryStore: Block broadcast_1_piece0 stored as bytes in memory (estimated size 7.9 KiB, free 1048.8 MiB)
[2024-06-25T13:05:18.307+0000] {spark_submit.py:571} INFO - 24/06/25 13:05:18 INFO BlockManagerInfo: Added broadcast_1_piece0 in memory on e32126fe0c41:32939 (size: 7.9 KiB, free: 1048.8 MiB)
[2024-06-25T13:05:18.308+0000] {spark_submit.py:571} INFO - 24/06/25 13:05:18 INFO SparkContext: Created broadcast 1 from broadcast at DAGScheduler.scala:1585
[2024-06-25T13:05:18.309+0000] {spark_submit.py:571} INFO - 24/06/25 13:05:18 INFO DAGScheduler: Submitting 1 missing tasks from ShuffleMapStage 1 (MapPartitionsRDD[7] at toPandas at /opt/***/spark/jobs/top_selling_category.py:69) (first 15 tasks are for partitions Vector(0))
[2024-06-25T13:05:18.309+0000] {spark_submit.py:571} INFO - 24/06/25 13:05:18 INFO TaskSchedulerImpl: Adding task set 1.0 with 1 tasks resource profile 0
[2024-06-25T13:05:18.311+0000] {spark_submit.py:571} INFO - 24/06/25 13:05:18 INFO DAGScheduler: Registering RDD 9 (toPandas at /opt/***/spark/jobs/top_selling_category.py:69) as input to shuffle 2
[2024-06-25T13:05:18.312+0000] {spark_submit.py:571} INFO - 24/06/25 13:05:18 INFO DAGScheduler: Got map stage job 2 (toPandas at /opt/***/spark/jobs/top_selling_category.py:69) with 1 output partitions
[2024-06-25T13:05:18.313+0000] {spark_submit.py:571} INFO - 24/06/25 13:05:18 INFO DAGScheduler: Final stage: ShuffleMapStage 2 (toPandas at /opt/***/spark/jobs/top_selling_category.py:69)
[2024-06-25T13:05:18.313+0000] {spark_submit.py:571} INFO - 24/06/25 13:05:18 INFO DAGScheduler: Parents of final stage: List()
[2024-06-25T13:05:18.315+0000] {spark_submit.py:571} INFO - 24/06/25 13:05:18 INFO DAGScheduler: Missing parents: List()
[2024-06-25T13:05:18.316+0000] {spark_submit.py:571} INFO - 24/06/25 13:05:18 INFO DAGScheduler: Submitting ShuffleMapStage 2 (MapPartitionsRDD[9] at toPandas at /opt/***/spark/jobs/top_selling_category.py:69), which has no missing parents
[2024-06-25T13:05:18.321+0000] {spark_submit.py:571} INFO - 24/06/25 13:05:18 INFO MemoryStore: Block broadcast_2 stored as values in memory (estimated size 14.3 KiB, free 1048.7 MiB)
[2024-06-25T13:05:18.322+0000] {spark_submit.py:571} INFO - 24/06/25 13:05:18 INFO TaskSetManager: Starting task 0.0 in stage 1.0 (TID 1) (172.20.0.9, executor 0, partition 0, PROCESS_LOCAL, 7634 bytes)
[2024-06-25T13:05:18.327+0000] {spark_submit.py:571} INFO - 24/06/25 13:05:18 INFO MemoryStore: Block broadcast_2_piece0 stored as bytes in memory (estimated size 7.5 KiB, free 1048.7 MiB)
[2024-06-25T13:05:18.327+0000] {spark_submit.py:571} INFO - 24/06/25 13:05:18 INFO BlockManagerInfo: Added broadcast_2_piece0 in memory on e32126fe0c41:32939 (size: 7.5 KiB, free: 1048.8 MiB)
[2024-06-25T13:05:18.328+0000] {spark_submit.py:571} INFO - 24/06/25 13:05:18 INFO SparkContext: Created broadcast 2 from broadcast at DAGScheduler.scala:1585
[2024-06-25T13:05:18.329+0000] {spark_submit.py:571} INFO - 24/06/25 13:05:18 INFO DAGScheduler: Submitting 1 missing tasks from ShuffleMapStage 2 (MapPartitionsRDD[9] at toPandas at /opt/***/spark/jobs/top_selling_category.py:69) (first 15 tasks are for partitions Vector(0))
[2024-06-25T13:05:18.329+0000] {spark_submit.py:571} INFO - 24/06/25 13:05:18 INFO TaskSchedulerImpl: Adding task set 2.0 with 1 tasks resource profile 0
[2024-06-25T13:05:18.330+0000] {spark_submit.py:571} INFO - 24/06/25 13:05:18 INFO DAGScheduler: Registering RDD 11 (toPandas at /opt/***/spark/jobs/top_selling_category.py:69) as input to shuffle 3
[2024-06-25T13:05:18.330+0000] {spark_submit.py:571} INFO - 24/06/25 13:05:18 INFO DAGScheduler: Got map stage job 3 (toPandas at /opt/***/spark/jobs/top_selling_category.py:69) with 1 output partitions
[2024-06-25T13:05:18.330+0000] {spark_submit.py:571} INFO - 24/06/25 13:05:18 INFO DAGScheduler: Final stage: ShuffleMapStage 3 (toPandas at /opt/***/spark/jobs/top_selling_category.py:69)
[2024-06-25T13:05:18.331+0000] {spark_submit.py:571} INFO - 24/06/25 13:05:18 INFO DAGScheduler: Parents of final stage: List()
[2024-06-25T13:05:18.332+0000] {spark_submit.py:571} INFO - 24/06/25 13:05:18 INFO DAGScheduler: Missing parents: List()
[2024-06-25T13:05:18.332+0000] {spark_submit.py:571} INFO - 24/06/25 13:05:18 INFO TaskSetManager: Starting task 0.0 in stage 2.0 (TID 2) (172.20.0.8, executor 1, partition 0, PROCESS_LOCAL, 7634 bytes)
[2024-06-25T13:05:18.333+0000] {spark_submit.py:571} INFO - 24/06/25 13:05:18 INFO DAGScheduler: Submitting ShuffleMapStage 3 (MapPartitionsRDD[11] at toPandas at /opt/***/spark/jobs/top_selling_category.py:69), which has no missing parents
[2024-06-25T13:05:18.344+0000] {spark_submit.py:571} INFO - 24/06/25 13:05:18 INFO MemoryStore: Block broadcast_3 stored as values in memory (estimated size 14.5 KiB, free 1048.7 MiB)
[2024-06-25T13:05:18.369+0000] {spark_submit.py:571} INFO - 24/06/25 13:05:18 INFO MemoryStore: Block broadcast_3_piece0 stored as bytes in memory (estimated size 7.6 KiB, free 1048.7 MiB)
[2024-06-25T13:05:18.380+0000] {spark_submit.py:571} INFO - 24/06/25 13:05:18 INFO BlockManagerInfo: Added broadcast_3_piece0 in memory on e32126fe0c41:32939 (size: 7.6 KiB, free: 1048.8 MiB)
[2024-06-25T13:05:18.384+0000] {spark_submit.py:571} INFO - 24/06/25 13:05:18 INFO SparkContext: Created broadcast 3 from broadcast at DAGScheduler.scala:1585
[2024-06-25T13:05:18.386+0000] {spark_submit.py:571} INFO - 24/06/25 13:05:18 INFO DAGScheduler: Submitting 1 missing tasks from ShuffleMapStage 3 (MapPartitionsRDD[11] at toPandas at /opt/***/spark/jobs/top_selling_category.py:69) (first 15 tasks are for partitions Vector(0))
[2024-06-25T13:05:18.391+0000] {spark_submit.py:571} INFO - 24/06/25 13:05:18 INFO TaskSchedulerImpl: Adding task set 3.0 with 1 tasks resource profile 0
[2024-06-25T13:05:18.397+0000] {spark_submit.py:571} INFO - 24/06/25 13:05:18 INFO TaskSetManager: Starting task 0.0 in stage 3.0 (TID 3) (172.20.0.8, executor 1, partition 0, PROCESS_LOCAL, 7634 bytes)
[2024-06-25T13:05:18.619+0000] {spark_submit.py:571} INFO - 24/06/25 13:05:18 INFO BlockManagerInfo: Added broadcast_3_piece0 in memory on 172.20.0.8:44667 (size: 7.6 KiB, free: 1048.8 MiB)
[2024-06-25T13:05:18.620+0000] {spark_submit.py:571} INFO - 24/06/25 13:05:18 INFO BlockManagerInfo: Added broadcast_0_piece0 in memory on 172.20.0.9:45457 (size: 7.5 KiB, free: 1048.8 MiB)
[2024-06-25T13:05:18.620+0000] {spark_submit.py:571} INFO - 24/06/25 13:05:18 INFO BlockManagerInfo: Added broadcast_2_piece0 in memory on 172.20.0.8:44667 (size: 7.5 KiB, free: 1048.8 MiB)
[2024-06-25T13:05:18.620+0000] {spark_submit.py:571} INFO - 24/06/25 13:05:18 INFO BlockManagerInfo: Added broadcast_1_piece0 in memory on 172.20.0.9:45457 (size: 7.9 KiB, free: 1048.8 MiB)
[2024-06-25T13:05:19.482+0000] {spark_submit.py:571} INFO - 24/06/25 13:05:19 INFO TaskSetManager: Finished task 0.0 in stage 2.0 (TID 2) in 1149 ms on 172.20.0.8 (executor 1) (1/1)
[2024-06-25T13:05:19.486+0000] {spark_submit.py:571} INFO - 24/06/25 13:05:19 INFO TaskSchedulerImpl: Removed TaskSet 2.0, whose tasks have all completed, from pool
[2024-06-25T13:05:19.487+0000] {spark_submit.py:571} INFO - 24/06/25 13:05:19 INFO TaskSetManager: Finished task 0.0 in stage 3.0 (TID 3) in 1117 ms on 172.20.0.8 (executor 1) (1/1)
[2024-06-25T13:05:19.487+0000] {spark_submit.py:571} INFO - 24/06/25 13:05:19 INFO TaskSchedulerImpl: Removed TaskSet 3.0, whose tasks have all completed, from pool
[2024-06-25T13:05:19.488+0000] {spark_submit.py:571} INFO - 24/06/25 13:05:19 INFO TaskSetManager: Finished task 0.0 in stage 1.0 (TID 1) in 1163 ms on 172.20.0.9 (executor 0) (1/1)
[2024-06-25T13:05:19.489+0000] {spark_submit.py:571} INFO - 24/06/25 13:05:19 INFO TaskSchedulerImpl: Removed TaskSet 1.0, whose tasks have all completed, from pool
[2024-06-25T13:05:19.491+0000] {spark_submit.py:571} INFO - 24/06/25 13:05:19 INFO DAGScheduler: ShuffleMapStage 2 (toPandas at /opt/***/spark/jobs/top_selling_category.py:69) finished in 1.174 s
[2024-06-25T13:05:19.492+0000] {spark_submit.py:571} INFO - 24/06/25 13:05:19 INFO DAGScheduler: looking for newly runnable stages
[2024-06-25T13:05:19.493+0000] {spark_submit.py:571} INFO - 24/06/25 13:05:19 INFO DAGScheduler: running: Set(ShuffleMapStage 0, ShuffleMapStage 1, ShuffleMapStage 3)
[2024-06-25T13:05:19.493+0000] {spark_submit.py:571} INFO - 24/06/25 13:05:19 INFO DAGScheduler: waiting: Set()
[2024-06-25T13:05:19.493+0000] {spark_submit.py:571} INFO - 24/06/25 13:05:19 INFO DAGScheduler: failed: Set()
[2024-06-25T13:05:19.503+0000] {spark_submit.py:571} INFO - 24/06/25 13:05:19 INFO DAGScheduler: ShuffleMapStage 3 (toPandas at /opt/***/spark/jobs/top_selling_category.py:69) finished in 1.171 s
[2024-06-25T13:05:19.504+0000] {spark_submit.py:571} INFO - 24/06/25 13:05:19 INFO DAGScheduler: looking for newly runnable stages
[2024-06-25T13:05:19.504+0000] {spark_submit.py:571} INFO - 24/06/25 13:05:19 INFO DAGScheduler: running: Set(ShuffleMapStage 0, ShuffleMapStage 1)
[2024-06-25T13:05:19.505+0000] {spark_submit.py:571} INFO - 24/06/25 13:05:19 INFO DAGScheduler: waiting: Set()
[2024-06-25T13:05:19.505+0000] {spark_submit.py:571} INFO - 24/06/25 13:05:19 INFO DAGScheduler: failed: Set()
[2024-06-25T13:05:19.505+0000] {spark_submit.py:571} INFO - 24/06/25 13:05:19 INFO DAGScheduler: ShuffleMapStage 1 (toPandas at /opt/***/spark/jobs/top_selling_category.py:69) finished in 1.219 s
[2024-06-25T13:05:19.506+0000] {spark_submit.py:571} INFO - 24/06/25 13:05:19 INFO DAGScheduler: looking for newly runnable stages
[2024-06-25T13:05:19.506+0000] {spark_submit.py:571} INFO - 24/06/25 13:05:19 INFO DAGScheduler: running: Set(ShuffleMapStage 0)
[2024-06-25T13:05:19.507+0000] {spark_submit.py:571} INFO - 24/06/25 13:05:19 INFO DAGScheduler: waiting: Set()
[2024-06-25T13:05:19.507+0000] {spark_submit.py:571} INFO - 24/06/25 13:05:19 INFO DAGScheduler: failed: Set()
[2024-06-25T13:05:19.577+0000] {spark_submit.py:571} INFO - 24/06/25 13:05:19 INFO ShufflePartitionsUtil: For shuffle(2), advisory target size: 67108864, actual target size 1048576, minimum partition size: 1048576
[2024-06-25T13:05:19.604+0000] {spark_submit.py:571} INFO - 24/06/25 13:05:19 INFO TaskSetManager: Finished task 0.0 in stage 0.0 (TID 0) in 1314 ms on 172.20.0.9 (executor 0) (1/1)
[2024-06-25T13:05:19.604+0000] {spark_submit.py:571} INFO - 24/06/25 13:05:19 INFO TaskSchedulerImpl: Removed TaskSet 0.0, whose tasks have all completed, from pool
[2024-06-25T13:05:19.606+0000] {spark_submit.py:571} INFO - 24/06/25 13:05:19 INFO DAGScheduler: ShuffleMapStage 0 (toPandas at /opt/***/spark/jobs/top_selling_category.py:69) finished in 1.460 s
[2024-06-25T13:05:19.606+0000] {spark_submit.py:571} INFO - 24/06/25 13:05:19 INFO DAGScheduler: looking for newly runnable stages
[2024-06-25T13:05:19.607+0000] {spark_submit.py:571} INFO - 24/06/25 13:05:19 INFO DAGScheduler: running: Set()
[2024-06-25T13:05:19.607+0000] {spark_submit.py:571} INFO - 24/06/25 13:05:19 INFO DAGScheduler: waiting: Set()
[2024-06-25T13:05:19.608+0000] {spark_submit.py:571} INFO - 24/06/25 13:05:19 INFO DAGScheduler: failed: Set()
[2024-06-25T13:05:19.631+0000] {spark_submit.py:571} INFO - 24/06/25 13:05:19 INFO ShufflePartitionsUtil: For shuffle(1), advisory target size: 67108864, actual target size 1048576, minimum partition size: 1048576
[2024-06-25T13:05:19.633+0000] {spark_submit.py:571} INFO - 24/06/25 13:05:19 INFO SparkContext: Starting job: toPandas at /opt/***/spark/jobs/top_selling_category.py:69
[2024-06-25T13:05:19.635+0000] {spark_submit.py:571} INFO - 24/06/25 13:05:19 INFO DAGScheduler: Got job 4 (toPandas at /opt/***/spark/jobs/top_selling_category.py:69) with 1 output partitions
[2024-06-25T13:05:19.635+0000] {spark_submit.py:571} INFO - 24/06/25 13:05:19 INFO DAGScheduler: Final stage: ResultStage 5 (toPandas at /opt/***/spark/jobs/top_selling_category.py:69)
[2024-06-25T13:05:19.636+0000] {spark_submit.py:571} INFO - 24/06/25 13:05:19 INFO DAGScheduler: Parents of final stage: List(ShuffleMapStage 4)
[2024-06-25T13:05:19.636+0000] {spark_submit.py:571} INFO - 24/06/25 13:05:19 INFO DAGScheduler: Missing parents: List()
[2024-06-25T13:05:19.637+0000] {spark_submit.py:571} INFO - 24/06/25 13:05:19 INFO DAGScheduler: Submitting ResultStage 5 (MapPartitionsRDD[13] at toPandas at /opt/***/spark/jobs/top_selling_category.py:69), which has no missing parents
[2024-06-25T13:05:19.641+0000] {spark_submit.py:571} INFO - 24/06/25 13:05:19 INFO MemoryStore: Block broadcast_4 stored as values in memory (estimated size 8.2 KiB, free 1048.7 MiB)
[2024-06-25T13:05:19.642+0000] {spark_submit.py:571} INFO - 24/06/25 13:05:19 INFO MemoryStore: Block broadcast_4_piece0 stored as bytes in memory (estimated size 4.2 KiB, free 1048.7 MiB)
[2024-06-25T13:05:19.643+0000] {spark_submit.py:571} INFO - 24/06/25 13:05:19 INFO BlockManagerInfo: Added broadcast_4_piece0 in memory on e32126fe0c41:32939 (size: 4.2 KiB, free: 1048.8 MiB)
[2024-06-25T13:05:19.644+0000] {spark_submit.py:571} INFO - 24/06/25 13:05:19 INFO SparkContext: Created broadcast 4 from broadcast at DAGScheduler.scala:1585
[2024-06-25T13:05:19.645+0000] {spark_submit.py:571} INFO - 24/06/25 13:05:19 INFO DAGScheduler: Submitting 1 missing tasks from ResultStage 5 (MapPartitionsRDD[13] at toPandas at /opt/***/spark/jobs/top_selling_category.py:69) (first 15 tasks are for partitions Vector(0))
[2024-06-25T13:05:19.645+0000] {spark_submit.py:571} INFO - 24/06/25 13:05:19 INFO TaskSchedulerImpl: Adding task set 5.0 with 1 tasks resource profile 0
[2024-06-25T13:05:19.649+0000] {spark_submit.py:571} INFO - 24/06/25 13:05:19 INFO TaskSetManager: Starting task 0.0 in stage 5.0 (TID 4) (172.20.0.8, executor 1, partition 0, NODE_LOCAL, 7818 bytes)
[2024-06-25T13:05:19.653+0000] {spark_submit.py:571} INFO - 24/06/25 13:05:19 INFO SparkContext: Starting job: toPandas at /opt/***/spark/jobs/top_selling_category.py:69
[2024-06-25T13:05:19.654+0000] {spark_submit.py:571} INFO - 24/06/25 13:05:19 INFO DAGScheduler: Got job 5 (toPandas at /opt/***/spark/jobs/top_selling_category.py:69) with 1 output partitions
[2024-06-25T13:05:19.655+0000] {spark_submit.py:571} INFO - 24/06/25 13:05:19 INFO DAGScheduler: Final stage: ResultStage 7 (toPandas at /opt/***/spark/jobs/top_selling_category.py:69)
[2024-06-25T13:05:19.656+0000] {spark_submit.py:571} INFO - 24/06/25 13:05:19 INFO DAGScheduler: Parents of final stage: List(ShuffleMapStage 6)
[2024-06-25T13:05:19.657+0000] {spark_submit.py:571} INFO - 24/06/25 13:05:19 INFO DAGScheduler: Missing parents: List()
[2024-06-25T13:05:19.657+0000] {spark_submit.py:571} INFO - 24/06/25 13:05:19 INFO DAGScheduler: Submitting ResultStage 7 (MapPartitionsRDD[15] at toPandas at /opt/***/spark/jobs/top_selling_category.py:69), which has no missing parents
[2024-06-25T13:05:19.658+0000] {spark_submit.py:571} INFO - 24/06/25 13:05:19 INFO MemoryStore: Block broadcast_5 stored as values in memory (estimated size 8.2 KiB, free 1048.7 MiB)
[2024-06-25T13:05:19.660+0000] {spark_submit.py:571} INFO - 24/06/25 13:05:19 INFO MemoryStore: Block broadcast_5_piece0 stored as bytes in memory (estimated size 4.2 KiB, free 1048.7 MiB)
[2024-06-25T13:05:19.661+0000] {spark_submit.py:571} INFO - 24/06/25 13:05:19 INFO BlockManagerInfo: Added broadcast_5_piece0 in memory on e32126fe0c41:32939 (size: 4.2 KiB, free: 1048.8 MiB)
[2024-06-25T13:05:19.662+0000] {spark_submit.py:571} INFO - 24/06/25 13:05:19 INFO SparkContext: Created broadcast 5 from broadcast at DAGScheduler.scala:1585
[2024-06-25T13:05:19.663+0000] {spark_submit.py:571} INFO - 24/06/25 13:05:19 INFO DAGScheduler: Submitting 1 missing tasks from ResultStage 7 (MapPartitionsRDD[15] at toPandas at /opt/***/spark/jobs/top_selling_category.py:69) (first 15 tasks are for partitions Vector(0))
[2024-06-25T13:05:19.663+0000] {spark_submit.py:571} INFO - 24/06/25 13:05:19 INFO TaskSchedulerImpl: Adding task set 7.0 with 1 tasks resource profile 0
[2024-06-25T13:05:19.663+0000] {spark_submit.py:571} INFO - 24/06/25 13:05:19 INFO TaskSetManager: Starting task 0.0 in stage 7.0 (TID 5) (172.20.0.9, executor 0, partition 0, NODE_LOCAL, 7818 bytes)
[2024-06-25T13:05:19.668+0000] {spark_submit.py:571} INFO - 24/06/25 13:05:19 INFO BlockManagerInfo: Added broadcast_4_piece0 in memory on 172.20.0.8:44667 (size: 4.2 KiB, free: 1048.8 MiB)
[2024-06-25T13:05:19.690+0000] {spark_submit.py:571} INFO - 24/06/25 13:05:19 INFO BlockManagerInfo: Added broadcast_5_piece0 in memory on 172.20.0.9:45457 (size: 4.2 KiB, free: 1048.8 MiB)
[2024-06-25T13:05:19.721+0000] {spark_submit.py:571} INFO - 24/06/25 13:05:19 INFO MapOutputTrackerMasterEndpoint: Asked to send map output locations for shuffle 2 to 172.20.0.8:41926
[2024-06-25T13:05:19.745+0000] {spark_submit.py:571} INFO - 24/06/25 13:05:19 INFO MapOutputTrackerMasterEndpoint: Asked to send map output locations for shuffle 1 to 172.20.0.9:38108
[2024-06-25T13:05:19.793+0000] {spark_submit.py:571} INFO - 24/06/25 13:05:19 INFO TaskSetManager: Finished task 0.0 in stage 5.0 (TID 4) in 145 ms on 172.20.0.8 (executor 1) (1/1)
[2024-06-25T13:05:19.794+0000] {spark_submit.py:571} INFO - 24/06/25 13:05:19 INFO TaskSchedulerImpl: Removed TaskSet 5.0, whose tasks have all completed, from pool
[2024-06-25T13:05:19.796+0000] {spark_submit.py:571} INFO - 24/06/25 13:05:19 INFO DAGScheduler: ResultStage 5 (toPandas at /opt/***/spark/jobs/top_selling_category.py:69) finished in 0.156 s
[2024-06-25T13:05:19.800+0000] {spark_submit.py:571} INFO - 24/06/25 13:05:19 INFO DAGScheduler: Job 4 is finished. Cancelling potential speculative or zombie tasks for this job
[2024-06-25T13:05:19.801+0000] {spark_submit.py:571} INFO - 24/06/25 13:05:19 INFO TaskSchedulerImpl: Killing all running tasks in stage 5: Stage finished
[2024-06-25T13:05:19.807+0000] {spark_submit.py:571} INFO - 24/06/25 13:05:19 INFO DAGScheduler: Job 4 finished: toPandas at /opt/***/spark/jobs/top_selling_category.py:69, took 0.169961 s
[2024-06-25T13:05:19.813+0000] {spark_submit.py:571} INFO - 24/06/25 13:05:19 INFO TaskSetManager: Finished task 0.0 in stage 7.0 (TID 5) in 149 ms on 172.20.0.9 (executor 0) (1/1)
[2024-06-25T13:05:19.814+0000] {spark_submit.py:571} INFO - 24/06/25 13:05:19 INFO TaskSchedulerImpl: Removed TaskSet 7.0, whose tasks have all completed, from pool
[2024-06-25T13:05:19.819+0000] {spark_submit.py:571} INFO - 24/06/25 13:05:19 INFO DAGScheduler: ResultStage 7 (toPandas at /opt/***/spark/jobs/top_selling_category.py:69) finished in 0.157 s
[2024-06-25T13:05:19.824+0000] {spark_submit.py:571} INFO - 24/06/25 13:05:19 INFO DAGScheduler: Job 5 is finished. Cancelling potential speculative or zombie tasks for this job
[2024-06-25T13:05:19.827+0000] {spark_submit.py:571} INFO - 24/06/25 13:05:19 INFO TaskSchedulerImpl: Killing all running tasks in stage 7: Stage finished
[2024-06-25T13:05:19.830+0000] {spark_submit.py:571} INFO - 24/06/25 13:05:19 INFO DAGScheduler: Job 5 finished: toPandas at /opt/***/spark/jobs/top_selling_category.py:69, took 0.170221 s
[2024-06-25T13:05:19.858+0000] {spark_submit.py:571} INFO - 24/06/25 13:05:19 INFO CodeGenerator: Code generated in 18.047083 ms
[2024-06-25T13:05:19.867+0000] {spark_submit.py:571} INFO - 24/06/25 13:05:19 INFO MemoryStore: Block broadcast_6_piece0 stored as bytes in memory (estimated size 1233.0 B, free 1048.7 MiB)
[2024-06-25T13:05:19.868+0000] {spark_submit.py:571} INFO - 24/06/25 13:05:19 INFO BlockManagerInfo: Added broadcast_6_piece0 in memory on e32126fe0c41:32939 (size: 1233.0 B, free: 1048.8 MiB)
[2024-06-25T13:05:19.869+0000] {spark_submit.py:571} INFO - 24/06/25 13:05:19 INFO SparkContext: Created broadcast 6 from toPandas at /opt/***/spark/jobs/top_selling_category.py:69
[2024-06-25T13:05:19.870+0000] {spark_submit.py:571} INFO - 24/06/25 13:05:19 INFO MemoryStore: Block broadcast_7_piece0 stored as bytes in memory (estimated size 58.3 KiB, free 1048.6 MiB)
[2024-06-25T13:05:19.870+0000] {spark_submit.py:571} INFO - 24/06/25 13:05:19 INFO BlockManagerInfo: Added broadcast_7_piece0 in memory on e32126fe0c41:32939 (size: 58.3 KiB, free: 1048.7 MiB)
[2024-06-25T13:05:19.871+0000] {spark_submit.py:571} INFO - 24/06/25 13:05:19 INFO SparkContext: Created broadcast 7 from toPandas at /opt/***/spark/jobs/top_selling_category.py:69
[2024-06-25T13:05:19.888+0000] {spark_submit.py:571} INFO - 24/06/25 13:05:19 INFO ShufflePartitionsUtil: For shuffle(0), advisory target size: 67108864, actual target size 1048576, minimum partition size: 1048576
[2024-06-25T13:05:19.900+0000] {spark_submit.py:571} INFO - 24/06/25 13:05:19 INFO HashAggregateExec: spark.sql.codegen.aggregate.map.twolevel.enabled is set to true, but current version of codegened fast hashmap does not support this aggregate.
[2024-06-25T13:05:19.964+0000] {spark_submit.py:571} INFO - 24/06/25 13:05:19 INFO CodeGenerator: Code generated in 27.521041 ms
[2024-06-25T13:05:20.027+0000] {spark_submit.py:571} INFO - 24/06/25 13:05:20 INFO DAGScheduler: Registering RDD 18 (toPandas at /opt/***/spark/jobs/top_selling_category.py:69) as input to shuffle 4
[2024-06-25T13:05:20.029+0000] {spark_submit.py:571} INFO - 24/06/25 13:05:20 INFO DAGScheduler: Got map stage job 6 (toPandas at /opt/***/spark/jobs/top_selling_category.py:69) with 1 output partitions
[2024-06-25T13:05:20.030+0000] {spark_submit.py:571} INFO - 24/06/25 13:05:20 INFO DAGScheduler: Final stage: ShuffleMapStage 9 (toPandas at /opt/***/spark/jobs/top_selling_category.py:69)
[2024-06-25T13:05:20.031+0000] {spark_submit.py:571} INFO - 24/06/25 13:05:20 INFO DAGScheduler: Parents of final stage: List(ShuffleMapStage 8)
[2024-06-25T13:05:20.032+0000] {spark_submit.py:571} INFO - 24/06/25 13:05:20 INFO DAGScheduler: Missing parents: List()
[2024-06-25T13:05:20.032+0000] {spark_submit.py:571} INFO - 24/06/25 13:05:20 INFO DAGScheduler: Submitting ShuffleMapStage 9 (MapPartitionsRDD[18] at toPandas at /opt/***/spark/jobs/top_selling_category.py:69), which has no missing parents
[2024-06-25T13:05:20.037+0000] {spark_submit.py:571} INFO - 24/06/25 13:05:20 INFO MemoryStore: Block broadcast_8 stored as values in memory (estimated size 62.5 KiB, free 1048.6 MiB)
[2024-06-25T13:05:20.040+0000] {spark_submit.py:571} INFO - 24/06/25 13:05:20 INFO MemoryStore: Block broadcast_8_piece0 stored as bytes in memory (estimated size 27.4 KiB, free 1048.5 MiB)
[2024-06-25T13:05:20.041+0000] {spark_submit.py:571} INFO - 24/06/25 13:05:20 INFO BlockManagerInfo: Added broadcast_8_piece0 in memory on e32126fe0c41:32939 (size: 27.4 KiB, free: 1048.7 MiB)
[2024-06-25T13:05:20.041+0000] {spark_submit.py:571} INFO - 24/06/25 13:05:20 INFO SparkContext: Created broadcast 8 from broadcast at DAGScheduler.scala:1585
[2024-06-25T13:05:20.042+0000] {spark_submit.py:571} INFO - 24/06/25 13:05:20 INFO DAGScheduler: Submitting 1 missing tasks from ShuffleMapStage 9 (MapPartitionsRDD[18] at toPandas at /opt/***/spark/jobs/top_selling_category.py:69) (first 15 tasks are for partitions Vector(0))
[2024-06-25T13:05:20.042+0000] {spark_submit.py:571} INFO - 24/06/25 13:05:20 INFO TaskSchedulerImpl: Adding task set 9.0 with 1 tasks resource profile 0
[2024-06-25T13:05:20.043+0000] {spark_submit.py:571} INFO - 24/06/25 13:05:20 INFO TaskSetManager: Starting task 0.0 in stage 9.0 (TID 6) (172.20.0.9, executor 0, partition 0, NODE_LOCAL, 7807 bytes)
[2024-06-25T13:05:20.067+0000] {spark_submit.py:571} INFO - 24/06/25 13:05:20 INFO BlockManagerInfo: Added broadcast_8_piece0 in memory on 172.20.0.9:45457 (size: 27.4 KiB, free: 1048.8 MiB)
[2024-06-25T13:05:20.177+0000] {spark_submit.py:571} INFO - 24/06/25 13:05:20 INFO MapOutputTrackerMasterEndpoint: Asked to send map output locations for shuffle 0 to 172.20.0.9:38108
[2024-06-25T13:05:20.232+0000] {spark_submit.py:571} INFO - 24/06/25 13:05:20 INFO BlockManagerInfo: Added broadcast_7_piece0 in memory on 172.20.0.9:45457 (size: 58.3 KiB, free: 1048.7 MiB)
[2024-06-25T13:05:20.245+0000] {spark_submit.py:571} INFO - 24/06/25 13:05:20 INFO BlockManagerInfo: Added broadcast_6_piece0 in memory on 172.20.0.9:45457 (size: 1233.0 B, free: 1048.7 MiB)
[2024-06-25T13:05:20.420+0000] {spark_submit.py:571} INFO - 24/06/25 13:05:20 INFO TaskSetManager: Finished task 0.0 in stage 9.0 (TID 6) in 372 ms on 172.20.0.9 (executor 0) (1/1)
[2024-06-25T13:05:20.423+0000] {spark_submit.py:571} INFO - 24/06/25 13:05:20 INFO TaskSchedulerImpl: Removed TaskSet 9.0, whose tasks have all completed, from pool
[2024-06-25T13:05:20.425+0000] {spark_submit.py:571} INFO - 24/06/25 13:05:20 INFO DAGScheduler: ShuffleMapStage 9 (toPandas at /opt/***/spark/jobs/top_selling_category.py:69) finished in 0.387 s
[2024-06-25T13:05:20.429+0000] {spark_submit.py:571} INFO - 24/06/25 13:05:20 INFO DAGScheduler: looking for newly runnable stages
[2024-06-25T13:05:20.429+0000] {spark_submit.py:571} INFO - 24/06/25 13:05:20 INFO DAGScheduler: running: Set()
[2024-06-25T13:05:20.430+0000] {spark_submit.py:571} INFO - 24/06/25 13:05:20 INFO DAGScheduler: waiting: Set()
[2024-06-25T13:05:20.431+0000] {spark_submit.py:571} INFO - 24/06/25 13:05:20 INFO DAGScheduler: failed: Set()
[2024-06-25T13:05:20.432+0000] {spark_submit.py:571} INFO - 24/06/25 13:05:20 INFO ShufflePartitionsUtil: For shuffle(4), advisory target size: 67108864, actual target size 1048576, minimum partition size: 1048576
[2024-06-25T13:05:20.446+0000] {spark_submit.py:571} INFO - 24/06/25 13:05:20 INFO HashAggregateExec: spark.sql.codegen.aggregate.map.twolevel.enabled is set to true, but current version of codegened fast hashmap does not support this aggregate.
[2024-06-25T13:05:20.473+0000] {spark_submit.py:571} INFO - 24/06/25 13:05:20 INFO CodeGenerator: Code generated in 20.308458 ms
[2024-06-25T13:05:20.485+0000] {spark_submit.py:571} INFO - 24/06/25 13:05:20 INFO DAGScheduler: Registering RDD 22 (toPandas at /opt/***/spark/jobs/top_selling_category.py:69) as input to shuffle 5
[2024-06-25T13:05:20.486+0000] {spark_submit.py:571} INFO - 24/06/25 13:05:20 INFO DAGScheduler: Got map stage job 7 (toPandas at /opt/***/spark/jobs/top_selling_category.py:69) with 1 output partitions
[2024-06-25T13:05:20.486+0000] {spark_submit.py:571} INFO - 24/06/25 13:05:20 INFO DAGScheduler: Final stage: ShuffleMapStage 12 (toPandas at /opt/***/spark/jobs/top_selling_category.py:69)
[2024-06-25T13:05:20.486+0000] {spark_submit.py:571} INFO - 24/06/25 13:05:20 INFO DAGScheduler: Parents of final stage: List(ShuffleMapStage 11)
[2024-06-25T13:05:20.486+0000] {spark_submit.py:571} INFO - 24/06/25 13:05:20 INFO DAGScheduler: Missing parents: List()
[2024-06-25T13:05:20.487+0000] {spark_submit.py:571} INFO - 24/06/25 13:05:20 INFO DAGScheduler: Submitting ShuffleMapStage 12 (MapPartitionsRDD[22] at toPandas at /opt/***/spark/jobs/top_selling_category.py:69), which has no missing parents
[2024-06-25T13:05:20.517+0000] {spark_submit.py:571} INFO - 24/06/25 13:05:20 INFO MemoryStore: Block broadcast_9 stored as values in memory (estimated size 70.4 KiB, free 1048.5 MiB)
[2024-06-25T13:05:20.520+0000] {spark_submit.py:571} INFO - 24/06/25 13:05:20 INFO MemoryStore: Block broadcast_9_piece0 stored as bytes in memory (estimated size 30.6 KiB, free 1048.4 MiB)
[2024-06-25T13:05:20.521+0000] {spark_submit.py:571} INFO - 24/06/25 13:05:20 INFO BlockManagerInfo: Added broadcast_9_piece0 in memory on e32126fe0c41:32939 (size: 30.6 KiB, free: 1048.6 MiB)
[2024-06-25T13:05:20.521+0000] {spark_submit.py:571} INFO - 24/06/25 13:05:20 INFO SparkContext: Created broadcast 9 from broadcast at DAGScheduler.scala:1585
[2024-06-25T13:05:20.521+0000] {spark_submit.py:571} INFO - 24/06/25 13:05:20 INFO DAGScheduler: Submitting 1 missing tasks from ShuffleMapStage 12 (MapPartitionsRDD[22] at toPandas at /opt/***/spark/jobs/top_selling_category.py:69) (first 15 tasks are for partitions Vector(0))
[2024-06-25T13:05:20.522+0000] {spark_submit.py:571} INFO - 24/06/25 13:05:20 INFO TaskSchedulerImpl: Adding task set 12.0 with 1 tasks resource profile 0
[2024-06-25T13:05:20.523+0000] {spark_submit.py:571} INFO - 24/06/25 13:05:20 INFO TaskSetManager: Starting task 0.0 in stage 12.0 (TID 7) (172.20.0.9, executor 0, partition 0, NODE_LOCAL, 7788 bytes)
[2024-06-25T13:05:20.532+0000] {spark_submit.py:571} INFO - 24/06/25 13:05:20 INFO BlockManagerInfo: Added broadcast_9_piece0 in memory on 172.20.0.9:45457 (size: 30.6 KiB, free: 1048.7 MiB)
[2024-06-25T13:05:20.566+0000] {spark_submit.py:571} INFO - 24/06/25 13:05:20 INFO MapOutputTrackerMasterEndpoint: Asked to send map output locations for shuffle 4 to 172.20.0.9:38108
[2024-06-25T13:05:20.704+0000] {spark_submit.py:571} INFO - 24/06/25 13:05:20 INFO TaskSetManager: Finished task 0.0 in stage 12.0 (TID 7) in 181 ms on 172.20.0.9 (executor 0) (1/1)
[2024-06-25T13:05:20.705+0000] {spark_submit.py:571} INFO - 24/06/25 13:05:20 INFO TaskSchedulerImpl: Removed TaskSet 12.0, whose tasks have all completed, from pool
[2024-06-25T13:05:20.706+0000] {spark_submit.py:571} INFO - 24/06/25 13:05:20 INFO DAGScheduler: ShuffleMapStage 12 (toPandas at /opt/***/spark/jobs/top_selling_category.py:69) finished in 0.211 s
[2024-06-25T13:05:20.706+0000] {spark_submit.py:571} INFO - 24/06/25 13:05:20 INFO DAGScheduler: looking for newly runnable stages
[2024-06-25T13:05:20.708+0000] {spark_submit.py:571} INFO - 24/06/25 13:05:20 INFO DAGScheduler: running: Set()
[2024-06-25T13:05:20.708+0000] {spark_submit.py:571} INFO - 24/06/25 13:05:20 INFO DAGScheduler: waiting: Set()
[2024-06-25T13:05:20.712+0000] {spark_submit.py:571} INFO - 24/06/25 13:05:20 INFO DAGScheduler: failed: Set()
[2024-06-25T13:05:20.716+0000] {spark_submit.py:571} INFO - 24/06/25 13:05:20 INFO ShufflePartitionsUtil: For shuffle(5), advisory target size: 67108864, actual target size 1048576, minimum partition size: 1048576
[2024-06-25T13:05:20.740+0000] {spark_submit.py:571} INFO - 24/06/25 13:05:20 INFO CodeGenerator: Code generated in 6.441791 ms
[2024-06-25T13:05:20.748+0000] {spark_submit.py:571} INFO - 24/06/25 13:05:20 INFO CodeGenerator: Code generated in 4.704833 ms
[2024-06-25T13:05:20.771+0000] {spark_submit.py:571} INFO - 24/06/25 13:05:20 INFO SparkContext: Starting job: toPandas at /opt/***/spark/jobs/top_selling_category.py:69
[2024-06-25T13:05:20.772+0000] {spark_submit.py:571} INFO - 24/06/25 13:05:20 INFO DAGScheduler: Got job 8 (toPandas at /opt/***/spark/jobs/top_selling_category.py:69) with 1 output partitions
[2024-06-25T13:05:20.773+0000] {spark_submit.py:571} INFO - 24/06/25 13:05:20 INFO DAGScheduler: Final stage: ResultStage 16 (toPandas at /opt/***/spark/jobs/top_selling_category.py:69)
[2024-06-25T13:05:20.773+0000] {spark_submit.py:571} INFO - 24/06/25 13:05:20 INFO DAGScheduler: Parents of final stage: List(ShuffleMapStage 15)
[2024-06-25T13:05:20.773+0000] {spark_submit.py:571} INFO - 24/06/25 13:05:20 INFO DAGScheduler: Missing parents: List()
[2024-06-25T13:05:20.773+0000] {spark_submit.py:571} INFO - 24/06/25 13:05:20 INFO DAGScheduler: Submitting ResultStage 16 (MapPartitionsRDD[28] at toPandas at /opt/***/spark/jobs/top_selling_category.py:69), which has no missing parents
[2024-06-25T13:05:20.777+0000] {spark_submit.py:571} INFO - 24/06/25 13:05:20 INFO MemoryStore: Block broadcast_10 stored as values in memory (estimated size 72.3 KiB, free 1048.4 MiB)
[2024-06-25T13:05:20.779+0000] {spark_submit.py:571} INFO - 24/06/25 13:05:20 INFO MemoryStore: Block broadcast_10_piece0 stored as bytes in memory (estimated size 31.4 KiB, free 1048.3 MiB)
[2024-06-25T13:05:20.779+0000] {spark_submit.py:571} INFO - 24/06/25 13:05:20 INFO BlockManagerInfo: Added broadcast_10_piece0 in memory on e32126fe0c41:32939 (size: 31.4 KiB, free: 1048.6 MiB)
[2024-06-25T13:05:20.780+0000] {spark_submit.py:571} INFO - 24/06/25 13:05:20 INFO SparkContext: Created broadcast 10 from broadcast at DAGScheduler.scala:1585
[2024-06-25T13:05:20.780+0000] {spark_submit.py:571} INFO - 24/06/25 13:05:20 INFO DAGScheduler: Submitting 1 missing tasks from ResultStage 16 (MapPartitionsRDD[28] at toPandas at /opt/***/spark/jobs/top_selling_category.py:69) (first 15 tasks are for partitions Vector(0))
[2024-06-25T13:05:20.780+0000] {spark_submit.py:571} INFO - 24/06/25 13:05:20 INFO TaskSchedulerImpl: Adding task set 16.0 with 1 tasks resource profile 0
[2024-06-25T13:05:20.781+0000] {spark_submit.py:571} INFO - 24/06/25 13:05:20 INFO TaskSetManager: Starting task 0.0 in stage 16.0 (TID 8) (172.20.0.9, executor 0, partition 0, NODE_LOCAL, 7799 bytes)
[2024-06-25T13:05:20.789+0000] {spark_submit.py:571} INFO - 24/06/25 13:05:20 INFO BlockManagerInfo: Added broadcast_10_piece0 in memory on 172.20.0.9:45457 (size: 31.4 KiB, free: 1048.6 MiB)
[2024-06-25T13:05:20.811+0000] {spark_submit.py:571} INFO - 24/06/25 13:05:20 INFO MapOutputTrackerMasterEndpoint: Asked to send map output locations for shuffle 5 to 172.20.0.9:38108
[2024-06-25T13:05:20.949+0000] {spark_submit.py:571} INFO - 24/06/25 13:05:20 INFO TaskSetManager: Finished task 0.0 in stage 16.0 (TID 8) in 166 ms on 172.20.0.9 (executor 0) (1/1)
[2024-06-25T13:05:20.958+0000] {spark_submit.py:571} INFO - 24/06/25 13:05:20 INFO TaskSchedulerImpl: Removed TaskSet 16.0, whose tasks have all completed, from pool
[2024-06-25T13:05:20.959+0000] {spark_submit.py:571} INFO - 24/06/25 13:05:20 INFO DAGScheduler: ResultStage 16 (toPandas at /opt/***/spark/jobs/top_selling_category.py:69) finished in 0.176 s
[2024-06-25T13:05:20.961+0000] {spark_submit.py:571} INFO - 24/06/25 13:05:20 INFO DAGScheduler: Job 8 is finished. Cancelling potential speculative or zombie tasks for this job
[2024-06-25T13:05:20.962+0000] {spark_submit.py:571} INFO - 24/06/25 13:05:20 INFO TaskSchedulerImpl: Killing all running tasks in stage 16: Stage finished
[2024-06-25T13:05:20.963+0000] {spark_submit.py:571} INFO - 24/06/25 13:05:20 INFO DAGScheduler: Job 8 finished: toPandas at /opt/***/spark/jobs/top_selling_category.py:69, took 0.185560 s
[2024-06-25T13:05:20.976+0000] {spark_submit.py:571} INFO - 24/06/25 13:05:20 INFO CodeGenerator: Code generated in 9.07175 ms
[2024-06-25T13:05:20.979+0000] {spark_submit.py:571} INFO - 24/06/25 13:05:20 INFO MemoryStore: Block broadcast_11_piece0 stored as bytes in memory (estimated size 844.0 B, free 1048.3 MiB)
[2024-06-25T13:05:20.980+0000] {spark_submit.py:571} INFO - 24/06/25 13:05:20 INFO BlockManagerInfo: Added broadcast_11_piece0 in memory on e32126fe0c41:32939 (size: 844.0 B, free: 1048.6 MiB)
[2024-06-25T13:05:20.981+0000] {spark_submit.py:571} INFO - 24/06/25 13:05:20 INFO SparkContext: Created broadcast 11 from toPandas at /opt/***/spark/jobs/top_selling_category.py:69
[2024-06-25T13:05:20.989+0000] {spark_submit.py:571} INFO - 24/06/25 13:05:20 INFO ShufflePartitionsUtil: For shuffle(3), advisory target size: 67108864, actual target size 1048576, minimum partition size: 1048576
[2024-06-25T13:05:21.014+0000] {spark_submit.py:571} INFO - 24/06/25 13:05:21 INFO CodeGenerator: Code generated in 10.882458 ms
[2024-06-25T13:05:21.050+0000] {spark_submit.py:571} INFO - 24/06/25 13:05:21 INFO CodeGenerator: Code generated in 10.832833 ms
[2024-06-25T13:05:21.078+0000] {spark_submit.py:571} INFO - 24/06/25 13:05:21 INFO SparkContext: Starting job: toPandas at /opt/***/spark/jobs/top_selling_category.py:69
[2024-06-25T13:05:21.079+0000] {spark_submit.py:571} INFO - 24/06/25 13:05:21 INFO DAGScheduler: Got job 9 (toPandas at /opt/***/spark/jobs/top_selling_category.py:69) with 1 output partitions
[2024-06-25T13:05:21.079+0000] {spark_submit.py:571} INFO - 24/06/25 13:05:21 INFO DAGScheduler: Final stage: ResultStage 18 (toPandas at /opt/***/spark/jobs/top_selling_category.py:69)
[2024-06-25T13:05:21.080+0000] {spark_submit.py:571} INFO - 24/06/25 13:05:21 INFO DAGScheduler: Parents of final stage: List(ShuffleMapStage 17)
[2024-06-25T13:05:21.080+0000] {spark_submit.py:571} INFO - 24/06/25 13:05:21 INFO DAGScheduler: Missing parents: List()
[2024-06-25T13:05:21.081+0000] {spark_submit.py:571} INFO - 24/06/25 13:05:21 INFO DAGScheduler: Submitting ResultStage 18 (MapPartitionsRDD[33] at toPandas at /opt/***/spark/jobs/top_selling_category.py:69), which has no missing parents
[2024-06-25T13:05:21.082+0000] {spark_submit.py:571} INFO - 24/06/25 13:05:21 INFO MemoryStore: Block broadcast_12 stored as values in memory (estimated size 17.9 KiB, free 1048.3 MiB)
[2024-06-25T13:05:21.141+0000] {spark_submit.py:571} INFO - 24/06/25 13:05:21 INFO MemoryStore: Block broadcast_12_piece0 stored as bytes in memory (estimated size 8.5 KiB, free 1048.3 MiB)
[2024-06-25T13:05:21.142+0000] {spark_submit.py:571} INFO - 24/06/25 13:05:21 INFO BlockManagerInfo: Added broadcast_12_piece0 in memory on e32126fe0c41:32939 (size: 8.5 KiB, free: 1048.6 MiB)
[2024-06-25T13:05:21.145+0000] {spark_submit.py:571} INFO - 24/06/25 13:05:21 INFO SparkContext: Created broadcast 12 from broadcast at DAGScheduler.scala:1585
[2024-06-25T13:05:21.146+0000] {spark_submit.py:571} INFO - 24/06/25 13:05:21 INFO DAGScheduler: Submitting 1 missing tasks from ResultStage 18 (MapPartitionsRDD[33] at toPandas at /opt/***/spark/jobs/top_selling_category.py:69) (first 15 tasks are for partitions Vector(0))
[2024-06-25T13:05:21.146+0000] {spark_submit.py:571} INFO - 24/06/25 13:05:21 INFO TaskSchedulerImpl: Adding task set 18.0 with 1 tasks resource profile 0
[2024-06-25T13:05:21.147+0000] {spark_submit.py:571} INFO - 24/06/25 13:05:21 INFO TaskSetManager: Starting task 0.0 in stage 18.0 (TID 9) (172.20.0.8, executor 1, partition 0, NODE_LOCAL, 7818 bytes)
[2024-06-25T13:05:21.203+0000] {spark_submit.py:571} INFO - 24/06/25 13:05:21 INFO BlockManagerInfo: Removed broadcast_10_piece0 on 172.20.0.9:45457 in memory (size: 31.4 KiB, free: 1048.7 MiB)
[2024-06-25T13:05:21.206+0000] {spark_submit.py:571} INFO - 24/06/25 13:05:21 INFO BlockManagerInfo: Removed broadcast_10_piece0 on e32126fe0c41:32939 in memory (size: 31.4 KiB, free: 1048.6 MiB)
[2024-06-25T13:05:21.243+0000] {spark_submit.py:571} INFO - 24/06/25 13:05:21 INFO BlockManagerInfo: Added broadcast_12_piece0 in memory on 172.20.0.8:44667 (size: 8.5 KiB, free: 1048.8 MiB)
[2024-06-25T13:05:21.252+0000] {spark_submit.py:571} INFO - 24/06/25 13:05:21 INFO BlockManagerInfo: Removed broadcast_1_piece0 on 172.20.0.9:45457 in memory (size: 7.9 KiB, free: 1048.7 MiB)
[2024-06-25T13:05:21.256+0000] {spark_submit.py:571} INFO - 24/06/25 13:05:21 INFO BlockManagerInfo: Removed broadcast_1_piece0 on e32126fe0c41:32939 in memory (size: 7.9 KiB, free: 1048.6 MiB)
[2024-06-25T13:05:21.265+0000] {spark_submit.py:571} INFO - 24/06/25 13:05:21 INFO BlockManagerInfo: Removed broadcast_8_piece0 on e32126fe0c41:32939 in memory (size: 27.4 KiB, free: 1048.7 MiB)
[2024-06-25T13:05:21.269+0000] {spark_submit.py:571} INFO - 24/06/25 13:05:21 INFO BlockManagerInfo: Removed broadcast_8_piece0 on 172.20.0.9:45457 in memory (size: 27.4 KiB, free: 1048.7 MiB)
[2024-06-25T13:05:21.276+0000] {spark_submit.py:571} INFO - 24/06/25 13:05:21 INFO BlockManagerInfo: Removed broadcast_2_piece0 on e32126fe0c41:32939 in memory (size: 7.5 KiB, free: 1048.7 MiB)
[2024-06-25T13:05:21.300+0000] {spark_submit.py:571} INFO - 24/06/25 13:05:21 INFO MapOutputTrackerMasterEndpoint: Asked to send map output locations for shuffle 3 to 172.20.0.8:41926
[2024-06-25T13:05:21.303+0000] {spark_submit.py:571} INFO - 24/06/25 13:05:21 INFO BlockManagerInfo: Removed broadcast_2_piece0 on 172.20.0.8:44667 in memory (size: 7.5 KiB, free: 1048.8 MiB)
[2024-06-25T13:05:21.321+0000] {spark_submit.py:571} INFO - 24/06/25 13:05:21 INFO BlockManagerInfo: Removed broadcast_3_piece0 on e32126fe0c41:32939 in memory (size: 7.6 KiB, free: 1048.7 MiB)
[2024-06-25T13:05:21.324+0000] {spark_submit.py:571} INFO - 24/06/25 13:05:21 INFO BlockManagerInfo: Removed broadcast_3_piece0 on 172.20.0.8:44667 in memory (size: 7.6 KiB, free: 1048.8 MiB)
[2024-06-25T13:05:21.330+0000] {spark_submit.py:571} INFO - 24/06/25 13:05:21 INFO BlockManagerInfo: Removed broadcast_5_piece0 on e32126fe0c41:32939 in memory (size: 4.2 KiB, free: 1048.7 MiB)
[2024-06-25T13:05:21.335+0000] {spark_submit.py:571} INFO - 24/06/25 13:05:21 INFO BlockManagerInfo: Removed broadcast_5_piece0 on 172.20.0.9:45457 in memory (size: 4.2 KiB, free: 1048.7 MiB)
[2024-06-25T13:05:21.343+0000] {spark_submit.py:571} INFO - 24/06/25 13:05:21 INFO BlockManagerInfo: Removed broadcast_0_piece0 on e32126fe0c41:32939 in memory (size: 7.5 KiB, free: 1048.7 MiB)
[2024-06-25T13:05:21.344+0000] {spark_submit.py:571} INFO - 24/06/25 13:05:21 INFO BlockManagerInfo: Added broadcast_11_piece0 in memory on 172.20.0.8:44667 (size: 844.0 B, free: 1048.8 MiB)
[2024-06-25T13:05:21.345+0000] {spark_submit.py:571} INFO - 24/06/25 13:05:21 INFO BlockManagerInfo: Removed broadcast_0_piece0 on 172.20.0.9:45457 in memory (size: 7.5 KiB, free: 1048.7 MiB)
[2024-06-25T13:05:21.353+0000] {spark_submit.py:571} INFO - 24/06/25 13:05:21 INFO BlockManagerInfo: Removed broadcast_4_piece0 on e32126fe0c41:32939 in memory (size: 4.2 KiB, free: 1048.7 MiB)
[2024-06-25T13:05:21.363+0000] {spark_submit.py:571} INFO - 24/06/25 13:05:21 INFO BlockManagerInfo: Removed broadcast_4_piece0 on 172.20.0.8:44667 in memory (size: 4.2 KiB, free: 1048.8 MiB)
[2024-06-25T13:05:21.386+0000] {spark_submit.py:571} INFO - 24/06/25 13:05:21 INFO BlockManagerInfo: Removed broadcast_9_piece0 on e32126fe0c41:32939 in memory (size: 30.6 KiB, free: 1048.7 MiB)
[2024-06-25T13:05:21.388+0000] {spark_submit.py:571} INFO - 24/06/25 13:05:21 INFO BlockManagerInfo: Removed broadcast_9_piece0 on 172.20.0.9:45457 in memory (size: 30.6 KiB, free: 1048.7 MiB)
[2024-06-25T13:05:21.437+0000] {spark_submit.py:571} INFO - 24/06/25 13:05:21 INFO TaskSetManager: Finished task 0.0 in stage 18.0 (TID 9) in 290 ms on 172.20.0.8 (executor 1) (1/1)
[2024-06-25T13:05:21.439+0000] {spark_submit.py:571} INFO - 24/06/25 13:05:21 INFO TaskSchedulerImpl: Removed TaskSet 18.0, whose tasks have all completed, from pool
[2024-06-25T13:05:21.442+0000] {spark_submit.py:571} INFO - 24/06/25 13:05:21 INFO DAGScheduler: ResultStage 18 (toPandas at /opt/***/spark/jobs/top_selling_category.py:69) finished in 0.360 s
[2024-06-25T13:05:21.442+0000] {spark_submit.py:571} INFO - 24/06/25 13:05:21 INFO DAGScheduler: Job 9 is finished. Cancelling potential speculative or zombie tasks for this job
[2024-06-25T13:05:21.443+0000] {spark_submit.py:571} INFO - 24/06/25 13:05:21 INFO TaskSchedulerImpl: Killing all running tasks in stage 18: Stage finished
[2024-06-25T13:05:21.443+0000] {spark_submit.py:571} INFO - 24/06/25 13:05:21 INFO DAGScheduler: Job 9 finished: toPandas at /opt/***/spark/jobs/top_selling_category.py:69, took 0.364764 s
[2024-06-25T13:05:21.451+0000] {spark_submit.py:571} INFO - 24/06/25 13:05:21 INFO DAGScheduler: Registering RDD 34 (toPandas at /opt/***/spark/jobs/top_selling_category.py:69) as input to shuffle 6
[2024-06-25T13:05:21.452+0000] {spark_submit.py:571} INFO - 24/06/25 13:05:21 INFO DAGScheduler: Got map stage job 10 (toPandas at /opt/***/spark/jobs/top_selling_category.py:69) with 1 output partitions
[2024-06-25T13:05:21.452+0000] {spark_submit.py:571} INFO - 24/06/25 13:05:21 INFO DAGScheduler: Final stage: ShuffleMapStage 20 (toPandas at /opt/***/spark/jobs/top_selling_category.py:69)
[2024-06-25T13:05:21.452+0000] {spark_submit.py:571} INFO - 24/06/25 13:05:21 INFO DAGScheduler: Parents of final stage: List(ShuffleMapStage 19)
[2024-06-25T13:05:21.452+0000] {spark_submit.py:571} INFO - 24/06/25 13:05:21 INFO DAGScheduler: Missing parents: List()
[2024-06-25T13:05:21.453+0000] {spark_submit.py:571} INFO - 24/06/25 13:05:21 INFO DAGScheduler: Submitting ShuffleMapStage 20 (MapPartitionsRDD[34] at toPandas at /opt/***/spark/jobs/top_selling_category.py:69), which has no missing parents
[2024-06-25T13:05:21.460+0000] {spark_submit.py:571} INFO - 24/06/25 13:05:21 INFO MemoryStore: Block broadcast_13 stored as values in memory (estimated size 20.7 KiB, free 1048.7 MiB)
[2024-06-25T13:05:21.472+0000] {spark_submit.py:571} INFO - 24/06/25 13:05:21 INFO MemoryStore: Block broadcast_13_piece0 stored as bytes in memory (estimated size 9.4 KiB, free 1048.7 MiB)
[2024-06-25T13:05:21.474+0000] {spark_submit.py:571} INFO - 24/06/25 13:05:21 INFO BlockManagerInfo: Added broadcast_13_piece0 in memory on e32126fe0c41:32939 (size: 9.4 KiB, free: 1048.7 MiB)
[2024-06-25T13:05:21.475+0000] {spark_submit.py:571} INFO - 24/06/25 13:05:21 INFO SparkContext: Created broadcast 13 from broadcast at DAGScheduler.scala:1585
[2024-06-25T13:05:21.476+0000] {spark_submit.py:571} INFO - 24/06/25 13:05:21 INFO DAGScheduler: Submitting 1 missing tasks from ShuffleMapStage 20 (MapPartitionsRDD[34] at toPandas at /opt/***/spark/jobs/top_selling_category.py:69) (first 15 tasks are for partitions Vector(0))
[2024-06-25T13:05:21.476+0000] {spark_submit.py:571} INFO - 24/06/25 13:05:21 INFO TaskSchedulerImpl: Adding task set 20.0 with 1 tasks resource profile 0
[2024-06-25T13:05:21.481+0000] {spark_submit.py:571} INFO - 24/06/25 13:05:21 INFO TaskSetManager: Starting task 0.0 in stage 20.0 (TID 10) (172.20.0.8, executor 1, partition 0, NODE_LOCAL, 7807 bytes)
[2024-06-25T13:05:21.498+0000] {spark_submit.py:571} INFO - 24/06/25 13:05:21 INFO BlockManagerInfo: Added broadcast_13_piece0 in memory on 172.20.0.8:44667 (size: 9.4 KiB, free: 1048.8 MiB)
[2024-06-25T13:05:21.542+0000] {spark_submit.py:571} INFO - 24/06/25 13:05:21 INFO TaskSetManager: Finished task 0.0 in stage 20.0 (TID 10) in 62 ms on 172.20.0.8 (executor 1) (1/1)
[2024-06-25T13:05:21.543+0000] {spark_submit.py:571} INFO - 24/06/25 13:05:21 INFO TaskSchedulerImpl: Removed TaskSet 20.0, whose tasks have all completed, from pool
[2024-06-25T13:05:21.544+0000] {spark_submit.py:571} INFO - 24/06/25 13:05:21 INFO DAGScheduler: ShuffleMapStage 20 (toPandas at /opt/***/spark/jobs/top_selling_category.py:69) finished in 0.090 s
[2024-06-25T13:05:21.544+0000] {spark_submit.py:571} INFO - 24/06/25 13:05:21 INFO DAGScheduler: looking for newly runnable stages
[2024-06-25T13:05:21.544+0000] {spark_submit.py:571} INFO - 24/06/25 13:05:21 INFO DAGScheduler: running: Set()
[2024-06-25T13:05:21.545+0000] {spark_submit.py:571} INFO - 24/06/25 13:05:21 INFO DAGScheduler: waiting: Set()
[2024-06-25T13:05:21.545+0000] {spark_submit.py:571} INFO - 24/06/25 13:05:21 INFO DAGScheduler: failed: Set()
[2024-06-25T13:05:21.551+0000] {spark_submit.py:571} INFO - 24/06/25 13:05:21 INFO ShufflePartitionsUtil: For shuffle(6), advisory target size: 67108864, actual target size 1048576, minimum partition size: 1048576
[2024-06-25T13:05:21.571+0000] {spark_submit.py:571} INFO - 24/06/25 13:05:21 INFO CodeGenerator: Code generated in 7.30125 ms
[2024-06-25T13:05:21.590+0000] {spark_submit.py:571} INFO - 24/06/25 13:05:21 INFO SparkContext: Starting job: toPandas at /opt/***/spark/jobs/top_selling_category.py:69
[2024-06-25T13:05:21.592+0000] {spark_submit.py:571} INFO - 24/06/25 13:05:21 INFO DAGScheduler: Got job 11 (toPandas at /opt/***/spark/jobs/top_selling_category.py:69) with 1 output partitions
[2024-06-25T13:05:21.592+0000] {spark_submit.py:571} INFO - 24/06/25 13:05:21 INFO DAGScheduler: Final stage: ResultStage 23 (toPandas at /opt/***/spark/jobs/top_selling_category.py:69)
[2024-06-25T13:05:21.592+0000] {spark_submit.py:571} INFO - 24/06/25 13:05:21 INFO DAGScheduler: Parents of final stage: List(ShuffleMapStage 22)
[2024-06-25T13:05:21.592+0000] {spark_submit.py:571} INFO - 24/06/25 13:05:21 INFO DAGScheduler: Missing parents: List()
[2024-06-25T13:05:21.593+0000] {spark_submit.py:571} INFO - 24/06/25 13:05:21 INFO DAGScheduler: Submitting ResultStage 23 (MapPartitionsRDD[37] at toPandas at /opt/***/spark/jobs/top_selling_category.py:69), which has no missing parents
[2024-06-25T13:05:21.605+0000] {spark_submit.py:571} INFO - 24/06/25 13:05:21 INFO MemoryStore: Block broadcast_14 stored as values in memory (estimated size 79.9 KiB, free 1048.6 MiB)
[2024-06-25T13:05:21.607+0000] {spark_submit.py:571} INFO - 24/06/25 13:05:21 INFO MemoryStore: Block broadcast_14_piece0 stored as bytes in memory (estimated size 34.5 KiB, free 1048.6 MiB)
[2024-06-25T13:05:21.607+0000] {spark_submit.py:571} INFO - 24/06/25 13:05:21 INFO BlockManagerInfo: Added broadcast_14_piece0 in memory on e32126fe0c41:32939 (size: 34.5 KiB, free: 1048.7 MiB)
[2024-06-25T13:05:21.608+0000] {spark_submit.py:571} INFO - 24/06/25 13:05:21 INFO SparkContext: Created broadcast 14 from broadcast at DAGScheduler.scala:1585
[2024-06-25T13:05:21.608+0000] {spark_submit.py:571} INFO - 24/06/25 13:05:21 INFO DAGScheduler: Submitting 1 missing tasks from ResultStage 23 (MapPartitionsRDD[37] at toPandas at /opt/***/spark/jobs/top_selling_category.py:69) (first 15 tasks are for partitions Vector(0))
[2024-06-25T13:05:21.608+0000] {spark_submit.py:571} INFO - 24/06/25 13:05:21 INFO TaskSchedulerImpl: Adding task set 23.0 with 1 tasks resource profile 0
[2024-06-25T13:05:21.609+0000] {spark_submit.py:571} INFO - 24/06/25 13:05:21 INFO TaskSetManager: Starting task 0.0 in stage 23.0 (TID 11) (172.20.0.8, executor 1, partition 0, NODE_LOCAL, 7799 bytes)
[2024-06-25T13:05:21.620+0000] {spark_submit.py:571} INFO - 24/06/25 13:05:21 INFO BlockManagerInfo: Added broadcast_14_piece0 in memory on 172.20.0.8:44667 (size: 34.5 KiB, free: 1048.7 MiB)
[2024-06-25T13:05:21.736+0000] {spark_submit.py:571} INFO - 24/06/25 13:05:21 INFO MapOutputTrackerMasterEndpoint: Asked to send map output locations for shuffle 6 to 172.20.0.8:41926
[2024-06-25T13:05:21.833+0000] {spark_submit.py:571} INFO - 24/06/25 13:05:21 INFO TaskSetManager: Finished task 0.0 in stage 23.0 (TID 11) in 224 ms on 172.20.0.8 (executor 1) (1/1)
[2024-06-25T13:05:21.834+0000] {spark_submit.py:571} INFO - 24/06/25 13:05:21 INFO TaskSchedulerImpl: Removed TaskSet 23.0, whose tasks have all completed, from pool
[2024-06-25T13:05:21.839+0000] {spark_submit.py:571} INFO - 24/06/25 13:05:21 INFO DAGScheduler: ResultStage 23 (toPandas at /opt/***/spark/jobs/top_selling_category.py:69) finished in 0.242 s
[2024-06-25T13:05:21.840+0000] {spark_submit.py:571} INFO - 24/06/25 13:05:21 INFO DAGScheduler: Job 11 is finished. Cancelling potential speculative or zombie tasks for this job
[2024-06-25T13:05:21.841+0000] {spark_submit.py:571} INFO - 24/06/25 13:05:21 INFO TaskSchedulerImpl: Killing all running tasks in stage 23: Stage finished
[2024-06-25T13:05:21.841+0000] {spark_submit.py:571} INFO - 24/06/25 13:05:21 INFO DAGScheduler: Job 11 finished: toPandas at /opt/***/spark/jobs/top_selling_category.py:69, took 0.249324 s
[2024-06-25T13:05:21.959+0000] {spark_submit.py:571} INFO - Data successfully written to output/dm_supplier_monthly_revenue.csv
[2024-06-25T13:05:21.969+0000] {spark_submit.py:571} INFO - 24/06/25 13:05:21 INFO SparkContext: SparkContext is stopping with exitCode 0.
[2024-06-25T13:05:21.986+0000] {spark_submit.py:571} INFO - 24/06/25 13:05:21 INFO SparkUI: Stopped Spark web UI at http://e32126fe0c41:4040
[2024-06-25T13:05:21.999+0000] {spark_submit.py:571} INFO - 24/06/25 13:05:21 INFO StandaloneSchedulerBackend: Shutting down all executors
[2024-06-25T13:05:22.001+0000] {spark_submit.py:571} INFO - 24/06/25 13:05:22 INFO StandaloneSchedulerBackend$StandaloneDriverEndpoint: Asking each executor to shut down
[2024-06-25T13:05:22.042+0000] {spark_submit.py:571} INFO - 24/06/25 13:05:22 INFO MapOutputTrackerMasterEndpoint: MapOutputTrackerMasterEndpoint stopped!
[2024-06-25T13:05:22.115+0000] {spark_submit.py:571} INFO - 24/06/25 13:05:22 INFO MemoryStore: MemoryStore cleared
[2024-06-25T13:05:22.117+0000] {spark_submit.py:571} INFO - 24/06/25 13:05:22 INFO BlockManager: BlockManager stopped
[2024-06-25T13:05:22.135+0000] {spark_submit.py:571} INFO - 24/06/25 13:05:22 INFO BlockManagerMaster: BlockManagerMaster stopped
[2024-06-25T13:05:22.147+0000] {spark_submit.py:571} INFO - 24/06/25 13:05:22 INFO OutputCommitCoordinator$OutputCommitCoordinatorEndpoint: OutputCommitCoordinator stopped!
[2024-06-25T13:05:22.184+0000] {spark_submit.py:571} INFO - 24/06/25 13:05:22 INFO SparkContext: Successfully stopped SparkContext
[2024-06-25T13:05:22.745+0000] {spark_submit.py:571} INFO - 24/06/25 13:05:22 INFO ShutdownHookManager: Shutdown hook called
[2024-06-25T13:05:22.746+0000] {spark_submit.py:571} INFO - 24/06/25 13:05:22 INFO ShutdownHookManager: Deleting directory /tmp/spark-85552533-92a5-4217-9830-5e881a4d7a3d
[2024-06-25T13:05:22.750+0000] {spark_submit.py:571} INFO - 24/06/25 13:05:22 INFO ShutdownHookManager: Deleting directory /tmp/spark-85552533-92a5-4217-9830-5e881a4d7a3d/pyspark-23e1a87b-ccf8-44a3-8176-44b02175a5a5
[2024-06-25T13:05:22.752+0000] {spark_submit.py:571} INFO - 24/06/25 13:05:22 INFO ShutdownHookManager: Deleting directory /tmp/spark-b224c59f-fffe-470c-8ffe-dd71b5bc0606
[2024-06-25T13:05:22.833+0000] {taskinstance.py:1398} INFO - Marking task as SUCCESS. dag_id=spark_flow, task_id=spark.spark_transform.top_selling_category, execution_date=20240625T130307, start_date=20240625T130510, end_date=20240625T130522
[2024-06-25T13:05:22.868+0000] {local_task_job_runner.py:228} INFO - Task exited with return code 0
[2024-06-25T13:05:22.929+0000] {taskinstance.py:2776} INFO - 1 downstream tasks scheduled from follow-on schedule check
