[2024-06-25T13:04:24.917+0000] {taskinstance.py:1157} INFO - Dependencies all met for dep_context=non-requeueable deps ti=<TaskInstance: spark_flow.spark.spark_extract.extract_dim_employees_job manual__2024-06-25T13:03:07.481260+00:00 [queued]>
[2024-06-25T13:04:24.920+0000] {taskinstance.py:1157} INFO - Dependencies all met for dep_context=requeueable deps ti=<TaskInstance: spark_flow.spark.spark_extract.extract_dim_employees_job manual__2024-06-25T13:03:07.481260+00:00 [queued]>
[2024-06-25T13:04:24.921+0000] {taskinstance.py:1359} INFO - Starting attempt 1 of 1
[2024-06-25T13:04:24.926+0000] {taskinstance.py:1380} INFO - Executing <Task(SparkSubmitOperator): spark.spark_extract.extract_dim_employees_job> on 2024-06-25 13:03:07.481260+00:00
[2024-06-25T13:04:24.934+0000] {standard_task_runner.py:57} INFO - Started process 879 to run task
[2024-06-25T13:04:24.936+0000] {standard_task_runner.py:84} INFO - Running: ['***', 'tasks', 'run', 'spark_flow', 'spark.spark_extract.extract_dim_employees_job', 'manual__2024-06-25T13:03:07.481260+00:00', '--job-id', '21', '--raw', '--subdir', 'DAGS_FOLDER/spark_***.py', '--cfg-path', '/tmp/tmpr5r83rzi']
[2024-06-25T13:04:24.939+0000] {standard_task_runner.py:85} INFO - Job 21: Subtask spark.spark_extract.extract_dim_employees_job
[2024-06-25T13:04:24.988+0000] {task_command.py:415} INFO - Running <TaskInstance: spark_flow.spark.spark_extract.extract_dim_employees_job manual__2024-06-25T13:03:07.481260+00:00 [running]> on host e32126fe0c41
[2024-06-25T13:04:25.030+0000] {taskinstance.py:1660} INFO - Exporting env vars: AIRFLOW_CTX_DAG_OWNER='Maulana Ahmad Maliki' AIRFLOW_CTX_DAG_ID='spark_flow' AIRFLOW_CTX_TASK_ID='spark.spark_extract.extract_dim_employees_job' AIRFLOW_CTX_EXECUTION_DATE='2024-06-25T13:03:07.481260+00:00' AIRFLOW_CTX_TRY_NUMBER='1' AIRFLOW_CTX_DAG_RUN_ID='manual__2024-06-25T13:03:07.481260+00:00'
[2024-06-25T13:04:25.036+0000] {base.py:73} INFO - Using connection ID 'spark-conn' for task execution.
[2024-06-25T13:04:25.037+0000] {spark_submit.py:401} INFO - Spark-Submit cmd: spark-submit --master spark://spark-master:7077 --driver-class-path spark/resources/jars/postgresql-42.7.3.jar --jars spark/resources/jars/postgresql-42.7.3.jar --total-executor-cores 4 --executor-cores 2 --executor-memory 2g --driver-memory 1g --name arrow-spark --deploy-mode client spark/jobs/extract.py jdbc:postgresql://postgres-staging:5432/staging_db admin admin employees dim_employees
[2024-06-25T13:04:25.101+0000] {spark_submit.py:571} INFO - /home/***/.local/lib/python3.11/site-packages/pyspark/bin/load-spark-env.sh: line 68: ps: command not found
[2024-06-25T13:04:26.117+0000] {spark_submit.py:571} INFO - 24/06/25 13:04:26 WARN NativeCodeLoader: Unable to load native-hadoop library for your platform... using builtin-java classes where applicable
[2024-06-25T13:04:26.851+0000] {spark_submit.py:571} INFO - 24/06/25 13:04:26 INFO SparkContext: Running Spark version 3.5.1
[2024-06-25T13:04:26.853+0000] {spark_submit.py:571} INFO - 24/06/25 13:04:26 INFO SparkContext: OS info Linux, 6.4.16-linuxkit, aarch64
[2024-06-25T13:04:26.853+0000] {spark_submit.py:571} INFO - 24/06/25 13:04:26 INFO SparkContext: Java version 11.0.23
[2024-06-25T13:04:26.875+0000] {spark_submit.py:571} INFO - 24/06/25 13:04:26 INFO ResourceUtils: ==============================================================
[2024-06-25T13:04:26.875+0000] {spark_submit.py:571} INFO - 24/06/25 13:04:26 INFO ResourceUtils: No custom resources configured for spark.driver.
[2024-06-25T13:04:26.876+0000] {spark_submit.py:571} INFO - 24/06/25 13:04:26 INFO ResourceUtils: ==============================================================
[2024-06-25T13:04:26.876+0000] {spark_submit.py:571} INFO - 24/06/25 13:04:26 INFO SparkContext: Submitted application: PostgreSQL to PySpark employees
[2024-06-25T13:04:26.886+0000] {spark_submit.py:571} INFO - 24/06/25 13:04:26 INFO ResourceProfile: Default ResourceProfile created, executor resources: Map(cores -> name: cores, amount: 2, script: , vendor: , memory -> name: memory, amount: 2048, script: , vendor: , offHeap -> name: offHeap, amount: 0, script: , vendor: ), task resources: Map(cpus -> name: cpus, amount: 1.0)
[2024-06-25T13:04:26.894+0000] {spark_submit.py:571} INFO - 24/06/25 13:04:26 INFO ResourceProfile: Limiting resource is cpus at 2 tasks per executor
[2024-06-25T13:04:26.895+0000] {spark_submit.py:571} INFO - 24/06/25 13:04:26 INFO ResourceProfileManager: Added ResourceProfile id: 0
[2024-06-25T13:04:26.933+0000] {spark_submit.py:571} INFO - 24/06/25 13:04:26 INFO SecurityManager: Changing view acls to: ***
[2024-06-25T13:04:26.934+0000] {spark_submit.py:571} INFO - 24/06/25 13:04:26 INFO SecurityManager: Changing modify acls to: ***
[2024-06-25T13:04:26.934+0000] {spark_submit.py:571} INFO - 24/06/25 13:04:26 INFO SecurityManager: Changing view acls groups to:
[2024-06-25T13:04:26.934+0000] {spark_submit.py:571} INFO - 24/06/25 13:04:26 INFO SecurityManager: Changing modify acls groups to:
[2024-06-25T13:04:26.934+0000] {spark_submit.py:571} INFO - 24/06/25 13:04:26 INFO SecurityManager: SecurityManager: authentication disabled; ui acls disabled; users with view permissions: ***; groups with view permissions: EMPTY; users with modify permissions: ***; groups with modify permissions: EMPTY
[2024-06-25T13:04:27.042+0000] {spark_submit.py:571} INFO - 24/06/25 13:04:27 INFO Utils: Successfully started service 'sparkDriver' on port 36173.
[2024-06-25T13:04:27.069+0000] {spark_submit.py:571} INFO - 24/06/25 13:04:27 INFO SparkEnv: Registering MapOutputTracker
[2024-06-25T13:04:27.089+0000] {spark_submit.py:571} INFO - 24/06/25 13:04:27 INFO SparkEnv: Registering BlockManagerMaster
[2024-06-25T13:04:27.100+0000] {spark_submit.py:571} INFO - 24/06/25 13:04:27 INFO BlockManagerMasterEndpoint: Using org.apache.spark.storage.DefaultTopologyMapper for getting topology information
[2024-06-25T13:04:27.100+0000] {spark_submit.py:571} INFO - 24/06/25 13:04:27 INFO BlockManagerMasterEndpoint: BlockManagerMasterEndpoint up
[2024-06-25T13:04:27.103+0000] {spark_submit.py:571} INFO - 24/06/25 13:04:27 INFO SparkEnv: Registering BlockManagerMasterHeartbeat
[2024-06-25T13:04:27.115+0000] {spark_submit.py:571} INFO - 24/06/25 13:04:27 INFO DiskBlockManager: Created local directory at /tmp/blockmgr-1bf4255e-1acb-4f6f-8c76-6de62ada2cfa
[2024-06-25T13:04:27.123+0000] {spark_submit.py:571} INFO - 24/06/25 13:04:27 INFO MemoryStore: MemoryStore started with capacity 434.4 MiB
[2024-06-25T13:04:27.134+0000] {spark_submit.py:571} INFO - 24/06/25 13:04:27 INFO SparkEnv: Registering OutputCommitCoordinator
[2024-06-25T13:04:27.196+0000] {spark_submit.py:571} INFO - 24/06/25 13:04:27 INFO JettyUtils: Start Jetty 0.0.0.0:4040 for SparkUI
[2024-06-25T13:04:27.254+0000] {spark_submit.py:571} INFO - 24/06/25 13:04:27 INFO Utils: Successfully started service 'SparkUI' on port 4040.
[2024-06-25T13:04:27.273+0000] {spark_submit.py:571} INFO - 24/06/25 13:04:27 INFO SparkContext: Added JAR file:///opt/***/spark/resources/jars/postgresql-42.7.3.jar at spark://e32126fe0c41:36173/jars/postgresql-42.7.3.jar with timestamp 1719320666845
[2024-06-25T13:04:27.323+0000] {spark_submit.py:571} INFO - 24/06/25 13:04:27 INFO StandaloneAppClient$ClientEndpoint: Connecting to master spark://spark-master:7077...
[2024-06-25T13:04:27.349+0000] {spark_submit.py:571} INFO - 24/06/25 13:04:27 INFO TransportClientFactory: Successfully created connection to spark-master/172.20.0.4:7077 after 13 ms (0 ms spent in bootstraps)
[2024-06-25T13:04:27.434+0000] {spark_submit.py:571} INFO - 24/06/25 13:04:27 INFO StandaloneSchedulerBackend: Connected to Spark cluster with app ID app-20240625130427-0003
[2024-06-25T13:04:27.450+0000] {spark_submit.py:571} INFO - 24/06/25 13:04:27 INFO Utils: Successfully started service 'org.apache.spark.network.netty.NettyBlockTransferService' on port 37385.
[2024-06-25T13:04:27.452+0000] {spark_submit.py:571} INFO - 24/06/25 13:04:27 INFO NettyBlockTransferService: Server created on e32126fe0c41:37385
[2024-06-25T13:04:27.453+0000] {spark_submit.py:571} INFO - 24/06/25 13:04:27 INFO StandaloneAppClient$ClientEndpoint: Executor added: app-20240625130427-0003/0 on worker-20240625125946-172.20.0.9-40571 (172.20.0.9:40571) with 2 core(s)
[2024-06-25T13:04:27.454+0000] {spark_submit.py:571} INFO - 24/06/25 13:04:27 INFO BlockManager: Using org.apache.spark.storage.RandomBlockReplicationPolicy for block replication policy
[2024-06-25T13:04:27.455+0000] {spark_submit.py:571} INFO - 24/06/25 13:04:27 INFO StandaloneSchedulerBackend: Granted executor ID app-20240625130427-0003/0 on hostPort 172.20.0.9:40571 with 2 core(s), 2.0 GiB RAM
[2024-06-25T13:04:27.455+0000] {spark_submit.py:571} INFO - 24/06/25 13:04:27 INFO StandaloneAppClient$ClientEndpoint: Executor added: app-20240625130427-0003/1 on worker-20240625125945-172.20.0.8-41453 (172.20.0.8:41453) with 2 core(s)
[2024-06-25T13:04:27.456+0000] {spark_submit.py:571} INFO - 24/06/25 13:04:27 INFO StandaloneSchedulerBackend: Granted executor ID app-20240625130427-0003/1 on hostPort 172.20.0.8:41453 with 2 core(s), 2.0 GiB RAM
[2024-06-25T13:04:27.460+0000] {spark_submit.py:571} INFO - 24/06/25 13:04:27 INFO BlockManagerMaster: Registering BlockManager BlockManagerId(driver, e32126fe0c41, 37385, None)
[2024-06-25T13:04:27.463+0000] {spark_submit.py:571} INFO - 24/06/25 13:04:27 INFO BlockManagerMasterEndpoint: Registering block manager e32126fe0c41:37385 with 434.4 MiB RAM, BlockManagerId(driver, e32126fe0c41, 37385, None)
[2024-06-25T13:04:27.465+0000] {spark_submit.py:571} INFO - 24/06/25 13:04:27 INFO BlockManagerMaster: Registered BlockManager BlockManagerId(driver, e32126fe0c41, 37385, None)
[2024-06-25T13:04:27.466+0000] {spark_submit.py:571} INFO - 24/06/25 13:04:27 INFO BlockManager: Initialized BlockManager: BlockManagerId(driver, e32126fe0c41, 37385, None)
[2024-06-25T13:04:27.617+0000] {spark_submit.py:571} INFO - 24/06/25 13:04:27 INFO StandaloneAppClient$ClientEndpoint: Executor updated: app-20240625130427-0003/1 is now RUNNING
[2024-06-25T13:04:27.619+0000] {spark_submit.py:571} INFO - 24/06/25 13:04:27 INFO StandaloneAppClient$ClientEndpoint: Executor updated: app-20240625130427-0003/0 is now RUNNING
[2024-06-25T13:04:27.851+0000] {spark_submit.py:571} INFO - 24/06/25 13:04:27 INFO StandaloneSchedulerBackend: SchedulerBackend is ready for scheduling beginning after reached minRegisteredResourcesRatio: 0.0
[2024-06-25T13:04:28.063+0000] {spark_submit.py:571} INFO - 24/06/25 13:04:28 INFO SharedState: Setting hive.metastore.warehouse.dir ('null') to the value of spark.sql.warehouse.dir.
[2024-06-25T13:04:28.069+0000] {spark_submit.py:571} INFO - 24/06/25 13:04:28 INFO SharedState: Warehouse path is 'file:/opt/***/spark-warehouse'.
[2024-06-25T13:04:30.309+0000] {spark_submit.py:571} INFO - 24/06/25 13:04:30 INFO StandaloneSchedulerBackend$StandaloneDriverEndpoint: Registered executor NettyRpcEndpointRef(spark-client://Executor) (172.20.0.8:42174) with ID 1,  ResourceProfileId 0
[2024-06-25T13:04:30.351+0000] {spark_submit.py:571} INFO - 24/06/25 13:04:30 INFO StandaloneSchedulerBackend$StandaloneDriverEndpoint: Registered executor NettyRpcEndpointRef(spark-client://Executor) (172.20.0.9:34614) with ID 0,  ResourceProfileId 0
[2024-06-25T13:04:30.430+0000] {spark_submit.py:571} INFO - 24/06/25 13:04:30 INFO BlockManagerMasterEndpoint: Registering block manager 172.20.0.8:35697 with 1048.8 MiB RAM, BlockManagerId(1, 172.20.0.8, 35697, None)
[2024-06-25T13:04:30.433+0000] {spark_submit.py:571} INFO - 24/06/25 13:04:30 INFO BlockManagerMasterEndpoint: Registering block manager 172.20.0.9:36433 with 1048.8 MiB RAM, BlockManagerId(0, 172.20.0.9, 36433, None)
[2024-06-25T13:04:31.504+0000] {spark_submit.py:571} INFO - 24/06/25 13:04:31 INFO CodeGenerator: Code generated in 137.931417 ms
[2024-06-25T13:04:31.570+0000] {spark_submit.py:571} INFO - 24/06/25 13:04:31 INFO SparkContext: Starting job: toPandas at /opt/***/spark/jobs/extract.py:19
[2024-06-25T13:04:31.577+0000] {spark_submit.py:571} INFO - 24/06/25 13:04:31 INFO DAGScheduler: Got job 0 (toPandas at /opt/***/spark/jobs/extract.py:19) with 1 output partitions
[2024-06-25T13:04:31.578+0000] {spark_submit.py:571} INFO - 24/06/25 13:04:31 INFO DAGScheduler: Final stage: ResultStage 0 (toPandas at /opt/***/spark/jobs/extract.py:19)
[2024-06-25T13:04:31.578+0000] {spark_submit.py:571} INFO - 24/06/25 13:04:31 INFO DAGScheduler: Parents of final stage: List()
[2024-06-25T13:04:31.578+0000] {spark_submit.py:571} INFO - 24/06/25 13:04:31 INFO DAGScheduler: Missing parents: List()
[2024-06-25T13:04:31.580+0000] {spark_submit.py:571} INFO - 24/06/25 13:04:31 INFO DAGScheduler: Submitting ResultStage 0 (MapPartitionsRDD[2] at toPandas at /opt/***/spark/jobs/extract.py:19), which has no missing parents
[2024-06-25T13:04:31.622+0000] {spark_submit.py:571} INFO - 24/06/25 13:04:31 INFO MemoryStore: Block broadcast_0 stored as values in memory (estimated size 16.6 KiB, free 434.4 MiB)
[2024-06-25T13:04:31.646+0000] {spark_submit.py:571} INFO - 24/06/25 13:04:31 INFO MemoryStore: Block broadcast_0_piece0 stored as bytes in memory (estimated size 7.0 KiB, free 434.4 MiB)
[2024-06-25T13:04:31.647+0000] {spark_submit.py:571} INFO - 24/06/25 13:04:31 INFO BlockManagerInfo: Added broadcast_0_piece0 in memory on e32126fe0c41:37385 (size: 7.0 KiB, free: 434.4 MiB)
[2024-06-25T13:04:31.649+0000] {spark_submit.py:571} INFO - 24/06/25 13:04:31 INFO SparkContext: Created broadcast 0 from broadcast at DAGScheduler.scala:1585
[2024-06-25T13:04:31.657+0000] {spark_submit.py:571} INFO - 24/06/25 13:04:31 INFO DAGScheduler: Submitting 1 missing tasks from ResultStage 0 (MapPartitionsRDD[2] at toPandas at /opt/***/spark/jobs/extract.py:19) (first 15 tasks are for partitions Vector(0))
[2024-06-25T13:04:31.658+0000] {spark_submit.py:571} INFO - 24/06/25 13:04:31 INFO TaskSchedulerImpl: Adding task set 0.0 with 1 tasks resource profile 0
[2024-06-25T13:04:31.671+0000] {spark_submit.py:571} INFO - 24/06/25 13:04:31 INFO TaskSetManager: Starting task 0.0 in stage 0.0 (TID 0) (172.20.0.8, executor 1, partition 0, PROCESS_LOCAL, 7645 bytes)
[2024-06-25T13:04:31.854+0000] {spark_submit.py:571} INFO - 24/06/25 13:04:31 INFO BlockManagerInfo: Added broadcast_0_piece0 in memory on 172.20.0.8:35697 (size: 7.0 KiB, free: 1048.8 MiB)
[2024-06-25T13:04:32.572+0000] {spark_submit.py:571} INFO - 24/06/25 13:04:32 INFO TaskSetManager: Finished task 0.0 in stage 0.0 (TID 0) in 899 ms on 172.20.0.8 (executor 1) (1/1)
[2024-06-25T13:04:32.575+0000] {spark_submit.py:571} INFO - 24/06/25 13:04:32 INFO TaskSchedulerImpl: Removed TaskSet 0.0, whose tasks have all completed, from pool
[2024-06-25T13:04:32.580+0000] {spark_submit.py:571} INFO - 24/06/25 13:04:32 INFO DAGScheduler: ResultStage 0 (toPandas at /opt/***/spark/jobs/extract.py:19) finished in 0.994 s
[2024-06-25T13:04:32.582+0000] {spark_submit.py:571} INFO - 24/06/25 13:04:32 INFO DAGScheduler: Job 0 is finished. Cancelling potential speculative or zombie tasks for this job
[2024-06-25T13:04:32.583+0000] {spark_submit.py:571} INFO - 24/06/25 13:04:32 INFO TaskSchedulerImpl: Killing all running tasks in stage 0: Stage finished
[2024-06-25T13:04:32.584+0000] {spark_submit.py:571} INFO - 24/06/25 13:04:32 INFO DAGScheduler: Job 0 finished: toPandas at /opt/***/spark/jobs/extract.py:19, took 1.013917 s
[2024-06-25T13:04:32.675+0000] {spark_submit.py:571} INFO - 24/06/25 13:04:32 INFO SparkContext: SparkContext is stopping with exitCode 0.
[2024-06-25T13:04:32.686+0000] {spark_submit.py:571} INFO - 24/06/25 13:04:32 INFO SparkUI: Stopped Spark web UI at http://e32126fe0c41:4040
[2024-06-25T13:04:32.697+0000] {spark_submit.py:571} INFO - 24/06/25 13:04:32 INFO StandaloneSchedulerBackend: Shutting down all executors
[2024-06-25T13:04:32.698+0000] {spark_submit.py:571} INFO - 24/06/25 13:04:32 INFO StandaloneSchedulerBackend$StandaloneDriverEndpoint: Asking each executor to shut down
[2024-06-25T13:04:32.732+0000] {spark_submit.py:571} INFO - 24/06/25 13:04:32 INFO MapOutputTrackerMasterEndpoint: MapOutputTrackerMasterEndpoint stopped!
[2024-06-25T13:04:32.898+0000] {spark_submit.py:571} INFO - 24/06/25 13:04:32 INFO MemoryStore: MemoryStore cleared
[2024-06-25T13:04:32.900+0000] {spark_submit.py:571} INFO - 24/06/25 13:04:32 INFO BlockManager: BlockManager stopped
[2024-06-25T13:04:32.922+0000] {spark_submit.py:571} INFO - 24/06/25 13:04:32 INFO BlockManagerMaster: BlockManagerMaster stopped
[2024-06-25T13:04:32.927+0000] {spark_submit.py:571} INFO - 24/06/25 13:04:32 INFO OutputCommitCoordinator$OutputCommitCoordinatorEndpoint: OutputCommitCoordinator stopped!
[2024-06-25T13:04:32.945+0000] {spark_submit.py:571} INFO - 24/06/25 13:04:32 INFO SparkContext: Successfully stopped SparkContext
[2024-06-25T13:04:33.472+0000] {spark_submit.py:571} INFO - Data successfully written to output/dim_employees.csv
[2024-06-25T13:04:33.627+0000] {spark_submit.py:571} INFO - 24/06/25 13:04:33 INFO ShutdownHookManager: Shutdown hook called
[2024-06-25T13:04:33.628+0000] {spark_submit.py:571} INFO - 24/06/25 13:04:33 INFO ShutdownHookManager: Deleting directory /tmp/spark-2eaa99a5-e3d6-4c11-902e-c3894875a501
[2024-06-25T13:04:33.635+0000] {spark_submit.py:571} INFO - 24/06/25 13:04:33 INFO ShutdownHookManager: Deleting directory /tmp/spark-cd4c6dad-d901-432d-9854-ae0621bcc0e2/pyspark-77c2439b-8477-4daa-b45a-33fe3a4bac44
[2024-06-25T13:04:33.639+0000] {spark_submit.py:571} INFO - 24/06/25 13:04:33 INFO ShutdownHookManager: Deleting directory /tmp/spark-cd4c6dad-d901-432d-9854-ae0621bcc0e2
[2024-06-25T13:04:33.736+0000] {taskinstance.py:1398} INFO - Marking task as SUCCESS. dag_id=spark_flow, task_id=spark.spark_extract.extract_dim_employees_job, execution_date=20240625T130307, start_date=20240625T130424, end_date=20240625T130433
[2024-06-25T13:04:33.798+0000] {local_task_job_runner.py:228} INFO - Task exited with return code 0
[2024-06-25T13:04:33.856+0000] {taskinstance.py:2776} INFO - 1 downstream tasks scheduled from follow-on schedule check
